Release 14.6 - xst P.68d (nt64)
Copyright (c) 1995-2013 Xilinx, Inc.  All rights reserved.
--> Parameter TMPDIR set to xst/projnav.tmp


Total REAL time to Xst completion: 8.00 secs
Total CPU time to Xst completion: 7.56 secs
 
--> Parameter xsthdpdir set to xst


Total REAL time to Xst completion: 8.00 secs
Total CPU time to Xst completion: 7.57 secs
 
--> Reading design: uart.prj

TABLE OF CONTENTS
  1) Synthesis Options Summary
  2) HDL Compilation
  3) Design Hierarchy Analysis
  4) HDL Analysis
  5) HDL Synthesis
     5.1) HDL Synthesis Report
  6) Advanced HDL Synthesis
     6.1) Advanced HDL Synthesis Report
  7) Low Level Synthesis
  8) Partition Report
  9) Final Report
	9.1) Device utilization summary
	9.2) Partition Resource Summary
	9.3) TIMING REPORT


=========================================================================
*                      Synthesis Options Summary                        *
=========================================================================
---- Source Parameters
Input File Name                    : "uart.prj"
Input Format                       : mixed
Ignore Synthesis Constraint File   : NO

---- Target Parameters
Output File Name                   : "uart"
Output Format                      : NGC
Target Device                      : xc3s100e-5-cp132

---- Source Options
Top Module Name                    : uart
Automatic FSM Extraction           : YES
FSM Encoding Algorithm             : Auto
Safe Implementation                : No
FSM Style                          : LUT
RAM Extraction                     : Yes
RAM Style                          : Auto
ROM Extraction                     : Yes
Mux Style                          : Auto
Decoder Extraction                 : YES
Priority Encoder Extraction        : Yes
Shift Register Extraction          : YES
Logical Shifter Extraction         : YES
XOR Collapsing                     : YES
ROM Style                          : Auto
Mux Extraction                     : Yes
Resource Sharing                   : YES
Asynchronous To Synchronous        : NO
Multiplier Style                   : Auto
Automatic Register Balancing       : No

---- Target Options
Add IO Buffers                     : YES
Global Maximum Fanout              : 100000
Add Generic Clock Buffer(BUFG)     : 24
Register Duplication               : YES
Slice Packing                      : YES
Optimize Instantiated Primitives   : NO
Use Clock Enable                   : Yes
Use Synchronous Set                : Yes
Use Synchronous Reset              : Yes
Pack IO Registers into IOBs        : Auto
Equivalent register Removal        : YES

---- General Options
Optimization Goal                  : Speed
Optimization Effort                : 1
Keep Hierarchy                     : No
Netlist Hierarchy                  : As_Optimized
RTL Output                         : Yes
Global Optimization                : AllClockNets
Read Cores                         : YES
Write Timing Constraints           : NO
Cross Clock Analysis               : NO
Hierarchy Separator                : /
Bus Delimiter                      : <>
Case Specifier                     : Maintain
Slice Utilization Ratio            : 100
BRAM Utilization Ratio             : 100
Verilog 2001                       : YES
Auto BRAM Packing                  : NO
Slice Utilization Ratio Delta      : 5

=========================================================================


=========================================================================
*                          HDL Compilation                              *
=========================================================================
Compiling verilog file "uart_tx.v" in library work
Compiling verilog file "uart_rx.v" in library work
Module <uart_tx> compiled
Compiling verilog file "mod_m_counter.v" in library work
Module <uart_rx> compiled
Compiling verilog file "fifo.v" in library work
Module <mod_m_counter> compiled
Compiling verilog file "uart.v" in library work
Module <fifo> compiled
Module <uart> compiled
No errors in compilation
Analysis of file <"uart.prj"> succeeded.
 

=========================================================================
*                     Design Hierarchy Analysis                         *
=========================================================================
Analyzing hierarchy for module <uart> in library <work> with parameters.
	DBIT = "00000000000000000000000000001000"
	DVSR = "00000000000000000000000101000110"
	DVSR_BIT = "00000000000000000000000000001001"
	FIFO_W = "00000000000000000000000000000010"
	SB_TICK = "00000000000000000000000000010000"

Analyzing hierarchy for module <mod_m_counter> in library <work> with parameters.
	M = "00000000000000000000000101000110"
	N = "00000000000000000000000000001001"

Analyzing hierarchy for module <uart_rx> in library <work> with parameters.
	DBIT = "00000000000000000000000000001000"
	SB_TICK = "00000000000000000000000000010000"
	data = "10"
	idle = "00"
	start = "01"
	stop = "11"

Analyzing hierarchy for module <fifo> in library <work> with parameters.
	B = "00000000000000000000000000001000"
	W = "00000000000000000000000000000010"

Analyzing hierarchy for module <uart_tx> in library <work> with parameters.
	DBIT = "00000000000000000000000000001000"
	SB_TICK = "00000000000000000000000000010000"
	data = "10"
	idle = "00"
	start = "01"
	stop = "11"


=========================================================================
*                            HDL Analysis                               *
=========================================================================
Analyzing top module <uart>.
	DBIT = 32'sb00000000000000000000000000001000
	DVSR = 32'sb00000000000000000000000101000110
	DVSR_BIT = 32'sb00000000000000000000000000001001
	FIFO_W = 32'sb00000000000000000000000000000010
	SB_TICK = 32'sb00000000000000000000000000010000
Module <uart> is correct for synthesis.
 
Analyzing module <mod_m_counter> in library <work>.
	M = 32'sb00000000000000000000000101000110
	N = 32'sb00000000000000000000000000001001
Module <mod_m_counter> is correct for synthesis.
 
Analyzing module <uart_rx> in library <work>.
	DBIT = 32'sb00000000000000000000000000001000
	SB_TICK = 32'sb00000000000000000000000000010000
	data = 2'b10
	idle = 2'b00
	start = 2'b01
	stop = 2'b11
Module <uart_rx> is correct for synthesis.
 
Analyzing module <fifo> in library <work>.
	B = 32'sb00000000000000000000000000001000
	W = 32'sb00000000000000000000000000000010
Module <fifo> is correct for synthesis.
 
Analyzing module <uart_tx> in library <work>.
	DBIT = 32'sb00000000000000000000000000001000
	SB_TICK = 32'sb00000000000000000000000000010000
	data = 2'b10
	idle = 2'b00
	start = 2'b01
	stop = 2'b11
Module <uart_tx> is correct for synthesis.
 

=========================================================================
*                           HDL Synthesis                               *
=========================================================================

Performing bidirectional port resolution...

Synthesizing Unit <mod_m_counter>.
    Related source file is "mod_m_counter.v".
    Found 9-bit adder for signal <r_next$addsub0000> created at line 43.
    Found 9-bit register for signal <r_reg>.
    Summary:
	inferred   9 D-type flip-flop(s).
	inferred   1 Adder/Subtractor(s).
Unit <mod_m_counter> synthesized.


Synthesizing Unit <uart_rx>.
    Related source file is "uart_rx.v".
INFO:Xst:2117 - HDL ADVISOR - Mux Selector <state_reg> of Case statement line 74 was re-encoded using one-hot encoding. The case statement will be optimized (default statement optimization), but this optimization may lead to design initialization problems. To ensure the design works safely, you can:
   	- add an 'INIT' attribute on signal <state_reg> (optimization is then done without any risk)
   	- use the attribute 'signal_encoding user' to avoid onehot optimization
   	- use the attribute 'safe_implementation yes' to force XST to perform a safe (but less efficient) optimization
    Found finite state machine <FSM_0> for signal <state_reg>.
    -----------------------------------------------------------------------
    | States             | 4                                              |
    | Transitions        | 12                                             |
    | Inputs             | 5                                              |
    | Outputs            | 4                                              |
    | Clock              | clk                       (rising_edge)        |
    | Reset              | reset                     (positive)           |
    | Reset type         | asynchronous                                   |
    | Reset State        | 00                                             |
    | Encoding           | automatic                                      |
    | Implementation     | LUT                                            |
    -----------------------------------------------------------------------
    Found 8-bit register for signal <b_reg>.
    Found 3-bit adder for signal <n_next$addsub0000> created at line 102.
    Found 3-bit register for signal <n_reg>.
    Found 4-bit adder for signal <s_next$share0000> created at line 74.
    Found 4-bit register for signal <s_reg>.
    Summary:
	inferred   1 Finite State Machine(s).
	inferred  15 D-type flip-flop(s).
	inferred   2 Adder/Subtractor(s).
Unit <uart_rx> synthesized.


Synthesizing Unit <fifo>.
    Related source file is "fifo.v".
WARNING:Xst:646 - Signal <w_ptr_succ> is assigned but never used. This unconnected signal will be trimmed during the optimization process.
WARNING:Xst:646 - Signal <r_ptr_succ> is assigned but never used. This unconnected signal will be trimmed during the optimization process.
    Found 4x8-bit dual-port RAM <Mram_array_reg> for signal <array_reg>.
    Found 1-bit 4-to-1 multiplexer for signal <empty_next>.
    Found 2-bit comparator equal for signal <empty_next$cmp_eq0000> created at line 88.
    Found 1-bit register for signal <empty_reg>.
    Found 1-bit 4-to-1 multiplexer for signal <full_next>.
    Found 2-bit comparator equal for signal <full_next$cmp_eq0000> created at line 98.
    Found 1-bit register for signal <full_reg>.
    Found 2-bit register for signal <r_ptr_reg>.
    Found 2-bit register for signal <w_ptr_reg>.
    Summary:
	inferred   1 RAM(s).
	inferred   6 D-type flip-flop(s).
	inferred   2 Adder/Subtractor(s).
	inferred   2 Comparator(s).
	inferred   2 Multiplexer(s).
Unit <fifo> synthesized.


Synthesizing Unit <uart_tx>.
    Related source file is "uart_tx.v".
INFO:Xst:2117 - HDL ADVISOR - Mux Selector <state_reg> of Case statement line 79 was re-encoded using one-hot encoding. The case statement will be optimized (default statement optimization), but this optimization may lead to design initialization problems. To ensure the design works safely, you can:
   	- add an 'INIT' attribute on signal <state_reg> (optimization is then done without any risk)
   	- use the attribute 'signal_encoding user' to avoid onehot optimization
   	- use the attribute 'safe_implementation yes' to force XST to perform a safe (but less efficient) optimization
    Found finite state machine <FSM_1> for signal <state_reg>.
    -----------------------------------------------------------------------
    | States             | 4                                              |
    | Transitions        | 12                                             |
    | Inputs             | 4                                              |
    | Outputs            | 4                                              |
    | Clock              | clk                       (rising_edge)        |
    | Reset              | reset                     (positive)           |
    | Reset type         | asynchronous                                   |
    | Reset State        | 00                                             |
    | Encoding           | automatic                                      |
    | Implementation     | LUT                                            |
    -----------------------------------------------------------------------
    Found 8-bit register for signal <b_reg>.
    Found 3-bit adder for signal <n_next$addsub0000> created at line 111.
    Found 3-bit register for signal <n_reg>.
    Found 4-bit adder for signal <s_next$share0000> created at line 79.
    Found 4-bit register for signal <s_reg>.
    Found 1-bit register for signal <tx_reg>.
    Summary:
	inferred   1 Finite State Machine(s).
	inferred  16 D-type flip-flop(s).
	inferred   2 Adder/Subtractor(s).
Unit <uart_tx> synthesized.


Synthesizing Unit <uart>.
    Related source file is "uart.v".
Unit <uart> synthesized.

INFO:Xst:1767 - HDL ADVISOR - Resource sharing has identified that some arithmetic operations in this design can share the same physical resources for reduced device utilization. For improved clock frequency you may try to disable resource sharing.

=========================================================================
HDL Synthesis Report

Macro Statistics
# RAMs                                                 : 2
 4x8-bit dual-port RAM                                 : 2
# Adders/Subtractors                                   : 9
 2-bit adder                                           : 4
 3-bit adder                                           : 2
 4-bit adder                                           : 2
 9-bit adder                                           : 1
# Registers                                            : 16
 1-bit register                                        : 5
 2-bit register                                        : 4
 3-bit register                                        : 2
 4-bit register                                        : 2
 8-bit register                                        : 2
 9-bit register                                        : 1
# Comparators                                          : 4
 2-bit comparator equal                                : 4
# Multiplexers                                         : 4
 1-bit 4-to-1 multiplexer                              : 4

=========================================================================

=========================================================================
*                       Advanced HDL Synthesis                          *
=========================================================================

Analyzing FSM <FSM_1> for best encoding.
Optimizing FSM <uart_tx_unit/state_reg/FSM> on signal <state_reg[1:2]> with gray encoding.
-------------------
 State | Encoding
-------------------
 00    | 00
 01    | 01
 10    | 11
 11    | 10
-------------------
Analyzing FSM <FSM_0> for best encoding.
Optimizing FSM <uart_rx_unit/state_reg/FSM> on signal <state_reg[1:2]> with gray encoding.
-------------------
 State | Encoding
-------------------
 00    | 00
 01    | 01
 10    | 11
 11    | 10
-------------------

Synthesizing (advanced) Unit <fifo>.
INFO:Xst:3217 - HDL ADVISOR - Register <b_reg> currently described with an asynchronous reset, could be combined with distributed RAM <Mram_array_reg> for implementation on block RAM resources if you made this reset synchronous instead.
    -----------------------------------------------------------------------
    | ram_type           | Distributed                         |          |
    -----------------------------------------------------------------------
    | Port A                                                              |
    |     aspect ratio   | 4-word x 8-bit                      |          |
    |     clkA           | connected to signal <clk>           | rise     |
    |     weA            | connected to signal <wr_en>         | high     |
    |     addrA          | connected to signal <w_ptr_reg>     |          |
    |     diA            | connected to signal <w_data>        |          |
    -----------------------------------------------------------------------
    | Port B                                                              |
    |     aspect ratio   | 4-word x 8-bit                      |          |
    |     addrB          | connected to signal <r_ptr_reg>     |          |
    |     doB            | connected to signal <r_data>        |          |
    -----------------------------------------------------------------------
Unit <fifo> synthesized (advanced).

=========================================================================
Advanced HDL Synthesis Report

Macro Statistics
# FSMs                                                 : 2
# RAMs                                                 : 2
 4x8-bit dual-port distributed RAM                     : 2
# Adders/Subtractors                                   : 9
 2-bit adder                                           : 4
 3-bit adder                                           : 2
 4-bit adder                                           : 2
 9-bit adder                                           : 1
# Registers                                            : 52
 Flip-Flops                                            : 52
# Comparators                                          : 4
 2-bit comparator equal                                : 4
# Multiplexers                                         : 4
 1-bit 4-to-1 multiplexer                              : 4

=========================================================================

=========================================================================
*                         Low Level Synthesis                           *
=========================================================================

Optimizing unit <uart> ...

Optimizing unit <mod_m_counter> ...

Optimizing unit <uart_rx> ...

Optimizing unit <fifo> ...

Optimizing unit <uart_tx> ...

Mapping all equations...
Building and optimizing final netlist ...
Found area constraint ratio of 100 (+ 5) on block uart, actual ratio is 8.

Final Macro Processing ...

=========================================================================
Final Register Report

Macro Statistics
# Registers                                            : 56
 Flip-Flops                                            : 56

=========================================================================

=========================================================================
*                           Partition Report                            *
=========================================================================

Partition Implementation Status
-------------------------------

  No Partitions were found in this design.

-------------------------------

=========================================================================
*                            Final Report                               *
=========================================================================
Final Results
RTL Top Level Output File Name     : uart.ngr
Top Level Output File Name         : uart
Output Format                      : NGC
Optimization Goal                  : Speed
Keep Hierarchy                     : No

Design Statistics
# IOs                              : 24

Cell Usage :
# BELS                             : 200
#      GND                         : 1
#      INV                         : 1
#      LUT1                        : 8
#      LUT2                        : 23
#      LUT2_D                      : 3
#      LUT2_L                      : 2
#      LUT3                        : 27
#      LUT3_D                      : 3
#      LUT3_L                      : 8
#      LUT4                        : 73
#      LUT4_D                      : 9
#      LUT4_L                      : 18
#      MUXCY                       : 8
#      MUXF5                       : 6
#      VCC                         : 1
#      XORCY                       : 9
# FlipFlops/Latches                : 56
#      FDC                         : 53
#      FDP                         : 3
# RAMS                             : 16
#      RAM16X1D                    : 16
# Clock Buffers                    : 1
#      BUFGP                       : 1
# IO Buffers                       : 23
#      IBUF                        : 12
#      OBUF                        : 11
=========================================================================

Device utilization summary:
---------------------------

Selected Device : 3s100ecp132-5 

 Number of Slices:                       92  out of    960     9%  
 Number of Slice Flip Flops:             56  out of   1920     2%  
 Number of 4 input LUTs:                207  out of   1920    10%  
    Number used as logic:               175
    Number used as RAMs:                 32
 Number of IOs:                          24
 Number of bonded IOBs:                  24  out of     83    28%  
 Number of GCLKs:                         1  out of     24     4%  

---------------------------
Partition Resource Summary:
---------------------------

  No Partitions were found in this design.

---------------------------


=========================================================================
TIMING REPORT

NOTE: THESE TIMING NUMBERS ARE ONLY A SYNTHESIS ESTIMATE.
      FOR ACCURATE TIMING INFORMATION PLEASE REFER TO THE TRACE REPORT
      GENERATED AFTER PLACE-and-ROUTE.

Clock Information:
------------------
-----------------------------------+------------------------+-------+
Clock Signal                       | Clock buffer(FF name)  | Load  |
-----------------------------------+------------------------+-------+
clk                                | BUFGP                  | 72    |
-----------------------------------+------------------------+-------+

Asynchronous Control Signals Information:
----------------------------------------
-----------------------------------+------------------------+-------+
Control Signal                     | Buffer(FF name)        | Load  |
-----------------------------------+------------------------+-------+
reset                              | IBUF                   | 56    |
-----------------------------------+------------------------+-------+

Timing Summary:
---------------
Speed Grade: -5

   Minimum period: 6.229ns (Maximum Frequency: 160.547MHz)
   Minimum input arrival time before clock: 3.873ns
   Maximum output required time after clock: 5.469ns
   Maximum combinational path delay: No path found

Timing Detail:
--------------
All values displayed in nanoseconds (ns)

=========================================================================
Timing constraint: Default period analysis for Clock 'clk'
  Clock period: 6.229ns (frequency: 160.547MHz)
  Total number of paths / destination ports: 1641 / 144
-------------------------------------------------------------------------
Delay:               6.229ns (Levels of Logic = 4)
  Source:            baud_gen_unit/r_reg_0 (FF)
  Destination:       fifo_rx_unit/Mram_array_reg7 (RAM)
  Source Clock:      clk rising
  Destination Clock: clk rising

  Data Path: baud_gen_unit/r_reg_0 to fifo_rx_unit/Mram_array_reg7
                                Gate     Net
    Cell:in->out      fanout   Delay   Delay  Logical Name (Net Name)
    ----------------------------------------  ------------
     FDC:C->Q              2   0.514   0.532  baud_gen_unit/r_reg_0 (baud_gen_unit/r_reg_0)
     LUT3:I0->O            4   0.612   0.502  baud_gen_unit/r_next_cmp_eq000015 (baud_gen_unit/r_next_cmp_eq000015)
     LUT4:I3->O           45   0.612   1.079  baud_gen_unit/r_next_cmp_eq000027 (tick)
     LUT4_D:I3->LO         1   0.612   0.169  uart_rx_unit/rx_done_tick1 (N174)
     LUT2:I1->O            8   0.612   0.643  fifo_rx_unit/wr_en1 (fifo_rx_unit/wr_en)
     RAM16X1D:WE               0.341          fifo_rx_unit/Mram_array_reg1
    ----------------------------------------
    Total                      6.229ns (3.303ns logic, 2.926ns route)
                                       (53.0% logic, 47.0% route)

=========================================================================
Timing constraint: Default OFFSET IN BEFORE for Clock 'clk'
  Total number of paths / destination ports: 39 / 34
-------------------------------------------------------------------------
Offset:              3.873ns (Levels of Logic = 3)
  Source:            wr_uart (PAD)
  Destination:       fifo_tx_unit/empty_reg (FF)
  Destination Clock: clk rising

  Data Path: wr_uart to fifo_tx_unit/empty_reg
                                Gate     Net
    Cell:in->out      fanout   Delay   Delay  Logical Name (Net Name)
    ----------------------------------------  ------------
     IBUF:I->O             9   1.106   0.849  wr_uart_IBUF (wr_uart_IBUF)
     LUT2:I0->O            1   0.612   0.426  fifo_tx_unit/Mmux_empty_next3_SW0 (N43)
     LUT4:I1->O            1   0.612   0.000  fifo_tx_unit/Mmux_empty_next3 (fifo_tx_unit/empty_next)
     FDP:D                     0.268          fifo_tx_unit/empty_reg
    ----------------------------------------
    Total                      3.873ns (2.598ns logic, 1.275ns route)
                                       (67.1% logic, 32.9% route)

=========================================================================
Timing constraint: Default OFFSET OUT AFTER for Clock 'clk'
  Total number of paths / destination ports: 27 / 11
-------------------------------------------------------------------------
Offset:              5.469ns (Levels of Logic = 2)
  Source:            fifo_rx_unit/r_ptr_reg_0 (FF)
  Destination:       r_data<7> (PAD)
  Source Clock:      clk rising

  Data Path: fifo_rx_unit/r_ptr_reg_0 to r_data<7>
                                Gate     Net
    Cell:in->out      fanout   Delay   Delay  Logical Name (Net Name)
    ----------------------------------------  ------------
     FDC:C->Q             12   0.514   0.817  fifo_rx_unit/r_ptr_reg_0 (fifo_rx_unit/r_ptr_reg_0)
     RAM16X1D:DPRA0->DPO    1   0.612   0.357  fifo_rx_unit/Mram_array_reg1 (r_data_0_OBUF)
     OBUF:I->O                 3.169          r_data_0_OBUF (r_data<0>)
    ----------------------------------------
    Total                      5.469ns (4.295ns logic, 1.174ns route)
                                       (78.5% logic, 21.5% route)

=========================================================================


Total REAL time to Xst completion: 117.00 secs
Total CPU time to Xst completion: 116.78 secs
 
--> 

Total memory usage is 320876 kilobytes

Number of errors   :    0 (   0 filtered)
Number of warnings :    2 (   0 filtered)
Number of infos    :    4 (   0 filtered)

