
****** PlanAhead v14.6 (64-bit)
  **** Build 269223 by xbuild on Wed Jun  5 11:14:03 MDT 2013
    ** Copyright 1986-1999, 2001-2012 Xilinx, Inc. All Rights Reserved.

INFO: [Common 17-78] Attempting to get a license: PlanAhead
INFO: [Common 17-290] Got license for PlanAhead
INFO: [Device 21-36] Loading parts and site information from C:/Xilinx/14.6/ISE_DS/PlanAhead/data/parts/arch.xml
Parsing RTL primitives file [C:/Xilinx/14.6/ISE_DS/PlanAhead/data/parts/xilinx/rtl/prims/rtl_prims.xml]
Finished parsing RTL primitives file [C:/Xilinx/14.6/ISE_DS/PlanAhead/data/parts/xilinx/rtl/prims/rtl_prims.xml]
start_gui
source {C:/ISE Projects/ALU_FF/pa.fromHdl.tcl}
# create_project -name ALU_FF -dir "C:/ISE Projects/ALU_FF/planAhead_run_1" -part xc3s100ecp132-5
# set_param project.pinAheadLayout yes
# set srcset [get_property srcset [current_run -impl]]
# set_property target_constrs_file "ALU_module.ucf" [current_fileset -constrset]
Adding file 'C:/ISE Projects/ALU_FF/ALU_module.ucf' to fileset 'constrs_1'
# set hdlfile [add_files [list {alu_ff.v}]]
# set_property file_type Verilog $hdlfile
# set_property library work $hdlfile
# set_property top ALU_module $srcset
# add_files [list {ALU_module.ucf}] -fileset [get_property constrset [current_run]]
# open_rtl_design -part xc3s100ecp132-5
Using Verific elaboration
Parsing VHDL file "C:/Xilinx/14.6/ISE_DS/PlanAhead/data/parts/xilinx/rtl/lib/synplify/synattr.vhd" into library synplify
Analyzing Verilog file "C:/ISE Projects/ALU_FF/alu_ff.v" into library work
INFO: [Designutils 20-910] Reading macro library C:/Xilinx/14.6/ISE_DS/PlanAhead/data\./parts/xilinx/spartan3e/spartan3e/hd_int_macros.edn
Parsing EDIF File [C:/Xilinx/14.6/ISE_DS/PlanAhead/data\./parts/xilinx/spartan3e/spartan3e/hd_int_macros.edn]
Finished Parsing EDIF File [C:/Xilinx/14.6/ISE_DS/PlanAhead/data\./parts/xilinx/spartan3e/spartan3e/hd_int_macros.edn]
Loading clock regions from C:/Xilinx/14.6/ISE_DS/PlanAhead/data\parts/xilinx/spartan3e/spartan3e/xc3s100e/ClockRegion.xml
Loading clock buffers from C:/Xilinx/14.6/ISE_DS/PlanAhead/data\parts/xilinx/spartan3e/spartan3e/xc3s100e/ClockBuffers.xml
Loading package from C:/Xilinx/14.6/ISE_DS/PlanAhead/data\parts/xilinx/spartan3e/spartan3e/xc3s100e/cp132/Package.xml
Loading io standards from C:/Xilinx/14.6/ISE_DS/PlanAhead/data\./parts/xilinx/spartan3e/IOStandards.xml
INFO: [Device 21-19] Loading pkg sso from C:/Xilinx/14.6/ISE_DS/PlanAhead/data\parts/xilinx/spartan3e/spartan3e/xc3s100e/cp132/SSORules.xml
Loading list of drcs for the architecture : C:/Xilinx/14.6/ISE_DS/PlanAhead/data\./parts/xilinx/spartan3e/spartan3e/drc.xml
INFO: [Timing 38-77] Reading timing library C:/Xilinx/14.6/ISE_DS/PlanAhead/data\parts/xilinx/spartan3e/spartan3e/spartan3e-5.lib.
INFO: [Timing 38-34] Done reading timing library C:/Xilinx/14.6/ISE_DS/PlanAhead/data\parts/xilinx/spartan3e/spartan3e/spartan3e-5.lib.
Parsing UCF File [C:/ISE Projects/ALU_FF/ALU_module.ucf]
Finished Parsing UCF File [C:/ISE Projects/ALU_FF/ALU_module.ucf]
INFO: [Project 1-111] Unisim Transformation Summary:
No Unisim elements were transformed.

Phase 0 | Netlist Checksum: 2f337e73
open_rtl_design: Time (s): elapsed = 00:00:06 . Memory (MB): peak = 543.254 ; gain = 138.078
update_compile_order -fileset sim_1
set_property package_pin "" [get_ports [list  {result[7]}]]
startgroup
set_property package_pin G1 [get_ports {result[0]}]
endgroup
startgroup
set_property package_pin P4 [get_ports {result[1]}]
endgroup
startgroup
set_property package_pin N4 [get_ports {result[2]}]
endgroup
startgroup
set_property package_pin N5 [get_ports {result[3]}]
endgroup
startgroup
set_property package_pin P6 [get_ports {result[4]}]
endgroup
startgroup
set_property package_pin P7 [get_ports {result[5]}]
endgroup
startgroup
set_property package_pin M11 [get_ports {result[6]}]
endgroup
startgroup
set_property package_pin M5 [get_ports {result[7]}]
endgroup
startgroup
set_property package_pin P11 [get_ports {entrada[0]}]
endgroup
startgroup
set_property package_pin L3 [get_ports {entrada[1]}]
endgroup
startgroup
set_property package_pin K3 [get_ports {entrada[2]}]
endgroup
startgroup
set_property package_pin B4 [get_ports {entrada[3]}]
endgroup
startgroup
set_property package_pin G3 [get_ports {entrada[4]}]
endgroup
startgroup
set_property package_pin F3 [get_ports {entrada[5]}]
endgroup
startgroup
set_property package_pin E2 [get_ports {entrada[6]}]
endgroup
startgroup
set_property package_pin A7 [get_ports b1]
endgroup
startgroup
set_property package_pin M4 [get_ports b2]
endgroup
startgroup
set_property package_pin C11 [get_ports b3]
endgroup
startgroup
set_property package_pin N5 [get_ports {result[3]}]
endgroup
save_constraints
exit
ERROR: [Common 17-39] 'stop_gui' failed due to earlier errors.
INFO: [Common 17-206] Exiting PlanAhead at Wed Sep 04 20:36:59 2013...
INFO: [Common 17-83] Releasing license: PlanAhead
