Release 14.2 - xst P.28xd (nt)
Copyright (c) 1995-2012 Xilinx, Inc.  All rights reserved.
--> Parameter TMPDIR set to xst/projnav.tmp


Total REAL time to Xst completion: 0.00 secs
Total CPU time to Xst completion: 0.19 secs
 
--> Parameter xsthdpdir set to xst


Total REAL time to Xst completion: 0.00 secs
Total CPU time to Xst completion: 0.19 secs
 
--> Reading design: BaudRateGenerator.prj

TABLE OF CONTENTS
  1) Synthesis Options Summary
  2) HDL Compilation
  3) Design Hierarchy Analysis
  4) HDL Analysis
  5) HDL Synthesis
     5.1) HDL Synthesis Report
  6) Advanced HDL Synthesis
     6.1) Advanced HDL Synthesis Report
  7) Low Level Synthesis
  8) Partition Report
  9) Final Report
	9.1) Device utilization summary
	9.2) Partition Resource Summary
	9.3) TIMING REPORT


=========================================================================
*                      Synthesis Options Summary                        *
=========================================================================
---- Source Parameters
Input File Name                    : "BaudRateGenerator.prj"
Input Format                       : mixed
Ignore Synthesis Constraint File   : NO

---- Target Parameters
Output File Name                   : "BaudRateGenerator"
Output Format                      : NGC
Target Device                      : xc3s100e-5-cp132

---- Source Options
Top Module Name                    : BaudRateGenerator
Automatic FSM Extraction           : YES
FSM Encoding Algorithm             : Auto
Safe Implementation                : No
FSM Style                          : LUT
RAM Extraction                     : Yes
RAM Style                          : Auto
ROM Extraction                     : Yes
Mux Style                          : Auto
Decoder Extraction                 : YES
Priority Encoder Extraction        : Yes
Shift Register Extraction          : YES
Logical Shifter Extraction         : YES
XOR Collapsing                     : YES
ROM Style                          : Auto
Mux Extraction                     : Yes
Resource Sharing                   : YES
Asynchronous To Synchronous        : NO
Multiplier Style                   : Auto
Automatic Register Balancing       : No

---- Target Options
Add IO Buffers                     : YES
Global Maximum Fanout              : 100000
Add Generic Clock Buffer(BUFG)     : 24
Register Duplication               : YES
Slice Packing                      : YES
Optimize Instantiated Primitives   : NO
Use Clock Enable                   : Yes
Use Synchronous Set                : Yes
Use Synchronous Reset              : Yes
Pack IO Registers into IOBs        : Auto
Equivalent register Removal        : YES

---- General Options
Optimization Goal                  : Speed
Optimization Effort                : 1
Keep Hierarchy                     : No
Netlist Hierarchy                  : As_Optimized
RTL Output                         : Yes
Global Optimization                : AllClockNets
Read Cores                         : YES
Write Timing Constraints           : NO
Cross Clock Analysis               : NO
Hierarchy Separator                : /
Bus Delimiter                      : <>
Case Specifier                     : Maintain
Slice Utilization Ratio            : 100
BRAM Utilization Ratio             : 100
Verilog 2001                       : YES
Auto BRAM Packing                  : NO
Slice Utilization Ratio Delta      : 5

=========================================================================


=========================================================================
*                          HDL Compilation                              *
=========================================================================
Compiling verilog file "mod-m-counter.v" in library work
Compiling verilog file "BaudRateGenerator.v" in library work
Module <mod_m_counter> compiled
Module <BaudRateGenerator> compiled
No errors in compilation
Analysis of file <"BaudRateGenerator.prj"> succeeded.
 

=========================================================================
*                     Design Hierarchy Analysis                         *
=========================================================================
Analyzing hierarchy for module <BaudRateGenerator> in library <work>.

Analyzing hierarchy for module <mod_m_counter> in library <work> with parameters.
	M = "00000000000000000000101000101100"
	N = "00000000000000000000000000001100"


=========================================================================
*                            HDL Analysis                               *
=========================================================================
Analyzing top module <BaudRateGenerator>.
Module <BaudRateGenerator> is correct for synthesis.
 
Analyzing module <mod_m_counter> in library <work>.
	M = 32'sb00000000000000000000101000101100
	N = 32'sb00000000000000000000000000001100
Module <mod_m_counter> is correct for synthesis.
 

=========================================================================
*                           HDL Synthesis                               *
=========================================================================

Performing bidirectional port resolution...

Synthesizing Unit <mod_m_counter>.
    Related source file is "mod-m-counter.v".
    Found 12-bit adder for signal <r_next$addsub0000> created at line 43.
    Found 12-bit register for signal <r_reg>.
    Summary:
	inferred  12 D-type flip-flop(s).
	inferred   1 Adder/Subtractor(s).
Unit <mod_m_counter> synthesized.


Synthesizing Unit <BaudRateGenerator>.
    Related source file is "BaudRateGenerator.v".
WARNING:Xst:646 - Signal <qn> is assigned but never used. This unconnected signal will be trimmed during the optimization process.
    Found 1-bit register for signal <salida>.
    Summary:
	inferred   1 D-type flip-flop(s).
Unit <BaudRateGenerator> synthesized.


=========================================================================
HDL Synthesis Report

Macro Statistics
# Adders/Subtractors                                   : 1
 12-bit adder                                          : 1
# Registers                                            : 2
 1-bit register                                        : 1
 12-bit register                                       : 1

=========================================================================

=========================================================================
*                       Advanced HDL Synthesis                          *
=========================================================================


=========================================================================
Advanced HDL Synthesis Report

Macro Statistics
# Adders/Subtractors                                   : 1
 12-bit adder                                          : 1
# Registers                                            : 13
 Flip-Flops                                            : 13

=========================================================================

=========================================================================
*                         Low Level Synthesis                           *
=========================================================================

Optimizing unit <BaudRateGenerator> ...

Optimizing unit <mod_m_counter> ...

Mapping all equations...
Building and optimizing final netlist ...
Found area constraint ratio of 100 (+ 5) on block BaudRateGenerator, actual ratio is 0.

Final Macro Processing ...

=========================================================================
Final Register Report

Macro Statistics
# Registers                                            : 13
 Flip-Flops                                            : 13

=========================================================================

=========================================================================
*                           Partition Report                            *
=========================================================================

Partition Implementation Status
-------------------------------

  No Partitions were found in this design.

-------------------------------

=========================================================================
*                            Final Report                               *
=========================================================================
Final Results
RTL Top Level Output File Name     : BaudRateGenerator.ngr
Top Level Output File Name         : BaudRateGenerator
Output Format                      : NGC
Optimization Goal                  : Speed
Keep Hierarchy                     : No

Design Statistics
# IOs                              : 2

Cell Usage :
# BELS                             : 42
#      GND                         : 1
#      INV                         : 2
#      LUT1                        : 11
#      LUT3                        : 1
#      LUT4                        : 2
#      LUT4_L                      : 1
#      MUXCY                       : 11
#      VCC                         : 1
#      XORCY                       : 12
# FlipFlops/Latches                : 13
#      FDE                         : 1
#      FDR                         : 12
# Clock Buffers                    : 1
#      BUFGP                       : 1
# IO Buffers                       : 1
#      OBUF                        : 1
=========================================================================

Device utilization summary:
---------------------------

Selected Device : 3s100ecp132-5 

 Number of Slices:                        8  out of    960     0%  
 Number of Slice Flip Flops:             13  out of   1920     0%  
 Number of 4 input LUTs:                 17  out of   1920     0%  
 Number of IOs:                           2
 Number of bonded IOBs:                   2  out of     83     2%  
 Number of GCLKs:                         1  out of     24     4%  

---------------------------
Partition Resource Summary:
---------------------------

  No Partitions were found in this design.

---------------------------


=========================================================================
TIMING REPORT

NOTE: THESE TIMING NUMBERS ARE ONLY A SYNTHESIS ESTIMATE.
      FOR ACCURATE TIMING INFORMATION PLEASE REFER TO THE TRACE REPORT
      GENERATED AFTER PLACE-and-ROUTE.

Clock Information:
------------------
-----------------------------------+------------------------+-------+
Clock Signal                       | Clock buffer(FF name)  | Load  |
-----------------------------------+------------------------+-------+
clock                              | BUFGP                  | 13    |
-----------------------------------+------------------------+-------+

Asynchronous Control Signals Information:
----------------------------------------
No asynchronous control signals found in this design

Timing Summary:
---------------
Speed Grade: -5

   Minimum period: 4.326ns (Maximum Frequency: 231.134MHz)
   Minimum input arrival time before clock: No path found
   Maximum output required time after clock: 4.063ns
   Maximum combinational path delay: No path found

Timing Detail:
--------------
All values displayed in nanoseconds (ns)

=========================================================================
Timing constraint: Default period analysis for Clock 'clock'
  Clock period: 4.326ns (frequency: 231.134MHz)
  Total number of paths / destination ports: 235 / 26
-------------------------------------------------------------------------
Delay:               4.326ns (Levels of Logic = 2)
  Source:            contador/r_reg_1 (FF)
  Destination:       contador/r_reg_11 (FF)
  Source Clock:      clock rising
  Destination Clock: clock rising

  Data Path: contador/r_reg_1 to contador/r_reg_11
                                Gate     Net
    Cell:in->out      fanout   Delay   Delay  Logical Name (Net Name)
    ----------------------------------------  ------------
     FDR:C->Q              2   0.514   0.532  contador/r_reg_1 (contador/r_reg_1)
     LUT4:I0->O            1   0.612   0.426  contador/r_next_cmp_eq000019 (contador/r_next_cmp_eq000019)
     LUT3:I1->O           13   0.612   0.836  contador/r_next_cmp_eq000042 (senal)
     FDR:R                     0.795          contador/r_reg_0
    ----------------------------------------
    Total                      4.326ns (2.533ns logic, 1.794ns route)
                                       (58.5% logic, 41.5% route)

=========================================================================
Timing constraint: Default OFFSET OUT AFTER for Clock 'clock'
  Total number of paths / destination ports: 1 / 1
-------------------------------------------------------------------------
Offset:              4.063ns (Levels of Logic = 1)
  Source:            salida (FF)
  Destination:       rate (PAD)
  Source Clock:      clock rising

  Data Path: salida to rate
                                Gate     Net
    Cell:in->out      fanout   Delay   Delay  Logical Name (Net Name)
    ----------------------------------------  ------------
     FDE:C->Q              2   0.514   0.380  salida (salida)
     OBUF:I->O                 3.169          rate_OBUF (rate)
    ----------------------------------------
    Total                      4.063ns (3.683ns logic, 0.380ns route)
                                       (90.6% logic, 9.4% route)

=========================================================================


Total REAL time to Xst completion: 9.00 secs
Total CPU time to Xst completion: 9.08 secs
 
--> 

Total memory usage is 199744 kilobytes

Number of errors   :    0 (   0 filtered)
Number of warnings :    1 (   0 filtered)
Number of infos    :    0 (   0 filtered)

