Running: C:\Xilinx\14.6\ISE_DS\ISE\bin\nt64\unwrapped\fuse.exe -intstyle ise -incremental -lib unisims_ver -lib unimacro_ver -lib xilinxcorelib_ver -o C:/ISE Projects/Memoria/memoria_test_bench_isim_beh.exe -prj C:/ISE Projects/Memoria/memoria_test_bench_beh.prj work.memoria_test_bench work.glbl 
ISim P.68d (signature 0x7708f090)
Number of CPUs detected in this system: 4
Turning on mult-threading, number of parallel sub-compilation jobs: 8 
Determining compilation order of HDL files
Analyzing Verilog file "C:/ISE Projects/Memoria/ipcore_dir/memoria.v" into library work
Analyzing Verilog file "C:/ISE Projects/Memoria/test_memoria.v" into library work
Analyzing Verilog file "C:/ISE Projects/Memoria/memoria_test_bench.v" into library work
Analyzing Verilog file "C:/Xilinx/14.6/ISE_DS/ISE//verilog/src/glbl.v" into library work
Starting static elaboration
Completed static elaboration
Compiling module BLK_MEM_GEN_V7_3_output_stage(C_...
Compiling module BLK_MEM_GEN_V7_3_softecc_output_...
Compiling module BLK_MEM_GEN_V7_3_mem_module(C_CO...
Compiling module BLK_MEM_GEN_V7_3(C_FAMILY="spart...
Compiling module memoria
Compiling module test_memoria
Compiling module memoria_test_bench
Compiling module glbl
Time Resolution for simulation is 1ps.
Waiting for 2 sub-compilation(s) to finish...
Compiled 8 Verilog Units
Built simulation executable C:/ISE Projects/Memoria/memoria_test_bench_isim_beh.exe
Fuse Memory Usage: 52088 KB
Fuse CPU Usage: 2359 ms
