#
# A fatal error has been detected by the Java Runtime Environment:
#
#  EXCEPTION_ACCESS_VIOLATION (0xc0000005) at pc=0x00007ffc5a4f1cd4, pid=4956, tid=7416
#
# JRE version: 7.0_17-b02
# Java VM: Java HotSpot(TM) 64-Bit Server VM (23.7-b01 mixed mode windows-amd64 compressed oops)
# Problematic frame:
# C  [msvcrt.dll+0x1cd4]  operator delete[]+0x0
#
# Failed to write core dump. Minidumps are not enabled by default on client versions of Windows
#
# If you would like to submit a bug report, please visit:
#   http://bugreport.sun.com/bugreport/crash.jsp
# The crash happened outside the Java Virtual Machine in native code.
# See problematic frame for where to report the bug.
#

---------------  T H R E A D  ---------------

Current thread (0x0000000032e65800):  JavaThread "Swing-Shell" daemon [_thread_in_native, id=7416, stack(0x0000000033020000,0x0000000033320000)]

siginfo: ExceptionCode=0xc0000005, writing address 0x0000000000000000

Registers:
RAX=0x0000000000000000, RBX=0x0000000000000000, RCX=0x0000000000000000, RDX=0x0000000000000011
RSP=0x000000003331eed8, RBP=0x0000000000000000, RSI=0x0000000000000002, RDI=0x0000000000000000
R8 =0x00000000369201b5, R9 =0x00007ffc3b597550, R10=0x0000000000000000, R11=0x000000003331ecc0
R12=0x0000000000000005, R13=0x00007ffc4e8ab070, R14=0x0000000026711340, R15=0x00007ffc4e8ab070
RIP=0x00007ffc5a4f1cd4, EFLAGS=0x0000000000010246

Top of Stack: (sp=0x000000003331eed8)
0x000000003331eed8:   00007ffc4e8a32a7 00007ffc4e8ab070
0x000000003331eee8:   0000000026711340 00007ffc4e8ab070
0x000000003331eef8:   00000000314b12f0 0000000000000004
0x000000003331ef08:   0000000033c4ab7c 00007ffc4e8ab070
0x000000003331ef18:   000000003331efe0 0000000000000002
0x000000003331ef28:   00007ffc4e8a3c66 0000000026711340
0x000000003331ef38:   00007ffc00001f40 000000003331f049
0x000000003331ef48:   00007ffc4e8ac3c0 0000000000000002
0x000000003331ef58:   00007ffc4e8a3416 000000003331f000
0x000000003331ef68:   000000002e3a7e00 0000000000000000
0x000000003331ef78:   0000000000000002 0000000000000000
0x000000003331ef88:   00000000002f0000 0000000000000000
0x000000003331ef98:   000000003331f110 0000000000000005
0x000000003331efa8:   00007ffc4e885cc3 0000000000000000
0x000000003331efb8:   000000002e3a7e68 000000002e3a7e00
0x000000003331efc8:   000000002e3a7e68 00007ffc3b5da090 

Instructions: (pc=0x00007ffc5a4f1cd4)
0x00007ffc5a4f1cb4:   33 d2 ff 15 fc b5 09 00 85 c0 75 d0 e9 4c d5 03
0x00007ffc5a4f1cc4:   00 cc 90 90 90 90 90 90 48 b8 60 81 91 0a 00 00
0x00007ffc5a4f1cd4:   00 00 ff e0 91 0a 00 00 00 00 ff e0 48 b8 60 73
0x00007ffc5a4f1ce4:   91 0a 00 00 00 00 ff e0 83 ec 20 48 83 3d c9 d3 


Register to memory mapping:

RAX=0x0000000000000000 is an unknown value
RBX=0x0000000000000000 is an unknown value
RCX=0x0000000000000000 is an unknown value
RDX=0x0000000000000011 is an unknown value
RSP=0x000000003331eed8 is pointing into the stack for thread: 0x0000000032e65800
RBP=0x0000000000000000 is an unknown value
RSI=0x0000000000000002 is an unknown value
RDI=0x0000000000000000 is an unknown value
R8 =0x00000000369201b5 is an unknown value
R9 =0x00007ffc3b597550 is an unknown value
R10=0x0000000000000000 is an unknown value
R11=0x000000003331ecc0 is pointing into the stack for thread: 0x0000000032e65800
R12=0x0000000000000005 is an unknown value
R13=0x00007ffc4e8ab070 is an unknown value
R14=0x0000000026711340 is an unknown value
R15=0x00007ffc4e8ab070 is an unknown value


Stack: [0x0000000033020000,0x0000000033320000],  sp=0x000000003331eed8,  free space=3067k
Native frames: (J=compiled Java code, j=interpreted, Vv=VM code, C=native code)
C  [msvcrt.dll+0x1cd4]  operator delete[]+0x0

[error occurred during error reporting (printing native stack), id 0xc0000005]

Java frames: (J=compiled Java code, j=interpreted, Vv=VM code)
j  sun.awt.shell.Win32ShellFolder2.getNextChild(J)J+0
j  sun.awt.shell.Win32ShellFolder2.access$1100(Lsun/awt/shell/Win32ShellFolder2;J)J+2
j  sun.awt.shell.Win32ShellFolder2$9.call()[Ljava/io/File;+94
j  sun.awt.shell.Win32ShellFolder2$9.call()Ljava/lang/Object;+1
j  java.util.concurrent.FutureTask$Sync.innerRun()V+29
j  java.util.concurrent.FutureTask.run()V+4
j  java.util.concurrent.ThreadPoolExecutor.runWorker(Ljava/util/concurrent/ThreadPoolExecutor$Worker;)V+95
j  java.util.concurrent.ThreadPoolExecutor$Worker.run()V+5
j  sun.awt.shell.Win32ShellFolderManager2$ComInvoker$3.run()V+7
j  java.lang.Thread.run()V+11
v  ~StubRoutines::call_stub

---------------  P R O C E S S  ---------------

Java Threads: ( => current thread )
=>0x0000000032e65800 JavaThread "Swing-Shell" daemon [_thread_in_native, id=7416, stack(0x0000000033020000,0x0000000033320000)]
  0x0000000032547800 JavaThread "HFileChooser Load File/Folder Choosers Thread" [_thread_blocked, id=976, stack(0x0000000032620000,0x0000000032920000)]
  0x0000000030f77800 JavaThread "Monitor File Timestamp" [_thread_blocked, id=4440, stack(0x0000000031020000,0x0000000031320000)]
  0x000000002bf35000 JavaThread "Image Fetcher 3" daemon [_thread_blocked, id=7696, stack(0x000000002c620000,0x000000002c920000)]
  0x000000002bf36800 JavaThread "Image Fetcher 2" daemon [_thread_blocked, id=4840, stack(0x000000002c320000,0x000000002c620000)]
  0x000000002bf3b800 JavaThread "Image Fetcher 1" daemon [_thread_blocked, id=3820, stack(0x000000002c020000,0x000000002c320000)]
  0x000000002a960800 JavaThread "Image Fetcher 0" daemon [_thread_blocked, id=2976, stack(0x000000002ba20000,0x000000002bd20000)]
  0x000000001a1e3800 JavaThread "AWT-EventQueue-1" [_thread_in_native, id=3680, stack(0x000000002b420000,0x000000002b720000)]
  0x000000001a1ed800 JavaThread "Process Messages" [_thread_blocked, id=6568, stack(0x000000002ad20000,0x000000002b020000)]
  0x000000001a1e9000 JavaThread "Thread-3" [_thread_blocked, id=6936, stack(0x0000000003b90000,0x0000000004f90000)]
  0x000000002a83d800 JavaThread "AWT-EventQueue-0" [_thread_blocked, id=5508, stack(0x000000002aa20000,0x000000002ad20000)]
  0x0000000027b81000 JavaThread "AWT-Windows" daemon [_thread_in_native, id=6000, stack(0x00000000299c0000,0x0000000029cc0000)]
  0x0000000028a70800 JavaThread "AWT-Shutdown" [_thread_blocked, id=6788, stack(0x00000000296c0000,0x00000000299c0000)]
  0x0000000028a97800 JavaThread "Java2D Disposer" daemon [_thread_blocked, id=7140, stack(0x00000000293c0000,0x00000000296c0000)]
  0x0000000027b70800 JavaThread "TimerQueue" daemon [_thread_blocked, id=5488, stack(0x0000000028fc0000,0x00000000292c0000)]
  0x0000000025f40800 JavaThread "Service Thread" daemon [_thread_blocked, id=7964, stack(0x00000000273d0000,0x00000000276d0000)]
  0x0000000021405000 JavaThread "C1 CompilerThread2" daemon [_thread_blocked, id=6232, stack(0x00000000272d0000,0x00000000273d0000)]
  0x0000000021401000 JavaThread "C2 CompilerThread1" daemon [_thread_blocked, id=8648, stack(0x00000000271d0000,0x00000000272d0000)]
  0x0000000021371000 JavaThread "C2 CompilerThread0" daemon [_thread_in_native, id=10220, stack(0x00000000270d0000,0x00000000271d0000)]
  0x00000000213f1800 JavaThread "Attach Listener" daemon [_thread_blocked, id=4412, stack(0x0000000026dd0000,0x00000000270d0000)]
  0x00000000266e2000 JavaThread "Signal Dispatcher" daemon [_thread_blocked, id=8440, stack(0x0000000026ad0000,0x0000000026dd0000)]
  0x00000000266e4000 JavaThread "Surrogate Locker Thread (Concurrent GC)" daemon [_thread_blocked, id=3600, stack(0x00000000267d0000,0x0000000026ad0000)]
  0x0000000021395800 JavaThread "Finalizer" daemon [_thread_blocked, id=5388, stack(0x00000000263d0000,0x00000000266d0000)]
  0x0000000021397000 JavaThread "Reference Handler" daemon [_thread_blocked, id=5088, stack(0x00000000260d0000,0x00000000263d0000)]
  0x000000001a22b000 JavaThread "main" [_thread_blocked, id=4844, stack(0x000000001a3f0000,0x000000001a4f0000)]

Other Threads:
  0x0000000021342000 VMThread [stack: 0x0000000025fd0000,0x00000000260d0000] [id=5500]
  0x0000000026727800 WatcherThread [stack: 0x00000000276d0000,0x00000000277d0000] [id=5624]

VM state:not at safepoint (normal execution)

VM Mutex/Monitor currently owned by a thread: None

Heap
 par new generation   total 55296K, used 37533K [0x0000000778000000, 0x000000077bc00000, 0x000000077bc00000)
  eden space 49152K,  63% used [0x0000000778000000, 0x0000000779ea74d8, 0x000000077b000000)
  from space 6144K, 100% used [0x000000077b000000, 0x000000077b600000, 0x000000077b600000)
  to   space 6144K,   0% used [0x000000077b600000, 0x000000077b600000, 0x000000077bc00000)
 concurrent mark-sweep generation total 69632K, used 11677K [0x000000077bc00000, 0x0000000780000000, 0x00000007f8000000)
 concurrent-mark-sweep perm gen total 131072K, used 29010K [0x00000007f8000000, 0x0000000800000000, 0x0000000800000000)

Card table byte_map: [0x0000000020a90000,0x0000000020ee0000] byte_map_base: 0x000000001ced0000

Polling page: 0x000000001a4f0000

Code Cache  [0x000000001a510000, 0x000000001ac10000, 0x0000000020510000)
 total_blobs=2548 nmethods=1939 adapters=525 free_code_cache=91197Kb largest_free_block=93333312

Compilation events (10 events):
Event: 6.243 Thread 0x0000000021405000 2107       3       java.awt.Window::getContainer (2 bytes)
Event: 6.243 Thread 0x0000000021405000 nmethod 2107 0x000000001ab971d0 code [0x000000001ab97320, 0x000000001ab974b0]
Event: 6.243 Thread 0x0000000021405000 2109       3       javax.swing.plaf.BorderUIResource::getBorderInsets (11 bytes)
Event: 6.244 Thread 0x0000000021405000 nmethod 2109 0x000000001ab97510 code [0x000000001ab97680, 0x000000001ab978c8]
Event: 6.248 Thread 0x0000000021405000 2110   !   3       sun.font.TrueTypeFont::readBlock (493 bytes)
Event: 6.258 Thread 0x0000000021405000 nmethod 2110 0x000000001ab97990 code [0x000000001ab98080, 0x000000001ab9cf68]
Event: 6.259 Thread 0x0000000021405000 2111       3       java.nio.Buffer::clear (20 bytes)
Event: 6.260 Thread 0x0000000021405000 nmethod 2111 0x000000001aba0150 code [0x000000001aba02a0, 0x000000001aba0430]
Event: 6.260 Thread 0x0000000021405000 2112       3       java.nio.DirectByteBuffer::isReadOnly (2 bytes)
Event: 6.261 Thread 0x0000000021405000 nmethod 2112 0x000000001aba0490 code [0x000000001aba05e0, 0x000000001aba0770]

GC Heap History (4 events):
Event: 2.050 GC heap before
{Heap before GC invocations=0 (full 0):
 par new generation   total 55296K, used 49152K [0x0000000778000000, 0x000000077bc00000, 0x000000077bc00000)
  eden space 49152K, 100% used [0x0000000778000000, 0x000000077b000000, 0x000000077b000000)
  from space 6144K,   0% used [0x000000077b000000, 0x000000077b000000, 0x000000077b600000)
  to   space 6144K,   0% used [0x000000077b600000, 0x000000077b600000, 0x000000077bc00000)
 concurrent mark-sweep generation total 69632K, used 0K [0x000000077bc00000, 0x0000000780000000, 0x00000007f8000000)
 concurrent-mark-sweep perm gen total 131072K, used 13059K [0x00000007f8000000, 0x0000000800000000, 0x0000000800000000)
Event: 2.072 GC heap after
Heap after GC invocations=1 (full 0):
 par new generation   total 55296K, used 6144K [0x0000000778000000, 0x000000077bc00000, 0x000000077bc00000)
  eden space 49152K,   0% used [0x0000000778000000, 0x0000000778000000, 0x000000077b000000)
  from space 6144K, 100% used [0x000000077b600000, 0x000000077bc00000, 0x000000077bc00000)
  to   space 6144K,   0% used [0x000000077b000000, 0x000000077b000000, 0x000000077b600000)
 concurrent mark-sweep generation total 69632K, used 682K [0x000000077bc00000, 0x0000000780000000, 0x00000007f8000000)
 concurrent-mark-sweep perm gen total 131072K, used 13059K [0x00000007f8000000, 0x0000000800000000, 0x0000000800000000)
}
Event: 4.652 GC heap before
{Heap before GC invocations=1 (full 0):
 par new generation   total 55296K, used 55296K [0x0000000778000000, 0x000000077bc00000, 0x000000077bc00000)
  eden space 49152K, 100% used [0x0000000778000000, 0x000000077b000000, 0x000000077b000000)
  from space 6144K, 100% used [0x000000077b600000, 0x000000077bc00000, 0x000000077bc00000)
  to   space 6144K,   0% used [0x000000077b000000, 0x000000077b000000, 0x000000077b600000)
 concurrent mark-sweep generation total 69632K, used 682K [0x000000077bc00000, 0x0000000780000000, 0x00000007f8000000)
 concurrent-mark-sweep perm gen total 131072K, used 22834K [0x00000007f8000000, 0x0000000800000000, 0x0000000800000000)
Event: 4.745 GC heap after
Heap after GC invocations=2 (full 0):
 par new generation   total 55296K, used 6144K [0x0000000778000000, 0x000000077bc00000, 0x000000077bc00000)
  eden space 49152K,   0% used [0x0000000778000000, 0x0000000778000000, 0x000000077b000000)
  from space 6144K, 100% used [0x000000077b000000, 0x000000077b600000, 0x000000077b600000)
  to   space 6144K,   0% used [0x000000077b600000, 0x000000077b600000, 0x000000077bc00000)
 concurrent mark-sweep generation total 69632K, used 11677K [0x000000077bc00000, 0x0000000780000000, 0x00000007f8000000)
 concurrent-mark-sweep perm gen total 131072K, used 22834K [0x00000007f8000000, 0x0000000800000000, 0x0000000800000000)
}

Deoptimization events (10 events):
Event: 5.352 Thread 0x0000000032547800 Uncommon trap -83 fr.pc 0x000000001aaa4dfc
Event: 5.370 Thread 0x0000000032547800 Uncommon trap -58 fr.pc 0x000000001a91e094
Event: 5.376 Thread 0x0000000032547800 Uncommon trap -58 fr.pc 0x000000001a91e094
Event: 5.377 Thread 0x0000000032547800 Uncommon trap -58 fr.pc 0x000000001a91e094
Event: 5.378 Thread 0x0000000032547800 Uncommon trap -58 fr.pc 0x000000001a91e094
Event: 5.432 Thread 0x0000000032547800 Uncommon trap 668 fr.pc 0x000000001aa6e3d4
Event: 5.678 Thread 0x0000000032547800 Uncommon trap -34 fr.pc 0x000000001a70cae4
Event: 5.741 Thread 0x0000000032547800 Uncommon trap -34 fr.pc 0x000000001a70cae4
Event: 5.816 Thread 0x0000000032547800 Uncommon trap -34 fr.pc 0x000000001a70cae4
Event: 5.839 Thread 0x000000001a1e3800 Uncommon trap -83 fr.pc 0x000000001aa6b108

Internal exceptions (10 events):
Event: 6.185 Thread 0x000000001a1e3800 Threw 0x00000007796b4430 at C:\jdk7u2_64p\jdk7u17\hotspot\src\share\vm\prims\jvm.cpp:1166
Event: 6.198 Thread 0x000000001a1e3800 Threw 0x00000007796ce710 at C:\jdk7u2_64p\jdk7u17\hotspot\src\share\vm\prims\jvm.cpp:1166
Event: 6.199 Thread 0x000000001a1e3800 Threw 0x00000007796d8620 at C:\jdk7u2_64p\jdk7u17\hotspot\src\share\vm\prims\jvm.cpp:1166
Event: 6.201 Thread 0x000000001a1e3800 Threw 0x00000007796dd8e0 at C:\jdk7u2_64p\jdk7u17\hotspot\src\share\vm\prims\jvm.cpp:1166
Event: 6.201 Thread 0x000000001a1e3800 Threw 0x00000007796e00e8 at C:\jdk7u2_64p\jdk7u17\hotspot\src\share\vm\prims\jvm.cpp:1166
Event: 6.202 Thread 0x000000001a1e3800 Threw 0x00000007796e4860 at C:\jdk7u2_64p\jdk7u17\hotspot\src\share\vm\prims\jvm.cpp:1166
Event: 6.204 Thread 0x000000001a1e3800 Threw 0x00000007796f08b0 at C:\jdk7u2_64p\jdk7u17\hotspot\src\share\vm\prims\jvm.cpp:1166
Event: 6.230 Thread 0x000000001a1e3800 Threw 0x00000007796f9278 at C:\jdk7u2_64p\jdk7u17\hotspot\src\share\vm\prims\jvm.cpp:1166
Event: 6.233 Thread 0x000000001a1e3800 Threw 0x00000007796fe670 at C:\jdk7u2_64p\jdk7u17\hotspot\src\share\vm\prims\jvm.cpp:1166
Event: 6.234 Thread 0x000000001a1e3800 Threw 0x0000000779701440 at C:\jdk7u2_64p\jdk7u17\hotspot\src\share\vm\prims\jvm.cpp:1166

Events (10 events):
Event: 6.230 loading class 0x000000002d04aac0
Event: 6.230 loading class 0x000000002d04aac0 done
Event: 6.233 loading class 0x000000002d04c920
Event: 6.233 loading class 0x000000002d04c920 done
Event: 6.234 loading class 0x000000002d04e2a0
Event: 6.234 loading class 0x000000002d04e2a0 done
Event: 6.255 loading class 0x000000002b970800
Event: 6.255 loading class 0x00000000329df6c0
Event: 6.256 loading class 0x00000000329df6c0 done
Event: 6.256 loading class 0x000000002b970800 done


Dynamic libraries:
0x0000000140000000 - 0x000000014000e000 	C:\Xilinx\14.6\ISE_DS\PlanAhead\bin\unwrapped\win64.o\planAhead.exe
0x00007ffc5d8b0000 - 0x00007ffc5da59000 	C:\WINDOWS\SYSTEM32\ntdll.dll
0x00007ffc5c980000 - 0x00007ffc5cab9000 	C:\WINDOWS\system32\KERNEL32.DLL
0x00007ffc5a060000 - 0x00007ffc5a16e000 	C:\WINDOWS\system32\KERNELBASE.dll
0x00007ffc58a70000 - 0x00007ffc58afb000 	C:\WINDOWS\system32\apphelp.dll
0x00007ffc3b560000 - 0x00007ffc3b9df000 	C:\WINDOWS\AppPatch\AppPatch64\AcLayers.DLL
0x00007ffc5a4f0000 - 0x00007ffc5a597000 	C:\WINDOWS\system32\msvcrt.dll
0x00007ffc5bf40000 - 0x00007ffc5c0b1000 	C:\WINDOWS\system32\USER32.dll
0x00007ffc5c640000 - 0x00007ffc5c691000 	C:\WINDOWS\system32\SHLWAPI.dll
0x00007ffc566d0000 - 0x00007ffc566d3000 	C:\WINDOWS\SYSTEM32\sfc.dll
0x00007ffc52630000 - 0x00007ffc526ab000 	C:\WINDOWS\SYSTEM32\WINSPOOL.DRV
0x00007ffc5c810000 - 0x00007ffc5c955000 	C:\WINDOWS\system32\GDI32.dll
0x00007ffc5a8b0000 - 0x00007ffc5aa87000 	C:\WINDOWS\SYSTEM32\combase.dll
0x00007ffc5a3b0000 - 0x00007ffc5a4e6000 	C:\WINDOWS\system32\RPCRT4.dll
0x00007ffc52440000 - 0x00007ffc52450000 	C:\WINDOWS\SYSTEM32\sfc_os.DLL
0x00007ffc4e850000 - 0x00007ffc4e861000 	C:\WINDOWS\SYSTEM32\SortWindows61.dll
0x00007ffc5c6b0000 - 0x00007ffc5c6e4000 	C:\WINDOWS\system32\IMM32.DLL
0x00007ffc5c0c0000 - 0x00007ffc5c1f8000 	C:\WINDOWS\system32\MSCTF.dll
0x000000000a900000 - 0x000000000a945000 	C:\Xilinx\14.6\ISE_DS\PlanAhead\lib\win64.o\SHSMP64.dll
0x0000000180000000 - 0x0000000180013000 	C:\Xilinx\14.6\ISE_DS\PlanAhead\lib\win64.o\libboost_signals.dll
0x0000000001e50000 - 0x00000000026d1000 	C:\Xilinx\14.6\ISE_DS\PlanAhead\lib\win64.o\librdi_common.dll
0x0000000000220000 - 0x0000000000236000 	C:\Xilinx\14.6\ISE_DS\PlanAhead\lib\win64.o\librdi_commonmain.dll
0x00000000026e0000 - 0x00000000027ce000 	C:\Xilinx\14.6\ISE_DS\PlanAhead\lib\win64.o\stlport.5.2.dll
0x00000000652c0000 - 0x0000000065363000 	C:\WINDOWS\WinSxS\amd64_microsoft.vc90.crt_1fc8b3b9a1e18e3b_9.0.30729.8387_none_08e793bfa83a89b5\MSVCR90.dll
0x00007ffc5a800000 - 0x00007ffc5a8a5000 	C:\WINDOWS\system32\ADVAPI32.dll
0x00007ffc52970000 - 0x00007ffc5297a000 	C:\WINDOWS\SYSTEM32\VERSION.dll
0x00000000027d0000 - 0x0000000002ab9000 	C:\Xilinx\14.6\ISE_DS\PlanAhead\lib\win64.o\libCOIN-all.dll
0x0000000002ac0000 - 0x0000000002c75000 	C:\Xilinx\14.6\ISE_DS\PlanAhead\lib\win64.o\libSecurity.dll
0x0000000000280000 - 0x000000000028f000 	C:\Xilinx\14.6\ISE_DS\PlanAhead\lib\win64.o\libboost_date_time.dll
0x0000000000290000 - 0x00000000002b7000 	C:\Xilinx\14.6\ISE_DS\PlanAhead\lib\win64.o\libboost_filesystem.dll
0x0000000002c80000 - 0x0000000002cf1000 	C:\Xilinx\14.6\ISE_DS\PlanAhead\lib\win64.o\libboost_program_options.dll
0x0000000002d00000 - 0x0000000002daf000 	C:\Xilinx\14.6\ISE_DS\PlanAhead\lib\win64.o\libboost_regex.dll
0x00000000002c0000 - 0x00000000002c9000 	C:\Xilinx\14.6\ISE_DS\PlanAhead\lib\win64.o\libboost_system.dll
0x00000000002d0000 - 0x00000000002e6000 	C:\Xilinx\14.6\ISE_DS\PlanAhead\lib\win64.o\libboost_thread.dll
0x0000000000580000 - 0x00000000005c3000 	C:\Xilinx\14.6\ISE_DS\PlanAhead\lib\win64.o\libcurl.dll
0x0000000002db0000 - 0x0000000002e33000 	C:\Xilinx\14.6\ISE_DS\PlanAhead\lib\win64.o\libhdlpsolve.dll
0x0000000002e40000 - 0x0000000002ef7000 	C:\Xilinx\14.6\ISE_DS\PlanAhead\lib\win64.o\libhdxml.dll
0x0000000002f00000 - 0x00000000034430d3 	C:\Xilinx\14.6\ISE_DS\PlanAhead\lib\win64.o\libisl_iostreams.dll
0x0000000003450000 - 0x0000000003479000 	C:\Xilinx\14.6\ISE_DS\PlanAhead\lib\win64.o\libisl_sysinfo.dll
0x00000000649f0000 - 0x000000006510f000 	C:\Xilinx\14.6\ISE_DS\PlanAhead\tps\win64\jre\bin\server\jvm.dll
0x0000000003480000 - 0x0000000003492000 	C:\Xilinx\14.6\ISE_DS\PlanAhead\lib\win64.o\pthreadVC.dll
0x00000000034a0000 - 0x00000000034b6000 	C:\Xilinx\14.6\ISE_DS\PlanAhead\lib\win64.o\librdiconfig.dll
0x00000000034c0000 - 0x00000000034de000 	C:\Xilinx\14.6\ISE_DS\PlanAhead\lib\win64.o\librdizlib.dll
0x0000000010000000 - 0x000000001012a000 	C:\Xilinx\14.6\ISE_DS\PlanAhead\lib\win64.o\tcl85t.dll
0x0000000012000000 - 0x0000000012282000 	C:\Xilinx\14.6\ISE_DS\PlanAhead\lib\win64.o\xerces-c_3_1.dll
0x00007ffc5c6a0000 - 0x00007ffc5c6a7000 	C:\WINDOWS\system32\PSAPI.DLL
0x00007ffc529c0000 - 0x00007ffc52c00000 	C:\WINDOWS\SYSTEM32\WININET.dll
0x00007ffc52560000 - 0x00007ffc52625000 	C:\WINDOWS\SYSTEM32\WINHTTP.dll
0x00007ffc52eb0000 - 0x00007ffc5300f000 	C:\WINDOWS\SYSTEM32\urlmon.dll
0x00007ffc587c0000 - 0x00007ffc587c9000 	C:\WINDOWS\SYSTEM32\WSOCK32.dll
0x0000000065370000 - 0x0000000065443000 	C:\WINDOWS\WinSxS\amd64_microsoft.vc90.crt_1fc8b3b9a1e18e3b_9.0.30729.8387_none_08e793bfa83a89b5\MSVCP90.dll
0x00007ffc5aa90000 - 0x00007ffc5be9f000 	C:\WINDOWS\system32\SHELL32.dll
0x00007ffc5c3a0000 - 0x00007ffc5c3f7000 	C:\WINDOWS\SYSTEM32\sechost.dll
0x00007ffc553b0000 - 0x00007ffc553c5000 	C:\WINDOWS\SYSTEM32\NETAPI32.dll
0x00007ffc5bea0000 - 0x00007ffc5bf3a000 	C:\WINDOWS\system32\COMDLG32.dll
0x00007ffc59f10000 - 0x00007ffc59fb1000 	C:\WINDOWS\WinSxS\amd64_microsoft.windows.common-controls_6595b64144ccf1df_5.82.9600.16384_none_34a8918f959016ea\COMCTL32.dll
0x0000000003570000 - 0x000000000357c000 	C:\Xilinx\14.6\ISE_DS\PlanAhead\lib\win64.o\libboost_chrono.dll
0x00007ffc5c400000 - 0x00007ffc5c458000 	C:\WINDOWS\system32\WS2_32.dll
0x00007ffc5c7b0000 - 0x00007ffc5c80a000 	C:\WINDOWS\system32\WLDAP32.dll
0x00000000035b0000 - 0x00000000035c9000 	C:\Xilinx\14.6\ISE_DS\PlanAhead\lib\win64.o\libboost_iostreams.dll
0x00007ffc50de0000 - 0x00007ffc50dff000 	C:\WINDOWS\SYSTEM32\WINMM.dll
0x00000000651e0000 - 0x00000000652b2000 	C:\WINDOWS\SYSTEM32\MSVCR100.dll
0x00007ffc52c00000 - 0x00007ffc52ea8000 	C:\WINDOWS\SYSTEM32\iertutil.dll
0x00007ffc5a670000 - 0x00007ffc5a7e6000 	C:\WINDOWS\system32\ole32.dll
0x00007ffc590f0000 - 0x00007ffc590fc000 	C:\WINDOWS\SYSTEM32\netutils.dll
0x00007ffc59a50000 - 0x00007ffc59a75000 	C:\WINDOWS\SYSTEM32\srvcli.dll
0x00007ffc55370000 - 0x00007ffc55386000 	C:\WINDOWS\SYSTEM32\wkscli.dll
0x00007ffc5a5a0000 - 0x00007ffc5a5a9000 	C:\WINDOWS\system32\NSI.dll
0x00007ffc50db0000 - 0x00007ffc50dda000 	C:\WINDOWS\SYSTEM32\WINMMBASE.dll
0x00007ffc56ec0000 - 0x00007ffc56f61000 	C:\WINDOWS\SYSTEM32\SHCORE.DLL
0x00007ffc5a010000 - 0x00007ffc5a05a000 	C:\WINDOWS\SYSTEM32\cfgmgr32.dll
0x00007ffc58cd0000 - 0x00007ffc58cf6000 	C:\WINDOWS\SYSTEM32\DEVOBJ.dll
0x0000000005270000 - 0x0000000005563000 	C:\Xilinx\14.6\ISE_DS\PlanAhead\lib\win64.o\librdi_commontasks.dll
0x0000000005d70000 - 0x00000000063b0000 	C:\Xilinx\14.6\ISE_DS\PlanAhead\lib\win64.o\librdi_coretasks.dll
0x00000000063b0000 - 0x0000000006577000 	C:\Xilinx\14.6\ISE_DS\PlanAhead\lib\win64.o\librdi_chipscope.dll
0x0000000006580000 - 0x00000000075a0000 	C:\Xilinx\14.6\ISE_DS\PlanAhead\lib\win64.o\librdi_constraints.dll
0x00000000075a0000 - 0x000000000886c000 	C:\Xilinx\14.6\ISE_DS\PlanAhead\lib\win64.o\librdi_coregen.dll
0x000000000a950000 - 0x000000000dfa1000 	C:\Xilinx\14.6\ISE_DS\PlanAhead\lib\win64.o\librdi_designutils.dll
0x0000000008870000 - 0x000000000944a000 	C:\Xilinx\14.6\ISE_DS\PlanAhead\lib\win64.o\librdi_device.dll
0x0000000009450000 - 0x0000000009764000 	C:\Xilinx\14.6\ISE_DS\PlanAhead\lib\win64.o\librdi_drc.dll
0x0000000009770000 - 0x00000000099fe000 	C:\Xilinx\14.6\ISE_DS\PlanAhead\lib\win64.o\librdi_filemgmt.dll
0x0000000009a00000 - 0x0000000009dd6000 	C:\Xilinx\14.6\ISE_DS\PlanAhead\lib\win64.o\librdi_netlist.dll
0x000000000dfb0000 - 0x000000000f0d3000 	C:\Xilinx\14.6\ISE_DS\PlanAhead\lib\win64.o\librdi_place.dll
0x0000000009de0000 - 0x000000000a302000 	C:\Xilinx\14.6\ISE_DS\PlanAhead\lib\win64.o\librdi_power.dll
0x000000000a310000 - 0x000000000a6c3000 	C:\Xilinx\14.6\ISE_DS\PlanAhead\lib\win64.o\librdi_project.dll
0x000000000f0e0000 - 0x000000000f67d000 	C:\Xilinx\14.6\ISE_DS\PlanAhead\lib\win64.o\librdi_rsb.dll
0x000000000f680000 - 0x000000000fa78000 	C:\Xilinx\14.6\ISE_DS\PlanAhead\lib\win64.o\librdi_runs.dll
0x0000000010130000 - 0x0000000010c08000 	C:\Xilinx\14.6\ISE_DS\PlanAhead\lib\win64.o\librdi_timing.dll
0x0000000003a10000 - 0x0000000003a7e000 	C:\Xilinx\14.6\ISE_DS\PlanAhead\lib\win64.o\liblmx6.0.dll
0x0000000003860000 - 0x0000000003868000 	C:\Xilinx\14.6\ISE_DS\PlanAhead\lib\win64.o\libpsta_dllwrapper.dll
0x0000000010c10000 - 0x00000000113df000 	C:\Xilinx\14.6\ISE_DS\PlanAhead\lib\win64.o\librdi_coregenipxact.dll
0x00000000113e0000 - 0x0000000011b80000 	C:\Xilinx\14.6\ISE_DS\PlanAhead\lib\win64.o\libverific.dll
0x000000000a6d0000 - 0x000000000a74d000 	C:\Xilinx\14.6\ISE_DS\PlanAhead\lib\win64.o\libboost_serialization.dll
0x000000000fa80000 - 0x000000000ffc4000 	C:\Xilinx\14.6\ISE_DS\PlanAhead\lib\win64.o\librdi_xdm.dll
0x000000000a7a0000 - 0x000000000a830000 	C:\Xilinx\14.6\ISE_DS\PlanAhead\lib\win64.o\libise.dll
0x0000000012290000 - 0x000000001286c000 	C:\Xilinx\14.6\ISE_DS\PlanAhead\lib\win64.o\librdi_abc_nomp.dll
0x0000000011b80000 - 0x0000000011ca8000 	C:\Xilinx\14.6\ISE_DS\PlanAhead\lib\win64.o\librdi_dlyest.dll
0x000000000a830000 - 0x000000000a84a000 	C:\Xilinx\14.6\ISE_DS\PlanAhead\lib\win64.o\librdi_hmetis.dll
0x00000000651c0000 - 0x00000000651d1000 	C:\WINDOWS\WinSxS\amd64_microsoft.vc90.openmp_1fc8b3b9a1e18e3b_9.0.21022.8_none_a5325551f9d85633\VCOMP90.DLL
0x0000000012870000 - 0x0000000012e5e000 	C:\Xilinx\14.6\ISE_DS\PlanAhead\lib\win64.o\librdi_route.dll
0x0000000011cb0000 - 0x0000000011eda000 	C:\Xilinx\14.6\ISE_DS\PlanAhead\lib\win64.o\librdi_labtools.dll
0x0000000012e60000 - 0x000000001339b000 	C:\Xilinx\14.6\ISE_DS\PlanAhead\lib\win64.o\librdi_memdata.dll
0x00000000133a0000 - 0x0000000014acf000 	C:\Xilinx\14.6\ISE_DS\PlanAhead\lib\win64.o\librdi_synth.dll
0x0000000014ad0000 - 0x0000000014f0e000 	C:\Xilinx\14.6\ISE_DS\PlanAhead\lib\win64.o\librdi_ip.dll
0x0000000011f10000 - 0x0000000011f4d000 	C:\Xilinx\14.6\ISE_DS\PlanAhead\lib\win64.o\librdi_simbridge_kernel.dll
0x0000000014f10000 - 0x0000000015386000 	C:\Xilinx\14.6\ISE_DS\PlanAhead\lib\win64.o\librdi_wavedata.dll
0x0000000016890000 - 0x0000000018948000 	C:\Xilinx\14.6\ISE_DS\PlanAhead\lib\win64.o\librdi_tcltasks.dll
0x0000000018950000 - 0x0000000018bc4000 	C:\Xilinx\14.6\ISE_DS\PlanAhead\lib\win64.o\librdi_bitstream.dll
0x0000000018bd0000 - 0x0000000018ca4000 	C:\Xilinx\14.6\ISE_DS\PlanAhead\lib\win64.o\librdi_dsp.dll
0x0000000018cb0000 - 0x0000000018d1e000 	C:\Xilinx\14.6\ISE_DS\PlanAhead\lib\win64.o\librdi_edk.dll
0x0000000018d20000 - 0x0000000018f2e000 	C:\Xilinx\14.6\ISE_DS\PlanAhead\lib\win64.o\librdi_simdata.dll
0x0000000019130000 - 0x0000000019286000 	C:\Xilinx\14.6\ISE_DS\PlanAhead\lib\win64.o\librdi_planaheadtasks.dll
0x0000000019290000 - 0x000000001a0d8000 	C:\Xilinx\14.6\ISE_DS\PlanAhead\lib\win64.o\librdi_ipservicestasks.dll
0x00000000651b0000 - 0x00000000651bf000 	C:\Xilinx\14.6\ISE_DS\PlanAhead\tps\win64\jre\bin\verify.dll
0x0000000065180000 - 0x00000000651a8000 	C:\Xilinx\14.6\ISE_DS\PlanAhead\tps\win64\jre\bin\java.dll
0x0000000065160000 - 0x0000000065175000 	C:\Xilinx\14.6\ISE_DS\PlanAhead\tps\win64\jre\bin\zip.dll
0x0000000065140000 - 0x0000000065159000 	C:\Xilinx\14.6\ISE_DS\PlanAhead\tps\win64\jre\bin\net.dll
0x00007ffc596a0000 - 0x00007ffc596f8000 	C:\WINDOWS\system32\mswsock.dll
0x00000000649d0000 - 0x00000000649e1000 	C:\Xilinx\14.6\ISE_DS\PlanAhead\tps\win64\jre\bin\nio.dll
0x0000000027bd0000 - 0x0000000027eb6000 	C:\Xilinx\14.6\ISE_DS\PlanAhead\lib\win64.o\librdi_fed.dll
0x0000000027ed0000 - 0x0000000028131000 	C:\Xilinx\14.6\ISE_DS\PlanAhead\lib\win64.o\librdi_guitools.dll
0x0000000028150000 - 0x0000000028157000 	C:\Xilinx\14.6\ISE_DS\PlanAhead\lib\win64.o\librdi_commonx11.dll
0x0000000028170000 - 0x000000002855e000 	C:\Xilinx\14.6\ISE_DS\PlanAhead\lib\win64.o\librdi_rsbtasks.dll
0x0000000028570000 - 0x00000000287b9000 	C:\Xilinx\14.6\ISE_DS\PlanAhead\lib\win64.o\librdi_labtoolstasks.dll
0x00000000287d0000 - 0x0000000028988000 	C:\Xilinx\14.6\ISE_DS\PlanAhead\lib\win64.o\librdi_simtcltasks.dll
0x0000000064830000 - 0x00000000649c3000 	C:\Xilinx\14.6\ISE_DS\PlanAhead\tps\win64\jre\bin\awt.dll
0x00007ffc5c6f0000 - 0x00007ffc5c7a7000 	C:\WINDOWS\system32\OLEAUT32.dll
0x00007ffc58ba0000 - 0x00007ffc58cc2000 	C:\WINDOWS\system32\uxtheme.dll

VM Arguments:
jvm_args: -Dsun.java2d.pmoffscreen=false -Xverify:none -Dswing.aatext=true -XX:-UsePerfData -Djdk.map.althashing.threshold=512 -XX:PermSize=128m -XX:MaxPermSize=128m -XX:NewSize=60m -XX:MaxNewSize=60m -XX:+UseConcMarkSweepGC -XX:+UseParNewGC -XX:+CMSParallelRemarkEnabled -XX:+CMSScavengeBeforeRemark -XX:+UseNUMA -XX:+AggressiveOpts -XX:+UseFastAccessorMethods -XX:+UseFastEmptyMethods -XX:+UseBiasedLocking -XX:+TieredCompilation -Xms128m -Xmx2048m -Xss3m 
java_command: <unknown>
Launcher Type: generic

Environment Variables:
PATH=C:/Xilinx/14.6/ISE_DS/PlanAhead/bin;C:/Xilinx/14.6/ISE_DS/PlanAhead/lib/win64.o;C:/Xilinx/14.6/ISE_DS/PlanAhead/tps/win64/jre/bin/server;C:/Xilinx/14.6/ISE_DS/PlanAhead/tps/win64/jre/bin;C:/Xilinx/14.6/ISE_DS/EDK/bin/nt64;C:/Xilinx/14.6/ISE_DS/EDK/lib/nt64;C:/Xilinx/14.6/ISE_DS/ISE/bin/nt64;C:/Xilinx/14.6/ISE_DS/ISE/lib/nt64;C:/Xilinx/14.6/ISE_DS/common/bin/nt64;C:/Xilinx/14.6/ISE_DS/common/lib/nt64;C:\Xilinx\14.6\ISE_DS\ISE\\lib\nt64;C:\Xilinx\14.6\ISE_DS\ISE\\bin\nt64;C:\Xilinx\14.6\ISE_DS\ISE\bin\nt64;C:\Xilinx\14.6\ISE_DS\ISE\lib\nt64;C:\Xilinx\14.6\ISE_DS\ISE\..\..\..\DocNav;C:\Xilinx\14.6\ISE_DS\PlanAhead\bin;C:\Xilinx\14.6\ISE_DS\EDK\bin\nt64;C:\Xilinx\14.6\ISE_DS\EDK\lib\nt64;C:\Xilinx\14.6\ISE_DS\EDK\gnu\microblaze\nt\bin;C:\Xilinx\14.6\ISE_DS\EDK\gnu\powerpc-eabi\nt\bin;C:\Xilinx\14.6\ISE_DS\EDK\gnuwin\bin;C:\Xilinx\14.6\ISE_DS\EDK\gnu\arm\nt\bin;C:\Xilinx\14.6\ISE_DS\EDK\gnu\microblaze\linux_toolchain\nt64_be\bin;C:\Xilinx\14.6\ISE_DS\EDK\gnu\microblaze\linux_toolchain\nt64_le\bin;C:\Xilinx\14.6\ISE_DS\common\bin\nt64;C:\Xilinx\14.6\ISE_DS\common\lib\nt64;c:\mingw\bin;C:\Python27\Lib\site-packages\PyQt4;C:\WINDOWS\system32;C:\WINDOWS;C:\WINDOWS\System32\Wbem;C:\WINDOWS\System32\WindowsPowerShell\v1.0\;C:\Python27;C:\Python27\Scripts
USERNAME=Franco
OS=Windows_NT
PROCESSOR_IDENTIFIER=Intel64 Family 6 Model 58 Stepping 9, GenuineIntel



---------------  S Y S T E M  ---------------

OS: Windows 7 , 64 bit Build 7600 

CPU:total 4 (2 cores per cpu, 2 threads per core) family 6 model 58 stepping 9, cmov, cx8, fxsr, mmx, sse, sse2, sse3, ssse3, sse4.1, sse4.2, popcnt, avx, ht, tsc, tscinvbit, tscinv

Memory: 4k page, physical 3888668k(1359428k free), swap 7820832k(4487036k free)

vm_info: Java HotSpot(TM) 64-Bit Server VM (23.7-b01) for windows-amd64 JRE (1.7.0_17-b02), built on Mar  1 2013 03:38:30 by "java_re" with unknown MS VC++:1600

time: Wed Nov 27 17:38:49 2013
elapsed time: 6 seconds

