#
# A fatal error has been detected by the Java Runtime Environment:
#
#  EXCEPTION_ACCESS_VIOLATION (0xc0000005) at pc=0x00007ffc5a4f1cd4, pid=6808, tid=6612
#
# JRE version: 7.0_17-b02
# Java VM: Java HotSpot(TM) 64-Bit Server VM (23.7-b01 mixed mode windows-amd64 compressed oops)
# Problematic frame:
# C  [msvcrt.dll+0x1cd4]  operator delete[]+0x0
#
# Failed to write core dump. Minidumps are not enabled by default on client versions of Windows
#
# If you would like to submit a bug report, please visit:
#   http://bugreport.sun.com/bugreport/crash.jsp
# The crash happened outside the Java Virtual Machine in native code.
# See problematic frame for where to report the bug.
#

---------------  T H R E A D  ---------------

Current thread (0x000000002c2a6000):  JavaThread "Swing-Shell" daemon [_thread_in_native, id=6612, stack(0x00000000331c0000,0x00000000334c0000)]

siginfo: ExceptionCode=0xc0000005, writing address 0x0000000000000000

Registers:
RAX=0x0000000000000000, RBX=0x0000000000000000, RCX=0x0000000000000000, RDX=0x0000000000000011
RSP=0x00000000334becd8, RBP=0x0000000000000000, RSI=0x0000000000000002, RDI=0x0000000000000000
R8 =0x00000000789222bc, R9 =0x00007ffc3b597550, R10=0x0000000000000000, R11=0x00000000334beac0
R12=0x0000000000000005, R13=0x00007ffc4e8ab070, R14=0x00000000267092e0, R15=0x00007ffc4e8ab070
RIP=0x00007ffc5a4f1cd4, EFLAGS=0x0000000000010246

Top of Stack: (sp=0x00000000334becd8)
0x00000000334becd8:   00007ffc4e8a32a7 00007ffc4e8ab070
0x00000000334bece8:   00000000267092e0 00007ffc4e8ab070
0x00000000334becf8:   000000002c353240 0000000000000004
0x00000000334bed08:   0000000033a0c9dc 00007ffc4e8ab070
0x00000000334bed18:   00000000334bede0 0000000000000002
0x00000000334bed28:   00007ffc4e8a3c66 00000000267092e0
0x00000000334bed38:   00007ffc00001f40 00000000334bee49
0x00000000334bed48:   00007ffc4e8ac3c0 0000000000000002
0x00000000334bed58:   00007ffc4e8a3416 00000000334bee00
0x00000000334bed68:   000000001a360300 0000000000000000
0x00000000334bed78:   0000000000000002 0000000000000000
0x00000000334bed88:   0000000000170000 0000000000000000
0x00000000334bed98:   00000000334bef10 0000000000000005
0x00000000334beda8:   00007ffc4e885cc3 0000000000000000
0x00000000334bedb8:   000000001a360388 000000001a360300
0x00000000334bedc8:   000000001a360388 00007ffc3b5d6840 

Instructions: (pc=0x00007ffc5a4f1cd4)
0x00007ffc5a4f1cb4:   33 d2 ff 15 fc b5 09 00 85 c0 75 d0 e9 4c d5 03
0x00007ffc5a4f1cc4:   00 cc 90 90 90 90 90 90 48 b8 60 81 91 0a 00 00
0x00007ffc5a4f1cd4:   00 00 ff e0 91 0a 00 00 00 00 ff e0 48 b8 60 73
0x00007ffc5a4f1ce4:   91 0a 00 00 00 00 ff e0 83 ec 20 48 83 3d c9 d3 


Register to memory mapping:

RAX=0x0000000000000000 is an unknown value
RBX=0x0000000000000000 is an unknown value
RCX=0x0000000000000000 is an unknown value
RDX=0x0000000000000011 is an unknown value
RSP=0x00000000334becd8 is pointing into the stack for thread: 0x000000002c2a6000
RBP=0x0000000000000000 is an unknown value
RSI=0x0000000000000002 is an unknown value
RDI=0x0000000000000000 is an unknown value
R8 =0x00000000789222bc is an unknown value
R9 =0x00007ffc3b597550 is an unknown value
R10=0x0000000000000000 is an unknown value
R11=0x00000000334beac0 is pointing into the stack for thread: 0x000000002c2a6000
R12=0x0000000000000005 is an unknown value
R13=0x00007ffc4e8ab070 is an unknown value
R14=0x00000000267092e0 is an unknown value
R15=0x00007ffc4e8ab070 is an unknown value


Stack: [0x00000000331c0000,0x00000000334c0000],  sp=0x00000000334becd8,  free space=3067k
Native frames: (J=compiled Java code, j=interpreted, Vv=VM code, C=native code)
C  [msvcrt.dll+0x1cd4]  operator delete[]+0x0

[error occurred during error reporting (printing native stack), id 0xc0000005]

Java frames: (J=compiled Java code, j=interpreted, Vv=VM code)
j  sun.awt.shell.Win32ShellFolder2.getNextChild(J)J+0
j  sun.awt.shell.Win32ShellFolder2.access$1100(Lsun/awt/shell/Win32ShellFolder2;J)J+2
j  sun.awt.shell.Win32ShellFolder2$9.call()[Ljava/io/File;+94
j  sun.awt.shell.Win32ShellFolder2$9.call()Ljava/lang/Object;+1
j  java.util.concurrent.FutureTask$Sync.innerRun()V+29
j  java.util.concurrent.FutureTask.run()V+4
j  java.util.concurrent.ThreadPoolExecutor.runWorker(Ljava/util/concurrent/ThreadPoolExecutor$Worker;)V+95
j  java.util.concurrent.ThreadPoolExecutor$Worker.run()V+5
j  sun.awt.shell.Win32ShellFolderManager2$ComInvoker$3.run()V+7
j  java.lang.Thread.run()V+11
v  ~StubRoutines::call_stub

---------------  P R O C E S S  ---------------

Java Threads: ( => current thread )
=>0x000000002c2a6000 JavaThread "Swing-Shell" daemon [_thread_in_native, id=6612, stack(0x00000000331c0000,0x00000000334c0000)]
  0x000000002e985800 JavaThread "HFileChooser Load File/Folder Choosers Thread" [_thread_blocked, id=9928, stack(0x0000000032ec0000,0x00000000331c0000)]
  0x0000000032a57000 JavaThread "Monitor File Timestamp" [_thread_blocked, id=9836, stack(0x0000000032ac0000,0x0000000032dc0000)]
  0x000000002c41d000 JavaThread "Image Fetcher 3" daemon [_thread_blocked, id=6244, stack(0x000000002cac0000,0x000000002cdc0000)]
  0x000000002a0f2800 JavaThread "Image Fetcher 2" daemon [_thread_blocked, id=4080, stack(0x000000002c7c0000,0x000000002cac0000)]
  0x000000002a0f7800 JavaThread "Image Fetcher 1" daemon [_thread_blocked, id=9752, stack(0x000000002c4c0000,0x000000002c7c0000)]
  0x000000002a8d7000 JavaThread "Image Fetcher 0" daemon [_thread_blocked, id=5224, stack(0x000000002b5b0000,0x000000002b8b0000)]
  0x000000001a1e4000 JavaThread "AWT-EventQueue-1" [_thread_in_vm, id=10020, stack(0x000000002b0b0000,0x000000002b3b0000)]
  0x000000001a1e8800 JavaThread "Process Messages" [_thread_blocked, id=5016, stack(0x000000002adb0000,0x000000002b0b0000)]
  0x000000001a1ee000 JavaThread "Thread-3" [_thread_blocked, id=8372, stack(0x0000000003ad0000,0x0000000004ed0000)]
  0x000000002aa45800 JavaThread "AWT-EventQueue-0" [_thread_blocked, id=5748, stack(0x000000002aab0000,0x000000002adb0000)]
  0x0000000028a7c800 JavaThread "AWT-Windows" daemon [_thread_in_native, id=7292, stack(0x00000000299b0000,0x0000000029cb0000)]
  0x0000000028a7d800 JavaThread "AWT-Shutdown" [_thread_blocked, id=1080, stack(0x00000000296b0000,0x00000000299b0000)]
  0x0000000028a20800 JavaThread "Java2D Disposer" daemon [_thread_blocked, id=9416, stack(0x00000000293b0000,0x00000000296b0000)]
  0x0000000027a40800 JavaThread "TimerQueue" daemon [_thread_blocked, id=5484, stack(0x0000000028fb0000,0x00000000292b0000)]
  0x0000000021400800 JavaThread "Service Thread" daemon [_thread_blocked, id=8560, stack(0x00000000273c0000,0x00000000276c0000)]
  0x00000000213e5000 JavaThread "C1 CompilerThread2" daemon [_thread_blocked, id=7192, stack(0x00000000272c0000,0x00000000273c0000)]
  0x00000000213e1000 JavaThread "C2 CompilerThread1" daemon [_thread_blocked, id=3068, stack(0x00000000271c0000,0x00000000272c0000)]
  0x0000000021351000 JavaThread "C2 CompilerThread0" daemon [_thread_blocked, id=4488, stack(0x00000000270c0000,0x00000000271c0000)]
  0x00000000213d1800 JavaThread "Attach Listener" daemon [_thread_blocked, id=2772, stack(0x0000000026dc0000,0x00000000270c0000)]
  0x00000000266e2000 JavaThread "Signal Dispatcher" daemon [_thread_blocked, id=4192, stack(0x0000000026ac0000,0x0000000026dc0000)]
  0x00000000266e4000 JavaThread "Surrogate Locker Thread (Concurrent GC)" daemon [_thread_blocked, id=6616, stack(0x00000000267c0000,0x0000000026ac0000)]
  0x0000000021375800 JavaThread "Finalizer" daemon [_thread_blocked, id=4420, stack(0x00000000263c0000,0x00000000266c0000)]
  0x0000000021377000 JavaThread "Reference Handler" daemon [_thread_blocked, id=9696, stack(0x00000000260c0000,0x00000000263c0000)]
  0x000000001a22b000 JavaThread "main" [_thread_blocked, id=7564, stack(0x000000001a3e0000,0x000000001a4e0000)]

Other Threads:
  0x0000000021322000 VMThread [stack: 0x0000000025fc0000,0x00000000260c0000] [id=4984]
  0x000000001a320800 WatcherThread [stack: 0x00000000276c0000,0x00000000277c0000] [id=9832]

VM state:not at safepoint (normal execution)

VM Mutex/Monitor currently owned by a thread: None

Heap
 par new generation   total 55296K, used 35161K [0x0000000778000000, 0x000000077bc00000, 0x000000077bc00000)
  eden space 49152K,  59% used [0x0000000778000000, 0x0000000779c564b8, 0x000000077b000000)
  from space 6144K, 100% used [0x000000077b000000, 0x000000077b600000, 0x000000077b600000)
  to   space 6144K,   0% used [0x000000077b600000, 0x000000077b600000, 0x000000077bc00000)
 concurrent mark-sweep generation total 69632K, used 11254K [0x000000077bc00000, 0x0000000780000000, 0x00000007f8000000)
 concurrent-mark-sweep perm gen total 131072K, used 29037K [0x00000007f8000000, 0x0000000800000000, 0x0000000800000000)

Card table byte_map: [0x0000000020a80000,0x0000000020ed0000] byte_map_base: 0x000000001cec0000

Polling page: 0x000000001a4e0000

Code Cache  [0x000000001a500000, 0x000000001ac30000, 0x0000000020500000)
 total_blobs=2554 nmethods=1944 adapters=525 free_code_cache=91033Kb largest_free_block=93156480

Compilation events (10 events):
Event: 6.678 Thread 0x00000000213e5000 2116       3       com.jidesoft.docking.DockableFrame::yQ (8 bytes)
Event: 6.678 Thread 0x00000000213e5000 nmethod 2116 0x000000001ab86a10 code [0x000000001ab86b80, 0x000000001ab86df0]
Event: 6.678 Thread 0x00000000213e5000 2114       3       javax.swing.plaf.basic.BasicLabelUI::installKeyboardActions (97 bytes)
Event: 6.681 Thread 0x00000000213e5000 nmethod 2114 0x000000001ab9b190 code [0x000000001ab9b480, 0x000000001ab9ca28]
Event: 6.681 Thread 0x00000000213e5000 2113       3       javax.swing.plaf.basic.BasicListUI::getCellBounds (258 bytes)
Event: 6.683 Thread 0x00000000213e5000 nmethod 2113 0x000000001ab9d390 code [0x000000001ab9d5e0, 0x000000001ab9e178]
Event: 6.683 Thread 0x00000000213e5000 2118       3       ui.frmwork.af::getFullName (67 bytes)
Event: 6.685 Thread 0x00000000213e5000 nmethod 2118 0x000000001ab9e8d0 code [0x000000001ab9eb00, 0x000000001ab9f988]
Event: 6.685 Thread 0x00000000213e5000 2117       3       ui.frmwork.ad::b (6 bytes)
Event: 6.685 Thread 0x00000000213e5000 nmethod 2117 0x000000001ab9ffd0 code [0x000000001aba0120, 0x000000001aba02d0]

GC Heap History (4 events):
Event: 2.183 GC heap before
{Heap before GC invocations=0 (full 0):
 par new generation   total 55296K, used 49152K [0x0000000778000000, 0x000000077bc00000, 0x000000077bc00000)
  eden space 49152K, 100% used [0x0000000778000000, 0x000000077b000000, 0x000000077b000000)
  from space 6144K,   0% used [0x000000077b000000, 0x000000077b000000, 0x000000077b600000)
  to   space 6144K,   0% used [0x000000077b600000, 0x000000077b600000, 0x000000077bc00000)
 concurrent mark-sweep generation total 69632K, used 0K [0x000000077bc00000, 0x0000000780000000, 0x00000007f8000000)
 concurrent-mark-sweep perm gen total 131072K, used 13177K [0x00000007f8000000, 0x0000000800000000, 0x0000000800000000)
Event: 2.205 GC heap after
Heap after GC invocations=1 (full 0):
 par new generation   total 55296K, used 6144K [0x0000000778000000, 0x000000077bc00000, 0x000000077bc00000)
  eden space 49152K,   0% used [0x0000000778000000, 0x0000000778000000, 0x000000077b000000)
  from space 6144K, 100% used [0x000000077b600000, 0x000000077bc00000, 0x000000077bc00000)
  to   space 6144K,   0% used [0x000000077b000000, 0x000000077b000000, 0x000000077b600000)
 concurrent mark-sweep generation total 69632K, used 787K [0x000000077bc00000, 0x0000000780000000, 0x00000007f8000000)
 concurrent-mark-sweep perm gen total 131072K, used 13177K [0x00000007f8000000, 0x0000000800000000, 0x0000000800000000)
}
Event: 5.200 GC heap before
{Heap before GC invocations=1 (full 0):
 par new generation   total 55296K, used 55296K [0x0000000778000000, 0x000000077bc00000, 0x000000077bc00000)
  eden space 49152K, 100% used [0x0000000778000000, 0x000000077b000000, 0x000000077b000000)
  from space 6144K, 100% used [0x000000077b600000, 0x000000077bc00000, 0x000000077bc00000)
  to   space 6144K,   0% used [0x000000077b000000, 0x000000077b000000, 0x000000077b600000)
 concurrent mark-sweep generation total 69632K, used 787K [0x000000077bc00000, 0x0000000780000000, 0x00000007f8000000)
 concurrent-mark-sweep perm gen total 131072K, used 23182K [0x00000007f8000000, 0x0000000800000000, 0x0000000800000000)
Event: 5.304 GC heap after
Heap after GC invocations=2 (full 0):
 par new generation   total 55296K, used 6144K [0x0000000778000000, 0x000000077bc00000, 0x000000077bc00000)
  eden space 49152K,   0% used [0x0000000778000000, 0x0000000778000000, 0x000000077b000000)
  from space 6144K, 100% used [0x000000077b000000, 0x000000077b600000, 0x000000077b600000)
  to   space 6144K,   0% used [0x000000077b600000, 0x000000077b600000, 0x000000077bc00000)
 concurrent mark-sweep generation total 69632K, used 11254K [0x000000077bc00000, 0x0000000780000000, 0x00000007f8000000)
 concurrent-mark-sweep perm gen total 131072K, used 23182K [0x00000007f8000000, 0x0000000800000000, 0x0000000800000000)
}

Deoptimization events (10 events):
Event: 5.914 Thread 0x000000002e985800 Uncommon trap -58 fr.pc 0x000000001a91c054
Event: 5.958 Thread 0x000000002e985800 Uncommon trap 668 fr.pc 0x000000001aa30994
Event: 6.035 Thread 0x000000001a1e4000 Uncommon trap -34 fr.pc 0x000000001a7cfa28
Event: 6.035 Thread 0x000000001a1e4000 Uncommon trap -34 fr.pc 0x000000001a7cfa28
Event: 6.035 Thread 0x000000001a1e4000 Uncommon trap -34 fr.pc 0x000000001a7cfa28
Event: 6.035 Thread 0x000000001a1e4000 Uncommon trap -34 fr.pc 0x000000001a7cfa28
Event: 6.153 Thread 0x000000002e985800 Uncommon trap -34 fr.pc 0x000000001a6f3be0
Event: 6.219 Thread 0x000000002e985800 Uncommon trap -34 fr.pc 0x000000001a6f3be0
Event: 6.285 Thread 0x000000002e985800 Uncommon trap -34 fr.pc 0x000000001a6f3be0
Event: 6.316 Thread 0x000000001a1e4000 Uncommon trap -83 fr.pc 0x000000001aa14f48

Internal exceptions (10 events):
Event: 6.343 Thread 0x000000001a1e4000 Threw 0x0000000778e7f8e8 at C:\jdk7u2_64p\jdk7u17\hotspot\src\share\vm\prims\jvm.cpp:1166
Event: 6.343 Thread 0x000000001a1e4000 Threw 0x0000000778e817a0 at C:\jdk7u2_64p\jdk7u17\hotspot\src\share\vm\prims\jvm.cpp:1166
Event: 6.344 Thread 0x000000001a1e4000 Threw 0x0000000778e83760 at C:\jdk7u2_64p\jdk7u17\hotspot\src\share\vm\prims\jvm.cpp:1166
Event: 6.348 Thread 0x000000001a1e4000 Threw 0x0000000778ff8208 at C:\jdk7u2_64p\jdk7u17\hotspot\src\share\vm\prims\jvm.cpp:1166
Event: 6.357 Thread 0x000000001a1e4000 Threw 0x0000000778ffaaa0 at C:\jdk7u2_64p\jdk7u17\hotspot\src\share\vm\prims\jvm.cpp:1166
Event: 6.363 Thread 0x000000001a1e4000 Threw 0x0000000778ffd658 at C:\jdk7u2_64p\jdk7u17\hotspot\src\share\vm\prims\jvm.cpp:1166
Event: 6.364 Thread 0x000000001a1e4000 Threw 0x0000000779001f78 at C:\jdk7u2_64p\jdk7u17\hotspot\src\share\vm\prims\jvm.cpp:1166
Event: 6.366 Thread 0x000000001a1e4000 Threw 0x0000000779012f20 at C:\jdk7u2_64p\jdk7u17\hotspot\src\share\vm\prims\jvm.cpp:1166
Event: 6.418 Thread 0x000000002e985800 Threw 0x00000007790a6c68 at C:\jdk7u2_64p\jdk7u17\hotspot\src\share\vm\prims\jvm.cpp:1166
Event: 6.684 Thread 0x000000001a1e4000 Threw 0x00000007794cad98 at C:\jdk7u2_64p\jdk7u17\hotspot\src\share\vm\prims\jvm.cpp:1166

Events (10 events):
Event: 6.473 loading class 0x000000002a7f26c0
Event: 6.473 loading class 0x000000002a7f26c0 done
Event: 6.474 loading class 0x000000002a933320
Event: 6.474 loading class 0x000000002a933320 done
Event: 6.475 loading class 0x000000002a5d3950
Event: 6.475 loading class 0x000000002a5d3950 done
Event: 6.476 loading class 0x000000002a5d3890
Event: 6.477 loading class 0x000000002a5d3890 done
Event: 6.684 loading class 0x000000002c009f60
Event: 6.684 loading class 0x000000002c009f60 done


Dynamic libraries:
0x0000000140000000 - 0x000000014000e000 	C:\Xilinx\14.6\ISE_DS\PlanAhead\bin\unwrapped\win64.o\planAhead.exe
0x00007ffc5d8b0000 - 0x00007ffc5da59000 	C:\WINDOWS\SYSTEM32\ntdll.dll
0x00007ffc5c980000 - 0x00007ffc5cab9000 	C:\WINDOWS\system32\KERNEL32.DLL
0x00007ffc5a060000 - 0x00007ffc5a16e000 	C:\WINDOWS\system32\KERNELBASE.dll
0x00007ffc58a70000 - 0x00007ffc58afb000 	C:\WINDOWS\system32\apphelp.dll
0x00007ffc3b560000 - 0x00007ffc3b9df000 	C:\WINDOWS\AppPatch\AppPatch64\AcLayers.DLL
0x00007ffc5a4f0000 - 0x00007ffc5a597000 	C:\WINDOWS\system32\msvcrt.dll
0x00007ffc5bf40000 - 0x00007ffc5c0b1000 	C:\WINDOWS\system32\USER32.dll
0x00007ffc5c640000 - 0x00007ffc5c691000 	C:\WINDOWS\system32\SHLWAPI.dll
0x00007ffc566d0000 - 0x00007ffc566d3000 	C:\WINDOWS\SYSTEM32\sfc.dll
0x00007ffc52630000 - 0x00007ffc526ab000 	C:\WINDOWS\SYSTEM32\WINSPOOL.DRV
0x00007ffc5c810000 - 0x00007ffc5c955000 	C:\WINDOWS\system32\GDI32.dll
0x00007ffc5a8b0000 - 0x00007ffc5aa87000 	C:\WINDOWS\SYSTEM32\combase.dll
0x00007ffc5a3b0000 - 0x00007ffc5a4e6000 	C:\WINDOWS\system32\RPCRT4.dll
0x00007ffc52440000 - 0x00007ffc52450000 	C:\WINDOWS\SYSTEM32\sfc_os.DLL
0x00007ffc4e850000 - 0x00007ffc4e861000 	C:\WINDOWS\SYSTEM32\SortWindows61.dll
0x00007ffc5c6b0000 - 0x00007ffc5c6e4000 	C:\WINDOWS\system32\IMM32.DLL
0x00007ffc5c0c0000 - 0x00007ffc5c1f8000 	C:\WINDOWS\system32\MSCTF.dll
0x000000000a900000 - 0x000000000a945000 	C:\Xilinx\14.6\ISE_DS\PlanAhead\lib\win64.o\SHSMP64.dll
0x0000000180000000 - 0x0000000180013000 	C:\Xilinx\14.6\ISE_DS\PlanAhead\lib\win64.o\libboost_signals.dll
0x0000000001f00000 - 0x0000000002781000 	C:\Xilinx\14.6\ISE_DS\PlanAhead\lib\win64.o\librdi_common.dll
0x0000000000320000 - 0x0000000000336000 	C:\Xilinx\14.6\ISE_DS\PlanAhead\lib\win64.o\librdi_commonmain.dll
0x0000000000380000 - 0x000000000046e000 	C:\Xilinx\14.6\ISE_DS\PlanAhead\lib\win64.o\stlport.5.2.dll
0x00000000652c0000 - 0x0000000065363000 	C:\WINDOWS\WinSxS\amd64_microsoft.vc90.crt_1fc8b3b9a1e18e3b_9.0.30729.8387_none_08e793bfa83a89b5\MSVCR90.dll
0x00007ffc5a800000 - 0x00007ffc5a8a5000 	C:\WINDOWS\system32\ADVAPI32.dll
0x00007ffc52970000 - 0x00007ffc5297a000 	C:\WINDOWS\SYSTEM32\VERSION.dll
0x0000000002790000 - 0x0000000002a79000 	C:\Xilinx\14.6\ISE_DS\PlanAhead\lib\win64.o\libCOIN-all.dll
0x0000000002a80000 - 0x0000000002c35000 	C:\Xilinx\14.6\ISE_DS\PlanAhead\lib\win64.o\libSecurity.dll
0x0000000000470000 - 0x000000000047f000 	C:\Xilinx\14.6\ISE_DS\PlanAhead\lib\win64.o\libboost_date_time.dll
0x0000000000480000 - 0x00000000004a7000 	C:\Xilinx\14.6\ISE_DS\PlanAhead\lib\win64.o\libboost_filesystem.dll
0x0000000002c40000 - 0x0000000002cb1000 	C:\Xilinx\14.6\ISE_DS\PlanAhead\lib\win64.o\libboost_program_options.dll
0x0000000002cc0000 - 0x0000000002d6f000 	C:\Xilinx\14.6\ISE_DS\PlanAhead\lib\win64.o\libboost_regex.dll
0x00000000004b0000 - 0x00000000004b9000 	C:\Xilinx\14.6\ISE_DS\PlanAhead\lib\win64.o\libboost_system.dll
0x00000000004c0000 - 0x00000000004d6000 	C:\Xilinx\14.6\ISE_DS\PlanAhead\lib\win64.o\libboost_thread.dll
0x0000000002d70000 - 0x0000000002db3000 	C:\Xilinx\14.6\ISE_DS\PlanAhead\lib\win64.o\libcurl.dll
0x0000000002dc0000 - 0x0000000002e43000 	C:\Xilinx\14.6\ISE_DS\PlanAhead\lib\win64.o\libhdlpsolve.dll
0x0000000002e50000 - 0x0000000002f07000 	C:\Xilinx\14.6\ISE_DS\PlanAhead\lib\win64.o\libhdxml.dll
0x0000000002f10000 - 0x00000000034530d3 	C:\Xilinx\14.6\ISE_DS\PlanAhead\lib\win64.o\libisl_iostreams.dll
0x0000000003460000 - 0x0000000003489000 	C:\Xilinx\14.6\ISE_DS\PlanAhead\lib\win64.o\libisl_sysinfo.dll
0x00000000649f0000 - 0x000000006510f000 	C:\Xilinx\14.6\ISE_DS\PlanAhead\tps\win64\jre\bin\server\jvm.dll
0x00000000004e0000 - 0x00000000004f2000 	C:\Xilinx\14.6\ISE_DS\PlanAhead\lib\win64.o\pthreadVC.dll
0x0000000003490000 - 0x00000000034a6000 	C:\Xilinx\14.6\ISE_DS\PlanAhead\lib\win64.o\librdiconfig.dll
0x00000000034b0000 - 0x00000000034ce000 	C:\Xilinx\14.6\ISE_DS\PlanAhead\lib\win64.o\librdizlib.dll
0x0000000010000000 - 0x000000001012a000 	C:\Xilinx\14.6\ISE_DS\PlanAhead\lib\win64.o\tcl85t.dll
0x0000000012000000 - 0x0000000012282000 	C:\Xilinx\14.6\ISE_DS\PlanAhead\lib\win64.o\xerces-c_3_1.dll
0x00007ffc5c6a0000 - 0x00007ffc5c6a7000 	C:\WINDOWS\system32\PSAPI.DLL
0x00007ffc529c0000 - 0x00007ffc52c00000 	C:\WINDOWS\SYSTEM32\WININET.dll
0x00007ffc52560000 - 0x00007ffc52625000 	C:\WINDOWS\SYSTEM32\WINHTTP.dll
0x00007ffc52eb0000 - 0x00007ffc5300f000 	C:\WINDOWS\SYSTEM32\urlmon.dll
0x00007ffc587c0000 - 0x00007ffc587c9000 	C:\WINDOWS\SYSTEM32\WSOCK32.dll
0x0000000065370000 - 0x0000000065443000 	C:\WINDOWS\WinSxS\amd64_microsoft.vc90.crt_1fc8b3b9a1e18e3b_9.0.30729.8387_none_08e793bfa83a89b5\MSVCP90.dll
0x00007ffc5aa90000 - 0x00007ffc5be9f000 	C:\WINDOWS\system32\SHELL32.dll
0x00007ffc5c3a0000 - 0x00007ffc5c3f7000 	C:\WINDOWS\SYSTEM32\sechost.dll
0x00007ffc553b0000 - 0x00007ffc553c5000 	C:\WINDOWS\SYSTEM32\NETAPI32.dll
0x00007ffc5bea0000 - 0x00007ffc5bf3a000 	C:\WINDOWS\system32\COMDLG32.dll
0x00007ffc59f10000 - 0x00007ffc59fb1000 	C:\WINDOWS\WinSxS\amd64_microsoft.windows.common-controls_6595b64144ccf1df_5.82.9600.16384_none_34a8918f959016ea\COMCTL32.dll
0x0000000003570000 - 0x000000000357c000 	C:\Xilinx\14.6\ISE_DS\PlanAhead\lib\win64.o\libboost_chrono.dll
0x00007ffc5c400000 - 0x00007ffc5c458000 	C:\WINDOWS\system32\WS2_32.dll
0x00007ffc5c7b0000 - 0x00007ffc5c80a000 	C:\WINDOWS\system32\WLDAP32.dll
0x00000000035b0000 - 0x00000000035c9000 	C:\Xilinx\14.6\ISE_DS\PlanAhead\lib\win64.o\libboost_iostreams.dll
0x00007ffc50de0000 - 0x00007ffc50dff000 	C:\WINDOWS\SYSTEM32\WINMM.dll
0x00000000651e0000 - 0x00000000652b2000 	C:\WINDOWS\SYSTEM32\MSVCR100.dll
0x00007ffc52c00000 - 0x00007ffc52ea8000 	C:\WINDOWS\SYSTEM32\iertutil.dll
0x00007ffc5a670000 - 0x00007ffc5a7e6000 	C:\WINDOWS\system32\ole32.dll
0x00007ffc590f0000 - 0x00007ffc590fc000 	C:\WINDOWS\SYSTEM32\netutils.dll
0x00007ffc59a50000 - 0x00007ffc59a75000 	C:\WINDOWS\SYSTEM32\srvcli.dll
0x00007ffc55370000 - 0x00007ffc55386000 	C:\WINDOWS\SYSTEM32\wkscli.dll
0x00007ffc5a5a0000 - 0x00007ffc5a5a9000 	C:\WINDOWS\system32\NSI.dll
0x00007ffc50db0000 - 0x00007ffc50dda000 	C:\WINDOWS\SYSTEM32\WINMMBASE.dll
0x00007ffc56ec0000 - 0x00007ffc56f61000 	C:\WINDOWS\SYSTEM32\SHCORE.DLL
0x00007ffc5a010000 - 0x00007ffc5a05a000 	C:\WINDOWS\SYSTEM32\cfgmgr32.dll
0x00007ffc58cd0000 - 0x00007ffc58cf6000 	C:\WINDOWS\SYSTEM32\DEVOBJ.dll
0x00000000051b0000 - 0x00000000054a3000 	C:\Xilinx\14.6\ISE_DS\PlanAhead\lib\win64.o\librdi_commontasks.dll
0x0000000005cb0000 - 0x00000000062f0000 	C:\Xilinx\14.6\ISE_DS\PlanAhead\lib\win64.o\librdi_coretasks.dll
0x00000000062f0000 - 0x00000000064b7000 	C:\Xilinx\14.6\ISE_DS\PlanAhead\lib\win64.o\librdi_chipscope.dll
0x00000000064c0000 - 0x00000000074e0000 	C:\Xilinx\14.6\ISE_DS\PlanAhead\lib\win64.o\librdi_constraints.dll
0x00000000074e0000 - 0x00000000087ac000 	C:\Xilinx\14.6\ISE_DS\PlanAhead\lib\win64.o\librdi_coregen.dll
0x000000000a950000 - 0x000000000dfa1000 	C:\Xilinx\14.6\ISE_DS\PlanAhead\lib\win64.o\librdi_designutils.dll
0x00000000087b0000 - 0x000000000938a000 	C:\Xilinx\14.6\ISE_DS\PlanAhead\lib\win64.o\librdi_device.dll
0x0000000009390000 - 0x00000000096a4000 	C:\Xilinx\14.6\ISE_DS\PlanAhead\lib\win64.o\librdi_drc.dll
0x00000000096b0000 - 0x000000000993e000 	C:\Xilinx\14.6\ISE_DS\PlanAhead\lib\win64.o\librdi_filemgmt.dll
0x0000000009940000 - 0x0000000009d16000 	C:\Xilinx\14.6\ISE_DS\PlanAhead\lib\win64.o\librdi_netlist.dll
0x000000000dfb0000 - 0x000000000f0d3000 	C:\Xilinx\14.6\ISE_DS\PlanAhead\lib\win64.o\librdi_place.dll
0x0000000009d20000 - 0x000000000a242000 	C:\Xilinx\14.6\ISE_DS\PlanAhead\lib\win64.o\librdi_power.dll
0x000000000a250000 - 0x000000000a603000 	C:\Xilinx\14.6\ISE_DS\PlanAhead\lib\win64.o\librdi_project.dll
0x000000000f0e0000 - 0x000000000f67d000 	C:\Xilinx\14.6\ISE_DS\PlanAhead\lib\win64.o\librdi_rsb.dll
0x000000000f680000 - 0x000000000fa78000 	C:\Xilinx\14.6\ISE_DS\PlanAhead\lib\win64.o\librdi_runs.dll
0x0000000010130000 - 0x0000000010c08000 	C:\Xilinx\14.6\ISE_DS\PlanAhead\lib\win64.o\librdi_timing.dll
0x000000000a610000 - 0x000000000a67e000 	C:\Xilinx\14.6\ISE_DS\PlanAhead\lib\win64.o\liblmx6.0.dll
0x000000000a690000 - 0x000000000a698000 	C:\Xilinx\14.6\ISE_DS\PlanAhead\lib\win64.o\libpsta_dllwrapper.dll
0x0000000010c10000 - 0x00000000113df000 	C:\Xilinx\14.6\ISE_DS\PlanAhead\lib\win64.o\librdi_coregenipxact.dll
0x00000000113e0000 - 0x0000000011b80000 	C:\Xilinx\14.6\ISE_DS\PlanAhead\lib\win64.o\libverific.dll
0x000000000a6c0000 - 0x000000000a73d000 	C:\Xilinx\14.6\ISE_DS\PlanAhead\lib\win64.o\libboost_serialization.dll
0x000000000fa80000 - 0x000000000ffc4000 	C:\Xilinx\14.6\ISE_DS\PlanAhead\lib\win64.o\librdi_xdm.dll
0x000000000a790000 - 0x000000000a820000 	C:\Xilinx\14.6\ISE_DS\PlanAhead\lib\win64.o\libise.dll
0x0000000012290000 - 0x000000001286c000 	C:\Xilinx\14.6\ISE_DS\PlanAhead\lib\win64.o\librdi_abc_nomp.dll
0x0000000011b80000 - 0x0000000011ca8000 	C:\Xilinx\14.6\ISE_DS\PlanAhead\lib\win64.o\librdi_dlyest.dll
0x000000000a820000 - 0x000000000a83a000 	C:\Xilinx\14.6\ISE_DS\PlanAhead\lib\win64.o\librdi_hmetis.dll
0x00000000651c0000 - 0x00000000651d1000 	C:\WINDOWS\WinSxS\amd64_microsoft.vc90.openmp_1fc8b3b9a1e18e3b_9.0.21022.8_none_a5325551f9d85633\VCOMP90.DLL
0x0000000012870000 - 0x0000000012e5e000 	C:\Xilinx\14.6\ISE_DS\PlanAhead\lib\win64.o\librdi_route.dll
0x0000000011cb0000 - 0x0000000011eda000 	C:\Xilinx\14.6\ISE_DS\PlanAhead\lib\win64.o\librdi_labtools.dll
0x0000000012e60000 - 0x000000001339b000 	C:\Xilinx\14.6\ISE_DS\PlanAhead\lib\win64.o\librdi_memdata.dll
0x00000000133a0000 - 0x0000000014acf000 	C:\Xilinx\14.6\ISE_DS\PlanAhead\lib\win64.o\librdi_synth.dll
0x0000000014ad0000 - 0x0000000014f0e000 	C:\Xilinx\14.6\ISE_DS\PlanAhead\lib\win64.o\librdi_ip.dll
0x0000000011f00000 - 0x0000000011f3d000 	C:\Xilinx\14.6\ISE_DS\PlanAhead\lib\win64.o\librdi_simbridge_kernel.dll
0x0000000014f10000 - 0x0000000015386000 	C:\Xilinx\14.6\ISE_DS\PlanAhead\lib\win64.o\librdi_wavedata.dll
0x0000000016890000 - 0x0000000018948000 	C:\Xilinx\14.6\ISE_DS\PlanAhead\lib\win64.o\librdi_tcltasks.dll
0x0000000018950000 - 0x0000000018bc4000 	C:\Xilinx\14.6\ISE_DS\PlanAhead\lib\win64.o\librdi_bitstream.dll
0x0000000018bd0000 - 0x0000000018ca4000 	C:\Xilinx\14.6\ISE_DS\PlanAhead\lib\win64.o\librdi_dsp.dll
0x0000000018cb0000 - 0x0000000018d1e000 	C:\Xilinx\14.6\ISE_DS\PlanAhead\lib\win64.o\librdi_edk.dll
0x0000000018d20000 - 0x0000000018f2e000 	C:\Xilinx\14.6\ISE_DS\PlanAhead\lib\win64.o\librdi_simdata.dll
0x0000000019130000 - 0x0000000019286000 	C:\Xilinx\14.6\ISE_DS\PlanAhead\lib\win64.o\librdi_planaheadtasks.dll
0x0000000019290000 - 0x000000001a0d8000 	C:\Xilinx\14.6\ISE_DS\PlanAhead\lib\win64.o\librdi_ipservicestasks.dll
0x00000000651b0000 - 0x00000000651bf000 	C:\Xilinx\14.6\ISE_DS\PlanAhead\tps\win64\jre\bin\verify.dll
0x0000000065180000 - 0x00000000651a8000 	C:\Xilinx\14.6\ISE_DS\PlanAhead\tps\win64\jre\bin\java.dll
0x0000000065160000 - 0x0000000065175000 	C:\Xilinx\14.6\ISE_DS\PlanAhead\tps\win64\jre\bin\zip.dll
0x0000000065140000 - 0x0000000065159000 	C:\Xilinx\14.6\ISE_DS\PlanAhead\tps\win64\jre\bin\net.dll
0x00007ffc596a0000 - 0x00007ffc596f8000 	C:\WINDOWS\system32\mswsock.dll
0x00000000649d0000 - 0x00000000649e1000 	C:\Xilinx\14.6\ISE_DS\PlanAhead\tps\win64\jre\bin\nio.dll
0x0000000027bc0000 - 0x0000000027ea6000 	C:\Xilinx\14.6\ISE_DS\PlanAhead\lib\win64.o\librdi_fed.dll
0x0000000027ec0000 - 0x0000000028121000 	C:\Xilinx\14.6\ISE_DS\PlanAhead\lib\win64.o\librdi_guitools.dll
0x0000000028140000 - 0x0000000028147000 	C:\Xilinx\14.6\ISE_DS\PlanAhead\lib\win64.o\librdi_commonx11.dll
0x0000000028160000 - 0x000000002854e000 	C:\Xilinx\14.6\ISE_DS\PlanAhead\lib\win64.o\librdi_rsbtasks.dll
0x0000000028560000 - 0x00000000287a9000 	C:\Xilinx\14.6\ISE_DS\PlanAhead\lib\win64.o\librdi_labtoolstasks.dll
0x00000000287c0000 - 0x0000000028978000 	C:\Xilinx\14.6\ISE_DS\PlanAhead\lib\win64.o\librdi_simtcltasks.dll
0x0000000064830000 - 0x00000000649c3000 	C:\Xilinx\14.6\ISE_DS\PlanAhead\tps\win64\jre\bin\awt.dll
0x00007ffc5c6f0000 - 0x00007ffc5c7a7000 	C:\WINDOWS\system32\OLEAUT32.dll
0x00007ffc58ba0000 - 0x00007ffc58cc2000 	C:\WINDOWS\system32\uxtheme.dll

VM Arguments:
jvm_args: -Dsun.java2d.pmoffscreen=false -Xverify:none -Dswing.aatext=true -XX:-UsePerfData -Djdk.map.althashing.threshold=512 -XX:PermSize=128m -XX:MaxPermSize=128m -XX:NewSize=60m -XX:MaxNewSize=60m -XX:+UseConcMarkSweepGC -XX:+UseParNewGC -XX:+CMSParallelRemarkEnabled -XX:+CMSScavengeBeforeRemark -XX:+UseNUMA -XX:+AggressiveOpts -XX:+UseFastAccessorMethods -XX:+UseFastEmptyMethods -XX:+UseBiasedLocking -XX:+TieredCompilation -Xms128m -Xmx2048m -Xss3m 
java_command: <unknown>
Launcher Type: generic

Environment Variables:
PATH=C:/Xilinx/14.6/ISE_DS/PlanAhead/bin;C:/Xilinx/14.6/ISE_DS/PlanAhead/lib/win64.o;C:/Xilinx/14.6/ISE_DS/PlanAhead/tps/win64/jre/bin/server;C:/Xilinx/14.6/ISE_DS/PlanAhead/tps/win64/jre/bin;C:/Xilinx/14.6/ISE_DS/EDK/bin/nt64;C:/Xilinx/14.6/ISE_DS/EDK/lib/nt64;C:/Xilinx/14.6/ISE_DS/ISE/bin/nt64;C:/Xilinx/14.6/ISE_DS/ISE/lib/nt64;C:/Xilinx/14.6/ISE_DS/common/bin/nt64;C:/Xilinx/14.6/ISE_DS/common/lib/nt64;C:\Xilinx\14.6\ISE_DS\ISE\\lib\nt64;C:\Xilinx\14.6\ISE_DS\ISE\\bin\nt64;C:\Xilinx\14.6\ISE_DS\ISE\bin\nt64;C:\Xilinx\14.6\ISE_DS\ISE\lib\nt64;C:\Xilinx\14.6\ISE_DS\ISE\..\..\..\DocNav;C:\Xilinx\14.6\ISE_DS\PlanAhead\bin;C:\Xilinx\14.6\ISE_DS\EDK\bin\nt64;C:\Xilinx\14.6\ISE_DS\EDK\lib\nt64;C:\Xilinx\14.6\ISE_DS\EDK\gnu\microblaze\nt\bin;C:\Xilinx\14.6\ISE_DS\EDK\gnu\powerpc-eabi\nt\bin;C:\Xilinx\14.6\ISE_DS\EDK\gnuwin\bin;C:\Xilinx\14.6\ISE_DS\EDK\gnu\arm\nt\bin;C:\Xilinx\14.6\ISE_DS\EDK\gnu\microblaze\linux_toolchain\nt64_be\bin;C:\Xilinx\14.6\ISE_DS\EDK\gnu\microblaze\linux_toolchain\nt64_le\bin;C:\Xilinx\14.6\ISE_DS\common\bin\nt64;C:\Xilinx\14.6\ISE_DS\common\lib\nt64;c:\mingw\bin;C:\Python27\Lib\site-packages\PyQt4;C:\WINDOWS\system32;C:\WINDOWS;C:\WINDOWS\System32\Wbem;C:\WINDOWS\System32\WindowsPowerShell\v1.0\;C:\Python27;C:\Python27\Scripts
USERNAME=Franco
OS=Windows_NT
PROCESSOR_IDENTIFIER=Intel64 Family 6 Model 58 Stepping 9, GenuineIntel



---------------  S Y S T E M  ---------------

OS: Windows 7 , 64 bit Build 7600 

CPU:total 4 (2 cores per cpu, 2 threads per core) family 6 model 58 stepping 9, cmov, cx8, fxsr, mmx, sse, sse2, sse3, ssse3, sse4.1, sse4.2, popcnt, avx, ht, tsc, tscinvbit, tscinv

Memory: 4k page, physical 3888668k(1344364k free), swap 7820832k(4493484k free)

vm_info: Java HotSpot(TM) 64-Bit Server VM (23.7-b01) for windows-amd64 JRE (1.7.0_17-b02), built on Mar  1 2013 03:38:30 by "java_re" with unknown MS VC++:1600

time: Wed Nov 27 17:38:34 2013
elapsed time: 7 seconds

