#
# A fatal error has been detected by the Java Runtime Environment:
#
#  EXCEPTION_ACCESS_VIOLATION (0xc0000005) at pc=0x00007ffc5a4f1cd4, pid=4672, tid=7904
#
# JRE version: 7.0_17-b02
# Java VM: Java HotSpot(TM) 64-Bit Server VM (23.7-b01 mixed mode windows-amd64 compressed oops)
# Problematic frame:
# C  [sechost.dll+0x1cd4]  operator delete[]+0x0
#
# Failed to write core dump. Minidumps are not enabled by default on client versions of Windows
#
# If you would like to submit a bug report, please visit:
#   http://bugreport.sun.com/bugreport/crash.jsp
# The crash happened outside the Java Virtual Machine in native code.
# See problematic frame for where to report the bug.
#

---------------  T H R E A D  ---------------

Current thread (0x000000002b991800):  JavaThread "Swing-Shell" daemon [_thread_in_native, id=7904, stack(0x000000002e300000,0x000000002e600000)]

siginfo: ExceptionCode=0xc0000005, writing address 0x0000000000000000

Registers:
RAX=0x0000000000000000, RBX=0x0000000000000000, RCX=0x0000000000000000, RDX=0x0000000000212280
RSP=0x000000002e5fec58, RBP=0x0000000000000000, RSI=0x0000000000000002, RDI=0x0000000000000000
R8 =0x0000000000000003, R9 =0x0000000000000108, R10=0x00007ffc5d8b0000, R11=0x000000002e5feaf0
R12=0x0000000000000005, R13=0x00007ffc4e65b070, R14=0x0000000019d49d60, R15=0x00007ffc4e65b070
RIP=0x00007ffc5a4f1cd4, EFLAGS=0x0000000000010246

Top of Stack: (sp=0x000000002e5fec58)
0x000000002e5fec58:   00007ffc4e6532a7 00007ffc4e65b070
0x000000002e5fec68:   0000000019d49d60 00007ffc4e65b070
0x000000002e5fec78:   0000000019db5990 0000000000000004
0x000000002e5fec88:   000000000030b25c 00007ffc4e65b070
0x000000002e5fec98:   000000002e5fed60 0000000000000002
0x000000002e5feca8:   00007ffc4e653c66 0000000019d49d60
0x000000002e5fecb8:   0000000000001f40 000000002e5fedc9
0x000000002e5fecc8:   00007ffc4e65c3c0 0000000000000002
0x000000002e5fecd8:   00007ffc4e653416 000000002e5fed80
0x000000002e5fece8:   000000002c8ffe00 0000000000000000
0x000000002e5fecf8:   0000000000000000 00007ffc4e621cc8
0x000000002e5fed08:   00007ffc4e65b070 0000000000000000
0x000000002e5fed18:   000000002e5fee90 0000000000000005
0x000000002e5fed28:   00007ffc4e635cc3 000000002c8ffe78
0x000000002e5fed38:   000000002c8ffe78 000000002c8ffe00
0x000000002e5fed48:   000000002c8ffe78 000000002ef9a970 

Instructions: (pc=0x00007ffc5a4f1cd4)
0x00007ffc5a4f1cb4:   33 d2 ff 15 fc b5 09 00 85 c0 75 d0 e9 4c d5 03
0x00007ffc5a4f1cc4:   00 cc 90 90 90 90 90 90 48 b8 60 81 91 0a 00 00
0x00007ffc5a4f1cd4:   00 00 ff e0 91 0a 00 00 00 00 ff e0 48 b8 60 73
0x00007ffc5a4f1ce4:   91 0a 00 00 00 00 ff e0 83 ec 20 48 83 3d c9 d3 


Register to memory mapping:

RAX=0x0000000000000000 is an unknown value
RBX=0x0000000000000000 is an unknown value
RCX=0x0000000000000000 is an unknown value
RDX=0x0000000000212280 is an unknown value
RSP=0x000000002e5fec58 is pointing into the stack for thread: 0x000000002b991800
RBP=0x0000000000000000 is an unknown value
RSI=0x0000000000000002 is an unknown value
RDI=0x0000000000000000 is an unknown value
R8 =0x0000000000000003 is an unknown value
R9 =0x0000000000000108 is an unknown value
R10=0x00007ffc5d8b0000 is an unknown value
R11=0x000000002e5feaf0 is pointing into the stack for thread: 0x000000002b991800
R12=0x0000000000000005 is an unknown value
R13=0x00007ffc4e65b070 is an unknown value
R14=0x0000000019d49d60 is an unknown value
R15=0x00007ffc4e65b070 is an unknown value


Stack: [0x000000002e300000,0x000000002e600000],  sp=0x000000002e5fec58,  free space=3067k
Native frames: (J=compiled Java code, j=interpreted, Vv=VM code, C=native code)
C  [librdi_simdata.dll+0x1cd4]  operator delete[]+0x0

[error occurred during error reporting (printing native stack), id 0xc0000005]

Java frames: (J=compiled Java code, j=interpreted, Vv=VM code)
j  sun.awt.shell.Win32ShellFolder2.getNextChild(J)J+0
j  sun.awt.shell.Win32ShellFolder2.access$1100(Lsun/awt/shell/Win32ShellFolder2;J)J+2
j  sun.awt.shell.Win32ShellFolder2$9.call()[Ljava/io/File;+94
j  sun.awt.shell.Win32ShellFolder2$9.call()Ljava/lang/Object;+1
j  java.util.concurrent.FutureTask$Sync.innerRun()V+29
j  java.util.concurrent.FutureTask.run()V+4
j  java.util.concurrent.ThreadPoolExecutor.runWorker(Ljava/util/concurrent/ThreadPoolExecutor$Worker;)V+95
j  java.util.concurrent.ThreadPoolExecutor$Worker.run()V+5
j  sun.awt.shell.Win32ShellFolderManager2$ComInvoker$3.run()V+7
j  java.lang.Thread.run()V+11
v  ~StubRoutines::call_stub

---------------  P R O C E S S  ---------------

Java Threads: ( => current thread )
=>0x000000002b991800 JavaThread "Swing-Shell" daemon [_thread_in_native, id=7904, stack(0x000000002e300000,0x000000002e600000)]
  0x000000002c437000 JavaThread "HFileChooser Load File/Folder Choosers Thread" [_thread_blocked, id=3124, stack(0x000000002e000000,0x000000002e300000)]
  0x000000002c2e2800 JavaThread "Monitor File Timestamp" [_thread_blocked, id=7580, stack(0x000000002dd00000,0x000000002e000000)]
  0x000000002b2c5000 JavaThread "Image Fetcher 3" daemon [_thread_blocked, id=6492, stack(0x000000002be00000,0x000000002c100000)]
  0x000000002b2c6800 JavaThread "Image Fetcher 2" daemon [_thread_blocked, id=4792, stack(0x000000002ba00000,0x000000002bd00000)]
  0x000000002b2cb800 JavaThread "Image Fetcher 1" daemon [_thread_blocked, id=4692, stack(0x000000002b3f0000,0x000000002b6f0000)]
  0x000000002af6b800 JavaThread "Image Fetcher 0" daemon [_thread_blocked, id=6228, stack(0x0000000029210000,0x0000000029510000)]
  0x0000000019dc5000 JavaThread "AWT-EventQueue-1" [_thread_in_Java, id=7716, stack(0x000000002abf0000,0x000000002aef0000)]
  0x0000000019dc9000 JavaThread "Process Messages" [_thread_blocked, id=9056, stack(0x000000002a8f0000,0x000000002abf0000)]
  0x0000000019dce800 JavaThread "Thread-3" [_thread_blocked, id=5200, stack(0x0000000003ba0000,0x0000000004fa0000)]
  0x000000002a0b4000 JavaThread "AWT-EventQueue-0" [_thread_blocked, id=1076, stack(0x000000002a5f0000,0x000000002a8f0000)]
  0x000000002a0b5000 JavaThread "AWT-Shutdown" [_thread_blocked, id=6588, stack(0x000000002a2f0000,0x000000002a5f0000)]
  0x0000000028e27000 JavaThread "AWT-Windows" daemon [_thread_in_native, id=2600, stack(0x0000000029510000,0x0000000029810000)]
  0x0000000028e2b800 JavaThread "Java2D Disposer" daemon [_thread_blocked, id=6744, stack(0x0000000028f10000,0x0000000029210000)]
  0x0000000028603000 JavaThread "TimerQueue" daemon [_thread_blocked, id=7020, stack(0x0000000028b10000,0x0000000028e10000)]
  0x0000000025b30800 JavaThread "Service Thread" daemon [_thread_blocked, id=8068, stack(0x0000000026f20000,0x0000000027220000)]
  0x0000000025aa5000 JavaThread "C1 CompilerThread2" daemon [_thread_in_native, id=8484, stack(0x0000000026e20000,0x0000000026f20000)]
  0x0000000025aa1000 JavaThread "C2 CompilerThread1" daemon [_thread_blocked, id=6752, stack(0x0000000026d20000,0x0000000026e20000)]
  0x0000000025a31000 JavaThread "C2 CompilerThread0" daemon [_thread_blocked, id=6824, stack(0x0000000026c20000,0x0000000026d20000)]
  0x0000000025a91800 JavaThread "Attach Listener" daemon [_thread_blocked, id=4496, stack(0x0000000026920000,0x0000000026c20000)]
  0x0000000025bd2000 JavaThread "Signal Dispatcher" daemon [_thread_blocked, id=5760, stack(0x0000000026620000,0x0000000026920000)]
  0x0000000025bd4000 JavaThread "Surrogate Locker Thread (Concurrent GC)" daemon [_thread_blocked, id=2692, stack(0x0000000026320000,0x0000000026620000)]
  0x0000000025a55800 JavaThread "Finalizer" daemon [_thread_blocked, id=9260, stack(0x0000000026020000,0x0000000026320000)]
  0x0000000025a57000 JavaThread "Reference Handler" daemon [_thread_blocked, id=10104, stack(0x0000000025d20000,0x0000000026020000)]
  0x0000000019e1b000 JavaThread "main" [_thread_blocked, id=7040, stack(0x0000000019f40000,0x000000001a040000)]

Other Threads:
  0x00000000206a2000 VMThread [stack: 0x0000000025c20000,0x0000000025d20000] [id=8516]
  0x0000000027227800 WatcherThread [stack: 0x0000000027320000,0x0000000027420000] [id=4124]

VM state:not at safepoint (normal execution)

VM Mutex/Monitor currently owned by a thread:  ([mutex/lock_event])
[0x0000000019ea1b80] Compile_lock - owner thread: 0x0000000025aa5000

Heap
 par new generation   total 55296K, used 30020K [0x0000000778000000, 0x000000077bc00000, 0x000000077bc00000)
  eden space 49152K,  48% used [0x0000000778000000, 0x0000000779751300, 0x000000077b000000)
  from space 6144K, 100% used [0x000000077b000000, 0x000000077b600000, 0x000000077b600000)
  to   space 6144K,   0% used [0x000000077b600000, 0x000000077b600000, 0x000000077bc00000)
 concurrent mark-sweep generation total 69632K, used 10510K [0x000000077bc00000, 0x0000000780000000, 0x00000007f8000000)
 concurrent-mark-sweep perm gen total 131072K, used 28567K [0x00000007f8000000, 0x0000000800000000, 0x0000000800000000)

Card table byte_map: [0x00000000206e0000,0x0000000020b30000] byte_map_base: 0x000000001cb20000

Polling page: 0x000000001a040000

Code Cache  [0x000000001a060000, 0x000000001a720000, 0x0000000020060000)
 total_blobs=2428 nmethods=1823 adapters=522 free_code_cache=91451Kb largest_free_block=93603264

Compilation events (10 events):
Event: 15.923 Thread 0x0000000025aa1000 nmethod 2099 0x000000001a573410 code [0x000000001a573560, 0x000000001a573608]
Event: 15.923 Thread 0x0000000025aa1000 2109       4       java.awt.Component::isLightweight (8 bytes)
Event: 15.924 Thread 0x0000000025aa5000 nmethod 2116 0x000000001a6f71d0 code [0x000000001a6f73c0, 0x000000001a6f7e90]
Event: 15.925 Thread 0x0000000025aa1000 nmethod 2109 0x000000001a697c90 code [0x000000001a697dc0, 0x000000001a697e78]
Event: 15.925 Thread 0x0000000025aa1000 2075       4       java.lang.Boolean::valueOf (14 bytes)
Event: 15.926 Thread 0x0000000025aa1000 nmethod 2075 0x000000001a3aa3d0 code [0x000000001a3aa500, 0x000000001a3aa558]
Event: 15.982 Thread 0x0000000025aa5000 2117       3       java.util.concurrent.locks.AbstractQueuedSynchronizer::releaseShared (16 bytes)
Event: 15.983 Thread 0x0000000025aa5000 nmethod 2117 0x000000001a4660d0 code [0x000000001a466240, 0x000000001a466518]
Event: 15.983 Thread 0x0000000025aa1000 2118       4       java.awt.Component::isValid (20 bytes)
Event: 15.984 Thread 0x0000000025aa1000 nmethod 2118 0x000000001a68ead0 code [0x000000001a68ec00, 0x000000001a68ec78]

GC Heap History (4 events):
Event: 8.403 GC heap before
{Heap before GC invocations=0 (full 0):
 par new generation   total 55296K, used 49152K [0x0000000778000000, 0x000000077bc00000, 0x000000077bc00000)
  eden space 49152K, 100% used [0x0000000778000000, 0x000000077b000000, 0x000000077b000000)
  from space 6144K,   0% used [0x000000077b000000, 0x000000077b000000, 0x000000077b600000)
  to   space 6144K,   0% used [0x000000077b600000, 0x000000077b600000, 0x000000077bc00000)
 concurrent mark-sweep generation total 69632K, used 0K [0x000000077bc00000, 0x0000000780000000, 0x00000007f8000000)
 concurrent-mark-sweep perm gen total 131072K, used 13055K [0x00000007f8000000, 0x0000000800000000, 0x0000000800000000)
Event: 8.450 GC heap after
Heap after GC invocations=1 (full 0):
 par new generation   total 55296K, used 6144K [0x0000000778000000, 0x000000077bc00000, 0x000000077bc00000)
  eden space 49152K,   0% used [0x0000000778000000, 0x0000000778000000, 0x000000077b000000)
  from space 6144K, 100% used [0x000000077b600000, 0x000000077bc00000, 0x000000077bc00000)
  to   space 6144K,   0% used [0x000000077b000000, 0x000000077b000000, 0x000000077b600000)
 concurrent mark-sweep generation total 69632K, used 555K [0x000000077bc00000, 0x0000000780000000, 0x00000007f8000000)
 concurrent-mark-sweep perm gen total 131072K, used 13055K [0x00000007f8000000, 0x0000000800000000, 0x0000000800000000)
}
Event: 13.611 GC heap before
{Heap before GC invocations=1 (full 0):
 par new generation   total 55296K, used 55296K [0x0000000778000000, 0x000000077bc00000, 0x000000077bc00000)
  eden space 49152K, 100% used [0x0000000778000000, 0x000000077b000000, 0x000000077b000000)
  from space 6144K, 100% used [0x000000077b600000, 0x000000077bc00000, 0x000000077bc00000)
  to   space 6144K,   0% used [0x000000077b000000, 0x000000077b000000, 0x000000077b600000)
 concurrent mark-sweep generation total 69632K, used 555K [0x000000077bc00000, 0x0000000780000000, 0x00000007f8000000)
 concurrent-mark-sweep perm gen total 131072K, used 22849K [0x00000007f8000000, 0x0000000800000000, 0x0000000800000000)
Event: 13.709 GC heap after
Heap after GC invocations=2 (full 0):
 par new generation   total 55296K, used 6144K [0x0000000778000000, 0x000000077bc00000, 0x000000077bc00000)
  eden space 49152K,   0% used [0x0000000778000000, 0x0000000778000000, 0x000000077b000000)
  from space 6144K, 100% used [0x000000077b000000, 0x000000077b600000, 0x000000077b600000)
  to   space 6144K,   0% used [0x000000077b600000, 0x000000077b600000, 0x000000077bc00000)
 concurrent mark-sweep generation total 69632K, used 10510K [0x000000077bc00000, 0x0000000780000000, 0x00000007f8000000)
 concurrent-mark-sweep perm gen total 131072K, used 22849K [0x00000007f8000000, 0x0000000800000000, 0x0000000800000000)
}

Deoptimization events (10 events):
Event: 14.815 Thread 0x000000002c437000 Uncommon trap -58 fr.pc 0x000000001a49d1e8
Event: 14.852 Thread 0x000000002c437000 Uncommon trap -58 fr.pc 0x000000001a49d1e8
Event: 14.854 Thread 0x000000002c437000 Uncommon trap -58 fr.pc 0x000000001a49d1e8
Event: 14.855 Thread 0x000000002c437000 Uncommon trap -58 fr.pc 0x000000001a49d1e8
Event: 14.856 Thread 0x000000002c437000 Uncommon trap -58 fr.pc 0x000000001a487854
Event: 15.033 Thread 0x000000002c437000 Uncommon trap 668 fr.pc 0x000000001a573914
Event: 15.226 Thread 0x000000002c437000 Uncommon trap -34 fr.pc 0x000000001a2d94dc
Event: 15.420 Thread 0x0000000019dc5000 Uncommon trap -83 fr.pc 0x000000001a5a5dc8
Event: 15.429 Thread 0x000000002c437000 Uncommon trap -34 fr.pc 0x000000001a2d94dc
Event: 15.510 Thread 0x000000002c437000 Uncommon trap -34 fr.pc 0x000000001a2d94dc

Internal exceptions (10 events):
Event: 15.815 Thread 0x0000000019dc5000 Threw 0x00000007795ce618 at C:\jdk7u2_64p\jdk7u17\hotspot\src\share\vm\prims\jvm.cpp:1166
Event: 15.815 Thread 0x0000000019dc5000 Threw 0x00000007795d05b0 at C:\jdk7u2_64p\jdk7u17\hotspot\src\share\vm\prims\jvm.cpp:1166
Event: 15.817 Thread 0x0000000019dc5000 Threw 0x00000007795d5870 at C:\jdk7u2_64p\jdk7u17\hotspot\src\share\vm\prims\jvm.cpp:1166
Event: 15.817 Thread 0x0000000019dc5000 Threw 0x00000007795d8078 at C:\jdk7u2_64p\jdk7u17\hotspot\src\share\vm\prims\jvm.cpp:1166
Event: 15.818 Thread 0x0000000019dc5000 Threw 0x00000007795dc6f0 at C:\jdk7u2_64p\jdk7u17\hotspot\src\share\vm\prims\jvm.cpp:1166
Event: 15.876 Thread 0x0000000019dc5000 Threw 0x00000007795ef480 at C:\jdk7u2_64p\jdk7u17\hotspot\src\share\vm\prims\jvm.cpp:1166
Event: 15.880 Thread 0x0000000019dc5000 Threw 0x00000007795f4878 at C:\jdk7u2_64p\jdk7u17\hotspot\src\share\vm\prims\jvm.cpp:1166
Event: 15.881 Thread 0x0000000019dc5000 Threw 0x00000007795f7648 at C:\jdk7u2_64p\jdk7u17\hotspot\src\share\vm\prims\jvm.cpp:1166
Event: 15.978 Thread 0x0000000019dc5000 Threw 0x00000007796092b0 at C:\jdk7u2_64p\jdk7u17\hotspot\src\share\vm\prims\jvm.cpp:1166
Event: 15.983 Thread 0x0000000019dc5000 Threw 0x0000000779610508 at C:\jdk7u2_64p\jdk7u17\hotspot\src\share\vm\prims\jvm.cpp:1166

Events (10 events):
Event: 15.962 loading class 0x000000002c90f940
Event: 15.976 loading class 0x000000002c90f940 done
Event: 15.978 loading class 0x000000002bdd8380
Event: 15.978 loading class 0x000000002bdd8380 done
Event: 15.982 loading class 0x000000002b1c6f00
Event: 15.983 loading class 0x000000002b1c6f00 done
Event: 15.985 loading class 0x000000002b1ad970
Event: 15.997 loading class 0x000000002c9afcb0
Event: 15.997 loading class 0x000000002c9afcb0 done
Event: 15.997 loading class 0x000000002755a6d0


Dynamic libraries:
0x0000000140000000 - 0x000000014000e000 	C:\Xilinx\14.6\ISE_DS\PlanAhead\bin\unwrapped\win64.o\planAhead.exe
0x00007ffc5d8b0000 - 0x00007ffc5da59000 	C:\WINDOWS\SYSTEM32\ntdll.dll
0x00007ffc5c980000 - 0x00007ffc5cab9000 	C:\WINDOWS\system32\KERNEL32.DLL
0x00007ffc5a060000 - 0x00007ffc5a16e000 	C:\WINDOWS\system32\KERNELBASE.dll
0x000000000a900000 - 0x000000000a945000 	C:\Xilinx\14.6\ISE_DS\PlanAhead\lib\win64.o\SHSMP64.dll
0x0000000180000000 - 0x0000000180013000 	C:\Xilinx\14.6\ISE_DS\PlanAhead\lib\win64.o\libboost_signals.dll
0x0000000000370000 - 0x0000000000bf1000 	C:\Xilinx\14.6\ISE_DS\PlanAhead\lib\win64.o\librdi_common.dll
0x00000000001f0000 - 0x0000000000206000 	C:\Xilinx\14.6\ISE_DS\PlanAhead\lib\win64.o\librdi_commonmain.dll
0x0000000000c00000 - 0x0000000000cee000 	C:\Xilinx\14.6\ISE_DS\PlanAhead\lib\win64.o\stlport.5.2.dll
0x00000000652c0000 - 0x0000000065363000 	C:\WINDOWS\WinSxS\amd64_microsoft.vc90.crt_1fc8b3b9a1e18e3b_9.0.30729.8387_none_08e793bfa83a89b5\MSVCR90.dll
0x00007ffc5bf40000 - 0x00007ffc5c0b1000 	C:\WINDOWS\system32\USER32.dll
0x00007ffc5a800000 - 0x00007ffc5a8a5000 	C:\WINDOWS\system32\ADVAPI32.dll
0x00007ffc52970000 - 0x00007ffc5297a000 	C:\WINDOWS\SYSTEM32\VERSION.dll
0x0000000000cf0000 - 0x0000000000fd9000 	C:\Xilinx\14.6\ISE_DS\PlanAhead\lib\win64.o\libCOIN-all.dll
0x0000000000fe0000 - 0x0000000001195000 	C:\Xilinx\14.6\ISE_DS\PlanAhead\lib\win64.o\libSecurity.dll
0x0000000000240000 - 0x000000000024f000 	C:\Xilinx\14.6\ISE_DS\PlanAhead\lib\win64.o\libboost_date_time.dll
0x00000000011a0000 - 0x00000000011c7000 	C:\Xilinx\14.6\ISE_DS\PlanAhead\lib\win64.o\libboost_filesystem.dll
0x00000000011d0000 - 0x0000000001241000 	C:\Xilinx\14.6\ISE_DS\PlanAhead\lib\win64.o\libboost_program_options.dll
0x0000000001250000 - 0x00000000012ff000 	C:\Xilinx\14.6\ISE_DS\PlanAhead\lib\win64.o\libboost_regex.dll
0x0000000000250000 - 0x0000000000259000 	C:\Xilinx\14.6\ISE_DS\PlanAhead\lib\win64.o\libboost_system.dll
0x0000000001300000 - 0x0000000001316000 	C:\Xilinx\14.6\ISE_DS\PlanAhead\lib\win64.o\libboost_thread.dll
0x0000000001320000 - 0x0000000001363000 	C:\Xilinx\14.6\ISE_DS\PlanAhead\lib\win64.o\libcurl.dll
0x0000000001370000 - 0x00000000013f3000 	C:\Xilinx\14.6\ISE_DS\PlanAhead\lib\win64.o\libhdlpsolve.dll
0x0000000001400000 - 0x00000000014b7000 	C:\Xilinx\14.6\ISE_DS\PlanAhead\lib\win64.o\libhdxml.dll
0x00000000014c0000 - 0x0000000001a030d3 	C:\Xilinx\14.6\ISE_DS\PlanAhead\lib\win64.o\libisl_iostreams.dll
0x0000000001a10000 - 0x0000000001a39000 	C:\Xilinx\14.6\ISE_DS\PlanAhead\lib\win64.o\libisl_sysinfo.dll
0x00000000649f0000 - 0x000000006510f000 	C:\Xilinx\14.6\ISE_DS\PlanAhead\tps\win64\jre\bin\server\jvm.dll
0x0000000001a40000 - 0x0000000001a52000 	C:\Xilinx\14.6\ISE_DS\PlanAhead\lib\win64.o\pthreadVC.dll
0x0000000001a60000 - 0x0000000001a76000 	C:\Xilinx\14.6\ISE_DS\PlanAhead\lib\win64.o\librdiconfig.dll
0x0000000001a80000 - 0x0000000001a9e000 	C:\Xilinx\14.6\ISE_DS\PlanAhead\lib\win64.o\librdizlib.dll
0x0000000010000000 - 0x000000001012a000 	C:\Xilinx\14.6\ISE_DS\PlanAhead\lib\win64.o\tcl85t.dll
0x0000000012000000 - 0x0000000012282000 	C:\Xilinx\14.6\ISE_DS\PlanAhead\lib\win64.o\xerces-c_3_1.dll
0x00007ffc5c6a0000 - 0x00007ffc5c6a7000 	C:\WINDOWS\system32\PSAPI.DLL
0x00007ffc529c0000 - 0x00007ffc52c00000 	C:\WINDOWS\SYSTEM32\WININET.dll
0x00007ffc52560000 - 0x00007ffc52625000 	C:\WINDOWS\SYSTEM32\WINHTTP.dll
0x00007ffc52eb0000 - 0x00007ffc5300f000 	C:\WINDOWS\SYSTEM32\urlmon.dll
0x00007ffc587c0000 - 0x00007ffc587c9000 	C:\WINDOWS\SYSTEM32\WSOCK32.dll
0x0000000065370000 - 0x0000000065443000 	C:\WINDOWS\WinSxS\amd64_microsoft.vc90.crt_1fc8b3b9a1e18e3b_9.0.30729.8387_none_08e793bfa83a89b5\MSVCP90.dll
0x00007ffc5aa90000 - 0x00007ffc5be9f000 	C:\WINDOWS\system32\SHELL32.dll
0x00007ffc5c810000 - 0x00007ffc5c955000 	C:\WINDOWS\system32\GDI32.dll
0x00007ffc5a4f0000 - 0x00007ffc5a597000 	C:\WINDOWS\system32\msvcrt.dll
0x00007ffc5c3a0000 - 0x00007ffc5c3f7000 	C:\WINDOWS\SYSTEM32\sechost.dll
0x00007ffc5a3b0000 - 0x00007ffc5a4e6000 	C:\WINDOWS\system32\RPCRT4.dll
0x00007ffc553b0000 - 0x00007ffc553c5000 	C:\WINDOWS\SYSTEM32\NETAPI32.dll
0x00007ffc5bea0000 - 0x00007ffc5bf3a000 	C:\WINDOWS\system32\COMDLG32.dll
0x00007ffc59f10000 - 0x00007ffc59fb1000 	C:\WINDOWS\WinSxS\amd64_microsoft.windows.common-controls_6595b64144ccf1df_5.82.9600.16384_none_34a8918f959016ea\COMCTL32.dll
0x0000000001b30000 - 0x0000000001b3c000 	C:\Xilinx\14.6\ISE_DS\PlanAhead\lib\win64.o\libboost_chrono.dll
0x00007ffc5c400000 - 0x00007ffc5c458000 	C:\WINDOWS\system32\WS2_32.dll
0x00007ffc5c7b0000 - 0x00007ffc5c80a000 	C:\WINDOWS\system32\WLDAP32.dll
0x0000000001b70000 - 0x0000000001b89000 	C:\Xilinx\14.6\ISE_DS\PlanAhead\lib\win64.o\libboost_iostreams.dll
0x00007ffc50de0000 - 0x00007ffc50dff000 	C:\WINDOWS\SYSTEM32\WINMM.dll
0x00000000651e0000 - 0x00000000652b2000 	C:\WINDOWS\SYSTEM32\MSVCR100.dll
0x00007ffc52c00000 - 0x00007ffc52ea8000 	C:\WINDOWS\SYSTEM32\iertutil.dll
0x00007ffc5a8b0000 - 0x00007ffc5aa87000 	C:\WINDOWS\SYSTEM32\combase.dll
0x00007ffc5a670000 - 0x00007ffc5a7e6000 	C:\WINDOWS\system32\ole32.dll
0x00007ffc5c640000 - 0x00007ffc5c691000 	C:\WINDOWS\system32\SHLWAPI.dll
0x00007ffc590f0000 - 0x00007ffc590fc000 	C:\WINDOWS\SYSTEM32\netutils.dll
0x00007ffc59a50000 - 0x00007ffc59a75000 	C:\WINDOWS\SYSTEM32\srvcli.dll
0x00007ffc55370000 - 0x00007ffc55386000 	C:\WINDOWS\SYSTEM32\wkscli.dll
0x00007ffc5a5a0000 - 0x00007ffc5a5a9000 	C:\WINDOWS\system32\NSI.dll
0x00007ffc50db0000 - 0x00007ffc50dda000 	C:\WINDOWS\SYSTEM32\WINMMBASE.dll
0x00007ffc5a010000 - 0x00007ffc5a05a000 	C:\WINDOWS\SYSTEM32\cfgmgr32.dll
0x00007ffc58cd0000 - 0x00007ffc58cf6000 	C:\WINDOWS\SYSTEM32\DEVOBJ.dll
0x00007ffc56ec0000 - 0x00007ffc56f61000 	C:\WINDOWS\SYSTEM32\SHCORE.DLL
0x00007ffc5c6b0000 - 0x00007ffc5c6e4000 	C:\WINDOWS\system32\IMM32.DLL
0x00007ffc5c0c0000 - 0x00007ffc5c1f8000 	C:\WINDOWS\system32\MSCTF.dll
0x0000000004fa0000 - 0x0000000005293000 	C:\Xilinx\14.6\ISE_DS\PlanAhead\lib\win64.o\librdi_commontasks.dll
0x00000000058a0000 - 0x0000000005ee0000 	C:\Xilinx\14.6\ISE_DS\PlanAhead\lib\win64.o\librdi_coretasks.dll
0x0000000005ee0000 - 0x00000000060a7000 	C:\Xilinx\14.6\ISE_DS\PlanAhead\lib\win64.o\librdi_chipscope.dll
0x00000000060b0000 - 0x00000000070d0000 	C:\Xilinx\14.6\ISE_DS\PlanAhead\lib\win64.o\librdi_constraints.dll
0x00000000070d0000 - 0x000000000839c000 	C:\Xilinx\14.6\ISE_DS\PlanAhead\lib\win64.o\librdi_coregen.dll
0x000000000a950000 - 0x000000000dfa1000 	C:\Xilinx\14.6\ISE_DS\PlanAhead\lib\win64.o\librdi_designutils.dll
0x00000000083a0000 - 0x0000000008f7a000 	C:\Xilinx\14.6\ISE_DS\PlanAhead\lib\win64.o\librdi_device.dll
0x0000000008f80000 - 0x0000000009294000 	C:\Xilinx\14.6\ISE_DS\PlanAhead\lib\win64.o\librdi_drc.dll
0x00000000092a0000 - 0x000000000952e000 	C:\Xilinx\14.6\ISE_DS\PlanAhead\lib\win64.o\librdi_filemgmt.dll
0x0000000009530000 - 0x0000000009906000 	C:\Xilinx\14.6\ISE_DS\PlanAhead\lib\win64.o\librdi_netlist.dll
0x000000000dfb0000 - 0x000000000f0d3000 	C:\Xilinx\14.6\ISE_DS\PlanAhead\lib\win64.o\librdi_place.dll
0x0000000009910000 - 0x0000000009e32000 	C:\Xilinx\14.6\ISE_DS\PlanAhead\lib\win64.o\librdi_power.dll
0x0000000009e40000 - 0x000000000a1f3000 	C:\Xilinx\14.6\ISE_DS\PlanAhead\lib\win64.o\librdi_project.dll
0x000000000a200000 - 0x000000000a79d000 	C:\Xilinx\14.6\ISE_DS\PlanAhead\lib\win64.o\librdi_rsb.dll
0x000000000f0e0000 - 0x000000000f4d8000 	C:\Xilinx\14.6\ISE_DS\PlanAhead\lib\win64.o\librdi_runs.dll
0x000000000f4e0000 - 0x000000000ffb8000 	C:\Xilinx\14.6\ISE_DS\PlanAhead\lib\win64.o\librdi_timing.dll
0x000000000a7a0000 - 0x000000000a80e000 	C:\Xilinx\14.6\ISE_DS\PlanAhead\lib\win64.o\liblmx6.0.dll
0x0000000001ef0000 - 0x0000000001ef8000 	C:\Xilinx\14.6\ISE_DS\PlanAhead\lib\win64.o\libpsta_dllwrapper.dll
0x0000000010130000 - 0x00000000108ff000 	C:\Xilinx\14.6\ISE_DS\PlanAhead\lib\win64.o\librdi_coregenipxact.dll
0x0000000010900000 - 0x00000000110a0000 	C:\Xilinx\14.6\ISE_DS\PlanAhead\lib\win64.o\libverific.dll
0x000000000a810000 - 0x000000000a88d000 	C:\Xilinx\14.6\ISE_DS\PlanAhead\lib\win64.o\libboost_serialization.dll
0x00000000110a0000 - 0x00000000115e4000 	C:\Xilinx\14.6\ISE_DS\PlanAhead\lib\win64.o\librdi_xdm.dll
0x00000000115f0000 - 0x0000000011680000 	C:\Xilinx\14.6\ISE_DS\PlanAhead\lib\win64.o\libise.dll
0x0000000011680000 - 0x0000000011c5c000 	C:\Xilinx\14.6\ISE_DS\PlanAhead\lib\win64.o\librdi_abc_nomp.dll
0x0000000011c60000 - 0x0000000011d88000 	C:\Xilinx\14.6\ISE_DS\PlanAhead\lib\win64.o\librdi_dlyest.dll
0x000000000a890000 - 0x000000000a8aa000 	C:\Xilinx\14.6\ISE_DS\PlanAhead\lib\win64.o\librdi_hmetis.dll
0x00000000651c0000 - 0x00000000651d1000 	C:\WINDOWS\WinSxS\amd64_microsoft.vc90.openmp_1fc8b3b9a1e18e3b_9.0.21022.8_none_a5325551f9d85633\VCOMP90.DLL
0x0000000012290000 - 0x000000001287e000 	C:\Xilinx\14.6\ISE_DS\PlanAhead\lib\win64.o\librdi_route.dll
0x0000000011d90000 - 0x0000000011fba000 	C:\Xilinx\14.6\ISE_DS\PlanAhead\lib\win64.o\librdi_labtools.dll
0x0000000012880000 - 0x0000000012dbb000 	C:\Xilinx\14.6\ISE_DS\PlanAhead\lib\win64.o\librdi_memdata.dll
0x0000000012dc0000 - 0x00000000144ef000 	C:\Xilinx\14.6\ISE_DS\PlanAhead\lib\win64.o\librdi_synth.dll
0x00000000144f0000 - 0x000000001492e000 	C:\Xilinx\14.6\ISE_DS\PlanAhead\lib\win64.o\librdi_ip.dll
0x0000000014970000 - 0x00000000149ad000 	C:\Xilinx\14.6\ISE_DS\PlanAhead\lib\win64.o\librdi_simbridge_kernel.dll
0x00000000149b0000 - 0x0000000014e26000 	C:\Xilinx\14.6\ISE_DS\PlanAhead\lib\win64.o\librdi_wavedata.dll
0x0000000016380000 - 0x0000000018438000 	C:\Xilinx\14.6\ISE_DS\PlanAhead\lib\win64.o\librdi_tcltasks.dll
0x0000000018450000 - 0x00000000186c4000 	C:\Xilinx\14.6\ISE_DS\PlanAhead\lib\win64.o\librdi_bitstream.dll
0x00000000186d0000 - 0x00000000187a4000 	C:\Xilinx\14.6\ISE_DS\PlanAhead\lib\win64.o\librdi_dsp.dll
0x00000000187b0000 - 0x000000001881e000 	C:\Xilinx\14.6\ISE_DS\PlanAhead\lib\win64.o\librdi_edk.dll
0x0000000018820000 - 0x0000000018a2e000 	C:\Xilinx\14.6\ISE_DS\PlanAhead\lib\win64.o\librdi_simdata.dll
0x0000000018d70000 - 0x0000000018ec6000 	C:\Xilinx\14.6\ISE_DS\PlanAhead\lib\win64.o\librdi_planaheadtasks.dll
0x0000000018ee0000 - 0x0000000019d28000 	C:\Xilinx\14.6\ISE_DS\PlanAhead\lib\win64.o\librdi_ipservicestasks.dll
0x00000000651b0000 - 0x00000000651bf000 	C:\Xilinx\14.6\ISE_DS\PlanAhead\tps\win64\jre\bin\verify.dll
0x0000000065180000 - 0x00000000651a8000 	C:\Xilinx\14.6\ISE_DS\PlanAhead\tps\win64\jre\bin\java.dll
0x0000000065160000 - 0x0000000065175000 	C:\Xilinx\14.6\ISE_DS\PlanAhead\tps\win64\jre\bin\zip.dll
0x0000000065140000 - 0x0000000065159000 	C:\Xilinx\14.6\ISE_DS\PlanAhead\tps\win64\jre\bin\net.dll
0x00007ffc596a0000 - 0x00007ffc596f8000 	C:\WINDOWS\system32\mswsock.dll
0x00000000649d0000 - 0x00000000649e1000 	C:\Xilinx\14.6\ISE_DS\PlanAhead\tps\win64\jre\bin\nio.dll
0x0000000027820000 - 0x0000000027b06000 	C:\Xilinx\14.6\ISE_DS\PlanAhead\lib\win64.o\librdi_fed.dll
0x0000000027b20000 - 0x0000000027d81000 	C:\Xilinx\14.6\ISE_DS\PlanAhead\lib\win64.o\librdi_guitools.dll
0x0000000027da0000 - 0x0000000027da7000 	C:\Xilinx\14.6\ISE_DS\PlanAhead\lib\win64.o\librdi_commonx11.dll
0x0000000027dc0000 - 0x00000000281ae000 	C:\Xilinx\14.6\ISE_DS\PlanAhead\lib\win64.o\librdi_rsbtasks.dll
0x00000000281c0000 - 0x0000000028409000 	C:\Xilinx\14.6\ISE_DS\PlanAhead\lib\win64.o\librdi_labtoolstasks.dll
0x0000000028420000 - 0x00000000285d8000 	C:\Xilinx\14.6\ISE_DS\PlanAhead\lib\win64.o\librdi_simtcltasks.dll
0x0000000064830000 - 0x00000000649c3000 	C:\Xilinx\14.6\ISE_DS\PlanAhead\tps\win64\jre\bin\awt.dll
0x00007ffc5c6f0000 - 0x00007ffc5c7a7000 	C:\WINDOWS\system32\OLEAUT32.dll
0x00007ffc58a70000 - 0x00007ffc58afb000 	C:\WINDOWS\system32\apphelp.dll
0x00007ffc58ba0000 - 0x00007ffc58cc2000 	C:\WINDOWS\system32\uxtheme.dll
0x00007ffc56ce0000 - 0x00007ffc56d01000 	C:\WINDOWS\system32\dwmapi.dll
0x00007ffc58b10000 - 0x00007ffc58b1a000 	C:\WINDOWS\SYSTEM32\kernel.appcore.dll
0x00007ffc59db0000 - 0x00007ffc59dba000 	C:\WINDOWS\SYSTEM32\CRYPTBASE.dll
0x00007ffc59c50000 - 0x00007ffc59cae000 	C:\WINDOWS\SYSTEM32\bcryptPrimitives.dll
0x00007ffc59700000 - 0x00007ffc5971e000 	C:\WINDOWS\SYSTEM32\CRYPTSP.dll

VM Arguments:
jvm_args: -Dsun.java2d.pmoffscreen=false -Xverify:none -Dswing.aatext=true -XX:-UsePerfData -Djdk.map.althashing.threshold=512 -XX:PermSize=128m -XX:MaxPermSize=128m -XX:NewSize=60m -XX:MaxNewSize=60m -XX:+UseConcMarkSweepGC -XX:+UseParNewGC -XX:+CMSParallelRemarkEnabled -XX:+CMSScavengeBeforeRemark -XX:+UseNUMA -XX:+AggressiveOpts -XX:+UseFastAccessorMethods -XX:+UseFastEmptyMethods -XX:+UseBiasedLocking -XX:+TieredCompilation -Xms128m -Xmx2048m -Xss3m 
java_command: <unknown>
Launcher Type: generic

Environment Variables:
PATH=C:/Xilinx/14.6/ISE_DS/PlanAhead/bin;C:/Xilinx/14.6/ISE_DS/PlanAhead/lib/win64.o;C:/Xilinx/14.6/ISE_DS/PlanAhead/tps/win64/jre/bin/server;C:/Xilinx/14.6/ISE_DS/PlanAhead/tps/win64/jre/bin;C:/Xilinx/14.6/ISE_DS/EDK/bin/nt64;C:/Xilinx/14.6/ISE_DS/EDK/lib/nt64;C:/Xilinx/14.6/ISE_DS/ISE/bin/nt64;C:/Xilinx/14.6/ISE_DS/ISE/lib/nt64;C:/Xilinx/14.6/ISE_DS/common/bin/nt64;C:/Xilinx/14.6/ISE_DS/common/lib/nt64;C:\Xilinx\14.6\ISE_DS\ISE\\lib\nt64;C:\Xilinx\14.6\ISE_DS\ISE\\bin\nt64;C:\Xilinx\14.6\ISE_DS\ISE\bin\nt64;C:\Xilinx\14.6\ISE_DS\ISE\lib\nt64;C:\Xilinx\14.6\ISE_DS\ISE\..\..\..\DocNav;C:\Xilinx\14.6\ISE_DS\PlanAhead\bin;C:\Xilinx\14.6\ISE_DS\EDK\bin\nt64;C:\Xilinx\14.6\ISE_DS\EDK\lib\nt64;C:\Xilinx\14.6\ISE_DS\EDK\gnu\microblaze\nt\bin;C:\Xilinx\14.6\ISE_DS\EDK\gnu\powerpc-eabi\nt\bin;C:\Xilinx\14.6\ISE_DS\EDK\gnuwin\bin;C:\Xilinx\14.6\ISE_DS\EDK\gnu\arm\nt\bin;C:\Xilinx\14.6\ISE_DS\EDK\gnu\microblaze\linux_toolchain\nt64_be\bin;C:\Xilinx\14.6\ISE_DS\EDK\gnu\microblaze\linux_toolchain\nt64_le\bin;C:\Xilinx\14.6\ISE_DS\common\bin\nt64;C:\Xilinx\14.6\ISE_DS\common\lib\nt64;c:\mingw\bin;C:\Python27\Lib\site-packages\PyQt4;C:\WINDOWS\system32;C:\WINDOWS;C:\WINDOWS\System32\Wbem;C:\WINDOWS\System32\WindowsPowerShell\v1.0\;C:\Python27;C:\Python27\Scripts
USERNAME=Franco
OS=Windows_NT
PROCESSOR_IDENTIFIER=Intel64 Family 6 Model 58 Stepping 9, GenuineIntel



---------------  S Y S T E M  ---------------

OS: Windows 8 , 64 bit Build 9200 

CPU:total 4 (2 cores per cpu, 2 threads per core) family 6 model 58 stepping 9, cmov, cx8, fxsr, mmx, sse, sse2, sse3, ssse3, sse4.1, sse4.2, popcnt, avx, ht, tsc, tscinvbit, tscinv

Memory: 4k page, physical 3888668k(1548428k free), swap 7820832k(4728640k free)

vm_info: Java HotSpot(TM) 64-Bit Server VM (23.7-b01) for windows-amd64 JRE (1.7.0_17-b02), built on Mar  1 2013 03:38:30 by "java_re" with unknown MS VC++:1600

time: Wed Nov 27 17:30:50 2013
elapsed time: 16 seconds

