#
# A fatal error has been detected by the Java Runtime Environment:
#
#  EXCEPTION_ACCESS_VIOLATION (0xc0000005) at pc=0x00007ffc5a4f1cd4, pid=7604, tid=8716
#
# JRE version: 7.0_17-b02
# Java VM: Java HotSpot(TM) 64-Bit Server VM (23.7-b01 mixed mode windows-amd64 compressed oops)
# Problematic frame:
# C  [msvcrt.dll+0x1cd4]  operator delete[]+0x0
#
# Failed to write core dump. Minidumps are not enabled by default on client versions of Windows
#
# If you would like to submit a bug report, please visit:
#   http://bugreport.sun.com/bugreport/crash.jsp
# The crash happened outside the Java Virtual Machine in native code.
# See problematic frame for where to report the bug.
#

---------------  T H R E A D  ---------------

Current thread (0x0000000031b55800):  JavaThread "Swing-Shell" daemon [_thread_in_native, id=8716, stack(0x0000000031c30000,0x0000000031f30000)]

siginfo: ExceptionCode=0xc0000005, writing address 0x0000000000000000

Registers:
RAX=0x0000000000000000, RBX=0x0000000000000000, RCX=0x0000000000000000, RDX=0x00000000002127c0
RSP=0x0000000031f2eed8, RBP=0x0000000000000000, RSI=0x0000000000000002, RDI=0x0000000000000000
R8 =0x0000000000000005, R9 =0x000000000000010d, R10=0x00007ffc5d8b0000, R11=0x000000003448f6b0
R12=0x0000000000000005, R13=0x00007ffc4e65b070, R14=0x0000000026468c20, R15=0x00007ffc4e65b070
RIP=0x00007ffc5a4f1cd4, EFLAGS=0x0000000000010246

Top of Stack: (sp=0x0000000031f2eed8)
0x0000000031f2eed8:   00007ffc4e6532a7 00007ffc4e65b070
0x0000000031f2eee8:   0000000026468c20 00007ffc4e65b070
0x0000000031f2eef8:   000000002b9208a0 0000000000000004
0x0000000031f2ef08:   0000000000376bfc 00007ffc4e65b070
0x0000000031f2ef18:   0000000031f2efe0 0000000000000002
0x0000000031f2ef28:   00007ffc4e653c66 0000000026468c20
0x0000000031f2ef38:   0000000000001f40 0000000031f2f049
0x0000000031f2ef48:   00007ffc4e65c3c0 0000000000000002
0x0000000031f2ef58:   00007ffc4e653416 0000000031f2f000
0x0000000031f2ef68:   000000001a07ef00 0000000000000000
0x0000000031f2ef78:   0000000000000000 00007ffc4e621cc8
0x0000000031f2ef88:   00007ffc4e65b070 0000000000000000
0x0000000031f2ef98:   0000000031f2f110 0000000000000005
0x0000000031f2efa8:   00007ffc4e635cc3 000000001a07ef28
0x0000000031f2efb8:   000000001a07ef28 000000001a07ef00
0x0000000031f2efc8:   000000001a07ef28 0000000034463580 

Instructions: (pc=0x00007ffc5a4f1cd4)
0x00007ffc5a4f1cb4:   33 d2 ff 15 fc b5 09 00 85 c0 75 d0 e9 4c d5 03
0x00007ffc5a4f1cc4:   00 cc 90 90 90 90 90 90 48 b8 60 81 91 0a 00 00
0x00007ffc5a4f1cd4:   00 00 ff e0 91 0a 00 00 00 00 ff e0 48 b8 60 73
0x00007ffc5a4f1ce4:   91 0a 00 00 00 00 ff e0 83 ec 20 48 83 3d c9 d3 


Register to memory mapping:

RAX=0x0000000000000000 is an unknown value
RBX=0x0000000000000000 is an unknown value
RCX=0x0000000000000000 is an unknown value
RDX=0x00000000002127c0 is an unknown value
RSP=0x0000000031f2eed8 is pointing into the stack for thread: 0x0000000031b55800
RBP=0x0000000000000000 is an unknown value
RSI=0x0000000000000002 is an unknown value
RDI=0x0000000000000000 is an unknown value
R8 =0x0000000000000005 is an unknown value
R9 =0x000000000000010d is an unknown value
R10=0x00007ffc5d8b0000 is an unknown value
R11=0x000000003448f6b0 is an unknown value
R12=0x0000000000000005 is an unknown value
R13=0x00007ffc4e65b070 is an unknown value
R14=0x0000000026468c20 is an unknown value
R15=0x00007ffc4e65b070 is an unknown value


Stack: [0x0000000031c30000,0x0000000031f30000],  sp=0x0000000031f2eed8,  free space=3067k
Native frames: (J=compiled Java code, j=interpreted, Vv=VM code, C=native code)
C  [msvcrt.dll+0x1cd4]  operator delete[]+0x0

[error occurred during error reporting (printing native stack), id 0xc0000005]

Java frames: (J=compiled Java code, j=interpreted, Vv=VM code)
j  sun.awt.shell.Win32ShellFolder2.getNextChild(J)J+0
j  sun.awt.shell.Win32ShellFolder2.access$1100(Lsun/awt/shell/Win32ShellFolder2;J)J+2
j  sun.awt.shell.Win32ShellFolder2$9.call()[Ljava/io/File;+94
j  sun.awt.shell.Win32ShellFolder2$9.call()Ljava/lang/Object;+1
j  java.util.concurrent.FutureTask$Sync.innerRun()V+29
j  java.util.concurrent.FutureTask.run()V+4
j  java.util.concurrent.ThreadPoolExecutor.runWorker(Ljava/util/concurrent/ThreadPoolExecutor$Worker;)V+95
j  java.util.concurrent.ThreadPoolExecutor$Worker.run()V+5
j  sun.awt.shell.Win32ShellFolderManager2$ComInvoker$3.run()V+7
j  java.lang.Thread.run()V+11
v  ~StubRoutines::call_stub

---------------  P R O C E S S  ---------------

Java Threads: ( => current thread )
=>0x0000000031b55800 JavaThread "Swing-Shell" daemon [_thread_in_native, id=8716, stack(0x0000000031c30000,0x0000000031f30000)]
  0x000000002dbd1000 JavaThread "HFileChooser Load File/Folder Choosers Thread" [_thread_blocked, id=9828, stack(0x0000000031430000,0x0000000031730000)]
  0x0000000030ca7800 JavaThread "Monitor File Timestamp" [_thread_blocked, id=7932, stack(0x0000000030d30000,0x0000000031030000)]
  0x000000002a0a7800 JavaThread "Image Fetcher 3" daemon [_thread_blocked, id=8264, stack(0x000000002bf30000,0x000000002c230000)]
  0x000000002a0a8800 JavaThread "Image Fetcher 2" daemon [_thread_blocked, id=6864, stack(0x000000002bc30000,0x000000002bf30000)]
  0x000000002a0ad800 JavaThread "Image Fetcher 1" daemon [_thread_blocked, id=9572, stack(0x000000002b930000,0x000000002bc30000)]
  0x0000000029aab000 JavaThread "Image Fetcher 0" daemon [_thread_blocked, id=7552, stack(0x000000002b020000,0x000000002b320000)]
  0x0000000019ef3000 JavaThread "AWT-EventQueue-1" [_thread_in_Java, id=8124, stack(0x000000002ad20000,0x000000002b020000)]
  0x0000000019ef7800 JavaThread "Process Messages" [_thread_blocked, id=6684, stack(0x000000002aa20000,0x000000002ad20000)]
  0x0000000019f0a800 JavaThread "Thread-3" [_thread_blocked, id=9604, stack(0x0000000003c40000,0x0000000005040000)]
  0x000000002a4b2000 JavaThread "AWT-EventQueue-0" [_thread_blocked, id=9868, stack(0x000000002a620000,0x000000002a920000)]
  0x0000000028777800 JavaThread "AWT-Windows" daemon [_thread_in_native, id=6208, stack(0x00000000294e0000,0x00000000297e0000)]
  0x0000000028778800 JavaThread "AWT-Shutdown" [_thread_blocked, id=9028, stack(0x00000000291e0000,0x00000000294e0000)]
  0x000000002877b800 JavaThread "Java2D Disposer" daemon [_thread_blocked, id=9440, stack(0x0000000028ee0000,0x00000000291e0000)]
  0x00000000286e1000 JavaThread "TimerQueue" daemon [_thread_blocked, id=10140, stack(0x0000000028be0000,0x0000000028ee0000)]
  0x0000000025c70800 JavaThread "Service Thread" daemon [_thread_blocked, id=6548, stack(0x00000000270f0000,0x00000000273f0000)]
  0x0000000021135000 JavaThread "C1 CompilerThread2" daemon [_thread_in_vm, id=6176, stack(0x0000000026ff0000,0x00000000270f0000)]
  0x0000000021131000 JavaThread "C2 CompilerThread1" daemon [_thread_in_native, id=9876, stack(0x0000000026ef0000,0x0000000026ff0000)]
  0x00000000210a1000 JavaThread "C2 CompilerThread0" daemon [_thread_in_native, id=8188, stack(0x0000000026df0000,0x0000000026ef0000)]
  0x0000000021121800 JavaThread "Attach Listener" daemon [_thread_blocked, id=5448, stack(0x0000000026af0000,0x0000000026df0000)]
  0x0000000026412000 JavaThread "Signal Dispatcher" daemon [_thread_blocked, id=1468, stack(0x00000000267f0000,0x0000000026af0000)]
  0x0000000026414000 JavaThread "Surrogate Locker Thread (Concurrent GC)" daemon [_thread_blocked, id=10188, stack(0x00000000264f0000,0x00000000267f0000)]
  0x00000000210c5800 JavaThread "Finalizer" daemon [_thread_blocked, id=6836, stack(0x00000000260f0000,0x00000000263f0000)]
  0x00000000210c7000 JavaThread "Reference Handler" daemon [_thread_blocked, id=5672, stack(0x0000000025df0000,0x00000000260f0000)]
  0x0000000019f5b000 JavaThread "main" [_thread_blocked, id=4656, stack(0x000000001a110000,0x000000001a210000)]

Other Threads:
  0x0000000021072000 VMThread [stack: 0x0000000025cf0000,0x0000000025df0000] [id=5696]
  0x000000001a050800 WatcherThread [stack: 0x00000000273f0000,0x00000000274f0000] [id=9580]

VM state:not at safepoint (normal execution)

VM Mutex/Monitor currently owned by a thread: None

Heap
 par new generation   total 55296K, used 27127K [0x0000000778000000, 0x000000077bc00000, 0x000000077bc00000)
  eden space 49152K,  42% used [0x0000000778000000, 0x000000077947dc20, 0x000000077b000000)
  from space 6144K, 100% used [0x000000077b000000, 0x000000077b600000, 0x000000077b600000)
  to   space 6144K,   0% used [0x000000077b600000, 0x000000077b600000, 0x000000077bc00000)
 concurrent mark-sweep generation total 69632K, used 11733K [0x000000077bc00000, 0x0000000780000000, 0x00000007f8000000)
 concurrent-mark-sweep perm gen total 131072K, used 28150K [0x00000007f8000000, 0x0000000800000000, 0x0000000800000000)

Card table byte_map: [0x00000000207b0000,0x0000000020c00000] byte_map_base: 0x000000001cbf0000

Polling page: 0x000000001a210000

Code Cache  [0x000000001a230000, 0x000000001a880000, 0x0000000020230000)
 total_blobs=2351 nmethods=1749 adapters=519 free_code_cache=91926Kb largest_free_block=94076672

Compilation events (10 events):
Event: 6.054 Thread 0x0000000021135000 1999       3       java.util.regex.Matcher::appendReplacement (535 bytes)
Event: 6.063 Thread 0x00000000210a1000 nmethod 1998 0x000000001a55d310 code [0x000000001a55d480, 0x000000001a55d748]
Event: 6.067 Thread 0x0000000021135000 nmethod 1999 0x000000001a842f90 code [0x000000001a843620, 0x000000001a848268]
Event: 6.067 Thread 0x0000000021135000 2002       3       javax.swing.text.html.parser.ContentModelState::advance (579 bytes)
Event: 6.073 Thread 0x0000000021135000 nmethod 2002 0x000000001a84af90 code [0x000000001a84b460, 0x000000001a84e5c8]
Event: 6.073 Thread 0x0000000021135000 2000       3       com.jidesoft.plaf.vsnet.VsnetMenuItemUI::getPropertyPrefix (3 bytes)
Event: 6.073 Thread 0x0000000021135000 nmethod 2000 0x000000001a636950 code [0x000000001a636aa0, 0x000000001a636c30]
Event: 6.073 Thread 0x0000000021135000 2001       3       ui.e.ai::a (45 bytes)
Event: 6.074 Thread 0x0000000021135000 nmethod 2001 0x000000001a55f790 code [0x000000001a55f920, 0x000000001a55fd28]
Event: 6.074 Thread 0x0000000021135000 2003       3       ui.frmwork.au::bi (36 bytes)

GC Heap History (4 events):
Event: 1.996 GC heap before
{Heap before GC invocations=0 (full 0):
 par new generation   total 55296K, used 49152K [0x0000000778000000, 0x000000077bc00000, 0x000000077bc00000)
  eden space 49152K, 100% used [0x0000000778000000, 0x000000077b000000, 0x000000077b000000)
  from space 6144K,   0% used [0x000000077b000000, 0x000000077b000000, 0x000000077b600000)
  to   space 6144K,   0% used [0x000000077b600000, 0x000000077b600000, 0x000000077bc00000)
 concurrent mark-sweep generation total 69632K, used 0K [0x000000077bc00000, 0x0000000780000000, 0x00000007f8000000)
 concurrent-mark-sweep perm gen total 131072K, used 13067K [0x00000007f8000000, 0x0000000800000000, 0x0000000800000000)
Event: 2.022 GC heap after
Heap after GC invocations=1 (full 0):
 par new generation   total 55296K, used 6144K [0x0000000778000000, 0x000000077bc00000, 0x000000077bc00000)
  eden space 49152K,   0% used [0x0000000778000000, 0x0000000778000000, 0x000000077b000000)
  from space 6144K, 100% used [0x000000077b600000, 0x000000077bc00000, 0x000000077bc00000)
  to   space 6144K,   0% used [0x000000077b000000, 0x000000077b000000, 0x000000077b600000)
 concurrent mark-sweep generation total 69632K, used 647K [0x000000077bc00000, 0x0000000780000000, 0x00000007f8000000)
 concurrent-mark-sweep perm gen total 131072K, used 13067K [0x00000007f8000000, 0x0000000800000000, 0x0000000800000000)
}
Event: 4.551 GC heap before
{Heap before GC invocations=1 (full 0):
 par new generation   total 55296K, used 55296K [0x0000000778000000, 0x000000077bc00000, 0x000000077bc00000)
  eden space 49152K, 100% used [0x0000000778000000, 0x000000077b000000, 0x000000077b000000)
  from space 6144K, 100% used [0x000000077b600000, 0x000000077bc00000, 0x000000077bc00000)
  to   space 6144K,   0% used [0x000000077b000000, 0x000000077b000000, 0x000000077b600000)
 concurrent mark-sweep generation total 69632K, used 647K [0x000000077bc00000, 0x0000000780000000, 0x00000007f8000000)
 concurrent-mark-sweep perm gen total 131072K, used 22829K [0x00000007f8000000, 0x0000000800000000, 0x0000000800000000)
Event: 4.648 GC heap after
Heap after GC invocations=2 (full 0):
 par new generation   total 55296K, used 6144K [0x0000000778000000, 0x000000077bc00000, 0x000000077bc00000)
  eden space 49152K,   0% used [0x0000000778000000, 0x0000000778000000, 0x000000077b000000)
  from space 6144K, 100% used [0x000000077b000000, 0x000000077b600000, 0x000000077b600000)
  to   space 6144K,   0% used [0x000000077b600000, 0x000000077b600000, 0x000000077bc00000)
 concurrent mark-sweep generation total 69632K, used 11733K [0x000000077bc00000, 0x0000000780000000, 0x00000007f8000000)
 concurrent-mark-sweep perm gen total 131072K, used 22829K [0x00000007f8000000, 0x0000000800000000, 0x0000000800000000)
}

Deoptimization events (10 events):
Event: 5.318 Thread 0x000000002dbd1000 Uncommon trap -83 fr.pc 0x000000001a7ac27c
Event: 5.333 Thread 0x000000002dbd1000 Uncommon trap -58 fr.pc 0x000000001a63b4d4
Event: 5.338 Thread 0x000000002dbd1000 Uncommon trap -58 fr.pc 0x000000001a63b4d4
Event: 5.341 Thread 0x000000002dbd1000 Uncommon trap -58 fr.pc 0x000000001a63b4d4
Event: 5.342 Thread 0x000000002dbd1000 Uncommon trap -58 fr.pc 0x000000001a63b4d4
Event: 5.406 Thread 0x000000002dbd1000 Uncommon trap 668 fr.pc 0x000000001a76f454
Event: 5.575 Thread 0x000000002dbd1000 Uncommon trap -34 fr.pc 0x000000001a437b24
Event: 5.678 Thread 0x000000002dbd1000 Uncommon trap -34 fr.pc 0x000000001a437b24
Event: 5.742 Thread 0x000000002dbd1000 Uncommon trap -34 fr.pc 0x000000001a437b24
Event: 5.962 Thread 0x0000000019ef3000 Uncommon trap -83 fr.pc 0x000000001a773f48

Internal exceptions (10 events):
Event: 5.980 Thread 0x0000000019ef3000 Threw 0x00000007792156b0 at C:\jdk7u2_64p\jdk7u17\hotspot\src\share\vm\prims\jvm.cpp:1166
Event: 5.984 Thread 0x0000000019ef3000 Threw 0x0000000779218bc8 at C:\jdk7u2_64p\jdk7u17\hotspot\src\share\vm\prims\jvm.cpp:1166
Event: 5.986 Thread 0x0000000019ef3000 Threw 0x0000000779226080 at C:\jdk7u2_64p\jdk7u17\hotspot\src\share\vm\prims\jvm.cpp:1166
Event: 5.986 Thread 0x0000000019ef3000 Threw 0x000000077922cdd0 at C:\jdk7u2_64p\jdk7u17\hotspot\src\share\vm\prims\jvm.cpp:1166
Event: 5.987 Thread 0x0000000019ef3000 Threw 0x000000077922ed90 at C:\jdk7u2_64p\jdk7u17\hotspot\src\share\vm\prims\jvm.cpp:1166
Event: 5.991 Thread 0x0000000019ef3000 Threw 0x00000007792383e8 at C:\jdk7u2_64p\jdk7u17\hotspot\src\share\vm\prims\jvm.cpp:1166
Event: 5.992 Thread 0x0000000019ef3000 Threw 0x000000077923ac80 at C:\jdk7u2_64p\jdk7u17\hotspot\src\share\vm\prims\jvm.cpp:1166
Event: 5.995 Thread 0x0000000019ef3000 Threw 0x000000077923d678 at C:\jdk7u2_64p\jdk7u17\hotspot\src\share\vm\prims\jvm.cpp:1166
Event: 5.997 Thread 0x0000000019ef3000 Threw 0x0000000779241f98 at C:\jdk7u2_64p\jdk7u17\hotspot\src\share\vm\prims\jvm.cpp:1166
Event: 5.999 Thread 0x0000000019ef3000 Threw 0x0000000779252f40 at C:\jdk7u2_64p\jdk7u17\hotspot\src\share\vm\prims\jvm.cpp:1166

Events (10 events):
Event: 5.997 loading class 0x0000000026427960
Event: 5.997 loading class 0x0000000026427960 done
Event: 5.998 loading class 0x000000002cc63f40
Event: 5.998 loading class 0x000000002cc63f40 done
Event: 6.007 Thread 0x0000000021135000 flushing nmethod 0x000000001a3ed0d0
Event: 6.017 Thread 0x0000000021135000 flushing nmethod 0x000000001a55d090
Event: 6.017 Thread 0x0000000021135000 flushing nmethod 0x000000001a577f50
Event: 6.018 Thread 0x0000000021135000 flushing nmethod 0x000000001a5c9e10
Event: 6.020 Thread 0x0000000021135000 flushing nmethod 0x000000001a636950
Event: 6.021 Thread 0x00000000210a1000 flushing nmethod 0x000000001a660b90


Dynamic libraries:
0x0000000140000000 - 0x000000014000e000 	C:\Xilinx\14.6\ISE_DS\PlanAhead\bin\unwrapped\win64.o\planAhead.exe
0x00007ffc5d8b0000 - 0x00007ffc5da59000 	C:\WINDOWS\SYSTEM32\ntdll.dll
0x00007ffc5c980000 - 0x00007ffc5cab9000 	C:\WINDOWS\system32\KERNEL32.DLL
0x00007ffc5a060000 - 0x00007ffc5a16e000 	C:\WINDOWS\system32\KERNELBASE.dll
0x000000000a900000 - 0x000000000a945000 	C:\Xilinx\14.6\ISE_DS\PlanAhead\lib\win64.o\SHSMP64.dll
0x0000000180000000 - 0x0000000180013000 	C:\Xilinx\14.6\ISE_DS\PlanAhead\lib\win64.o\libboost_signals.dll
0x00000000003c0000 - 0x0000000000c41000 	C:\Xilinx\14.6\ISE_DS\PlanAhead\lib\win64.o\librdi_common.dll
0x00000000001f0000 - 0x0000000000206000 	C:\Xilinx\14.6\ISE_DS\PlanAhead\lib\win64.o\librdi_commonmain.dll
0x0000000000c50000 - 0x0000000000d3e000 	C:\Xilinx\14.6\ISE_DS\PlanAhead\lib\win64.o\stlport.5.2.dll
0x00000000652c0000 - 0x0000000065363000 	C:\WINDOWS\WinSxS\amd64_microsoft.vc90.crt_1fc8b3b9a1e18e3b_9.0.30729.8387_none_08e793bfa83a89b5\MSVCR90.dll
0x00007ffc5bf40000 - 0x00007ffc5c0b1000 	C:\WINDOWS\system32\USER32.dll
0x00007ffc5a800000 - 0x00007ffc5a8a5000 	C:\WINDOWS\system32\ADVAPI32.dll
0x00007ffc52970000 - 0x00007ffc5297a000 	C:\WINDOWS\SYSTEM32\VERSION.dll
0x0000000000d40000 - 0x0000000001029000 	C:\Xilinx\14.6\ISE_DS\PlanAhead\lib\win64.o\libCOIN-all.dll
0x0000000001030000 - 0x00000000011e5000 	C:\Xilinx\14.6\ISE_DS\PlanAhead\lib\win64.o\libSecurity.dll
0x0000000000240000 - 0x000000000024f000 	C:\Xilinx\14.6\ISE_DS\PlanAhead\lib\win64.o\libboost_date_time.dll
0x0000000000250000 - 0x0000000000277000 	C:\Xilinx\14.6\ISE_DS\PlanAhead\lib\win64.o\libboost_filesystem.dll
0x00000000011f0000 - 0x0000000001261000 	C:\Xilinx\14.6\ISE_DS\PlanAhead\lib\win64.o\libboost_program_options.dll
0x0000000001270000 - 0x000000000131f000 	C:\Xilinx\14.6\ISE_DS\PlanAhead\lib\win64.o\libboost_regex.dll
0x0000000000280000 - 0x0000000000289000 	C:\Xilinx\14.6\ISE_DS\PlanAhead\lib\win64.o\libboost_system.dll
0x0000000000290000 - 0x00000000002a6000 	C:\Xilinx\14.6\ISE_DS\PlanAhead\lib\win64.o\libboost_thread.dll
0x0000000001320000 - 0x0000000001363000 	C:\Xilinx\14.6\ISE_DS\PlanAhead\lib\win64.o\libcurl.dll
0x0000000001370000 - 0x00000000013f3000 	C:\Xilinx\14.6\ISE_DS\PlanAhead\lib\win64.o\libhdlpsolve.dll
0x0000000001400000 - 0x00000000014b7000 	C:\Xilinx\14.6\ISE_DS\PlanAhead\lib\win64.o\libhdxml.dll
0x00000000014c0000 - 0x0000000001a030d3 	C:\Xilinx\14.6\ISE_DS\PlanAhead\lib\win64.o\libisl_iostreams.dll
0x0000000001a10000 - 0x0000000001a39000 	C:\Xilinx\14.6\ISE_DS\PlanAhead\lib\win64.o\libisl_sysinfo.dll
0x00000000649f0000 - 0x000000006510f000 	C:\Xilinx\14.6\ISE_DS\PlanAhead\tps\win64\jre\bin\server\jvm.dll
0x0000000001a40000 - 0x0000000001a52000 	C:\Xilinx\14.6\ISE_DS\PlanAhead\lib\win64.o\pthreadVC.dll
0x0000000001a60000 - 0x0000000001a76000 	C:\Xilinx\14.6\ISE_DS\PlanAhead\lib\win64.o\librdiconfig.dll
0x0000000001a80000 - 0x0000000001a9e000 	C:\Xilinx\14.6\ISE_DS\PlanAhead\lib\win64.o\librdizlib.dll
0x0000000010000000 - 0x000000001012a000 	C:\Xilinx\14.6\ISE_DS\PlanAhead\lib\win64.o\tcl85t.dll
0x0000000012000000 - 0x0000000012282000 	C:\Xilinx\14.6\ISE_DS\PlanAhead\lib\win64.o\xerces-c_3_1.dll
0x00007ffc5c6a0000 - 0x00007ffc5c6a7000 	C:\WINDOWS\system32\PSAPI.DLL
0x00007ffc529c0000 - 0x00007ffc52c00000 	C:\WINDOWS\SYSTEM32\WININET.dll
0x00007ffc52560000 - 0x00007ffc52625000 	C:\WINDOWS\SYSTEM32\WINHTTP.dll
0x00007ffc52eb0000 - 0x00007ffc5300f000 	C:\WINDOWS\SYSTEM32\urlmon.dll
0x00007ffc587c0000 - 0x00007ffc587c9000 	C:\WINDOWS\SYSTEM32\WSOCK32.dll
0x0000000065370000 - 0x0000000065443000 	C:\WINDOWS\WinSxS\amd64_microsoft.vc90.crt_1fc8b3b9a1e18e3b_9.0.30729.8387_none_08e793bfa83a89b5\MSVCP90.dll
0x00007ffc5aa90000 - 0x00007ffc5be9f000 	C:\WINDOWS\system32\SHELL32.dll
0x00007ffc5c810000 - 0x00007ffc5c955000 	C:\WINDOWS\system32\GDI32.dll
0x00007ffc5a4f0000 - 0x00007ffc5a597000 	C:\WINDOWS\system32\msvcrt.dll
0x00007ffc5c3a0000 - 0x00007ffc5c3f7000 	C:\WINDOWS\SYSTEM32\sechost.dll
0x00007ffc5a3b0000 - 0x00007ffc5a4e6000 	C:\WINDOWS\system32\RPCRT4.dll
0x00007ffc553b0000 - 0x00007ffc553c5000 	C:\WINDOWS\SYSTEM32\NETAPI32.dll
0x00007ffc5bea0000 - 0x00007ffc5bf3a000 	C:\WINDOWS\system32\COMDLG32.dll
0x00007ffc59f10000 - 0x00007ffc59fb1000 	C:\WINDOWS\WinSxS\amd64_microsoft.windows.common-controls_6595b64144ccf1df_5.82.9600.16384_none_34a8918f959016ea\COMCTL32.dll
0x0000000001b30000 - 0x0000000001b3c000 	C:\Xilinx\14.6\ISE_DS\PlanAhead\lib\win64.o\libboost_chrono.dll
0x00007ffc5c400000 - 0x00007ffc5c458000 	C:\WINDOWS\system32\WS2_32.dll
0x00007ffc5c7b0000 - 0x00007ffc5c80a000 	C:\WINDOWS\system32\WLDAP32.dll
0x0000000001b70000 - 0x0000000001b89000 	C:\Xilinx\14.6\ISE_DS\PlanAhead\lib\win64.o\libboost_iostreams.dll
0x00007ffc50de0000 - 0x00007ffc50dff000 	C:\WINDOWS\SYSTEM32\WINMM.dll
0x00000000651e0000 - 0x00000000652b2000 	C:\WINDOWS\SYSTEM32\MSVCR100.dll
0x00007ffc52c00000 - 0x00007ffc52ea8000 	C:\WINDOWS\SYSTEM32\iertutil.dll
0x00007ffc5a8b0000 - 0x00007ffc5aa87000 	C:\WINDOWS\SYSTEM32\combase.dll
0x00007ffc5a670000 - 0x00007ffc5a7e6000 	C:\WINDOWS\system32\ole32.dll
0x00007ffc5c640000 - 0x00007ffc5c691000 	C:\WINDOWS\system32\SHLWAPI.dll
0x00007ffc590f0000 - 0x00007ffc590fc000 	C:\WINDOWS\SYSTEM32\netutils.dll
0x00007ffc59a50000 - 0x00007ffc59a75000 	C:\WINDOWS\SYSTEM32\srvcli.dll
0x00007ffc55370000 - 0x00007ffc55386000 	C:\WINDOWS\SYSTEM32\wkscli.dll
0x00007ffc5a5a0000 - 0x00007ffc5a5a9000 	C:\WINDOWS\system32\NSI.dll
0x00007ffc50db0000 - 0x00007ffc50dda000 	C:\WINDOWS\SYSTEM32\WINMMBASE.dll
0x00007ffc5a010000 - 0x00007ffc5a05a000 	C:\WINDOWS\SYSTEM32\cfgmgr32.dll
0x00007ffc58cd0000 - 0x00007ffc58cf6000 	C:\WINDOWS\SYSTEM32\DEVOBJ.dll
0x00007ffc56ec0000 - 0x00007ffc56f61000 	C:\WINDOWS\SYSTEM32\SHCORE.DLL
0x00007ffc5c6b0000 - 0x00007ffc5c6e4000 	C:\WINDOWS\system32\IMM32.DLL
0x00007ffc5c0c0000 - 0x00007ffc5c1f8000 	C:\WINDOWS\system32\MSCTF.dll
0x0000000005040000 - 0x0000000005333000 	C:\Xilinx\14.6\ISE_DS\PlanAhead\lib\win64.o\librdi_commontasks.dll
0x0000000005c40000 - 0x0000000006280000 	C:\Xilinx\14.6\ISE_DS\PlanAhead\lib\win64.o\librdi_coretasks.dll
0x0000000006280000 - 0x0000000006447000 	C:\Xilinx\14.6\ISE_DS\PlanAhead\lib\win64.o\librdi_chipscope.dll
0x0000000006450000 - 0x0000000007470000 	C:\Xilinx\14.6\ISE_DS\PlanAhead\lib\win64.o\librdi_constraints.dll
0x0000000007470000 - 0x000000000873c000 	C:\Xilinx\14.6\ISE_DS\PlanAhead\lib\win64.o\librdi_coregen.dll
0x000000000a950000 - 0x000000000dfa1000 	C:\Xilinx\14.6\ISE_DS\PlanAhead\lib\win64.o\librdi_designutils.dll
0x0000000008740000 - 0x000000000931a000 	C:\Xilinx\14.6\ISE_DS\PlanAhead\lib\win64.o\librdi_device.dll
0x0000000009320000 - 0x0000000009634000 	C:\Xilinx\14.6\ISE_DS\PlanAhead\lib\win64.o\librdi_drc.dll
0x0000000009640000 - 0x00000000098ce000 	C:\Xilinx\14.6\ISE_DS\PlanAhead\lib\win64.o\librdi_filemgmt.dll
0x00000000098d0000 - 0x0000000009ca6000 	C:\Xilinx\14.6\ISE_DS\PlanAhead\lib\win64.o\librdi_netlist.dll
0x000000000dfb0000 - 0x000000000f0d3000 	C:\Xilinx\14.6\ISE_DS\PlanAhead\lib\win64.o\librdi_place.dll
0x0000000009cb0000 - 0x000000000a1d2000 	C:\Xilinx\14.6\ISE_DS\PlanAhead\lib\win64.o\librdi_power.dll
0x000000000a1e0000 - 0x000000000a593000 	C:\Xilinx\14.6\ISE_DS\PlanAhead\lib\win64.o\librdi_project.dll
0x000000000f0e0000 - 0x000000000f67d000 	C:\Xilinx\14.6\ISE_DS\PlanAhead\lib\win64.o\librdi_rsb.dll
0x000000000f680000 - 0x000000000fa78000 	C:\Xilinx\14.6\ISE_DS\PlanAhead\lib\win64.o\librdi_runs.dll
0x0000000010130000 - 0x0000000010c08000 	C:\Xilinx\14.6\ISE_DS\PlanAhead\lib\win64.o\librdi_timing.dll
0x00000000035d0000 - 0x000000000363e000 	C:\Xilinx\14.6\ISE_DS\PlanAhead\lib\win64.o\liblmx6.0.dll
0x0000000003590000 - 0x0000000003598000 	C:\Xilinx\14.6\ISE_DS\PlanAhead\lib\win64.o\libpsta_dllwrapper.dll
0x0000000010c10000 - 0x00000000113df000 	C:\Xilinx\14.6\ISE_DS\PlanAhead\lib\win64.o\librdi_coregenipxact.dll
0x00000000113e0000 - 0x0000000011b80000 	C:\Xilinx\14.6\ISE_DS\PlanAhead\lib\win64.o\libverific.dll
0x0000000003670000 - 0x00000000036ed000 	C:\Xilinx\14.6\ISE_DS\PlanAhead\lib\win64.o\libboost_serialization.dll
0x000000000fa80000 - 0x000000000ffc4000 	C:\Xilinx\14.6\ISE_DS\PlanAhead\lib\win64.o\librdi_xdm.dll
0x000000000a5a0000 - 0x000000000a630000 	C:\Xilinx\14.6\ISE_DS\PlanAhead\lib\win64.o\libise.dll
0x0000000012290000 - 0x000000001286c000 	C:\Xilinx\14.6\ISE_DS\PlanAhead\lib\win64.o\librdi_abc_nomp.dll
0x000000000a630000 - 0x000000000a758000 	C:\Xilinx\14.6\ISE_DS\PlanAhead\lib\win64.o\librdi_dlyest.dll
0x0000000003720000 - 0x000000000373a000 	C:\Xilinx\14.6\ISE_DS\PlanAhead\lib\win64.o\librdi_hmetis.dll
0x00000000651c0000 - 0x00000000651d1000 	C:\WINDOWS\WinSxS\amd64_microsoft.vc90.openmp_1fc8b3b9a1e18e3b_9.0.21022.8_none_a5325551f9d85633\VCOMP90.DLL
0x0000000012870000 - 0x0000000012e5e000 	C:\Xilinx\14.6\ISE_DS\PlanAhead\lib\win64.o\librdi_route.dll
0x0000000011b80000 - 0x0000000011daa000 	C:\Xilinx\14.6\ISE_DS\PlanAhead\lib\win64.o\librdi_labtools.dll
0x0000000012e60000 - 0x000000001339b000 	C:\Xilinx\14.6\ISE_DS\PlanAhead\lib\win64.o\librdi_memdata.dll
0x00000000133a0000 - 0x0000000014acf000 	C:\Xilinx\14.6\ISE_DS\PlanAhead\lib\win64.o\librdi_synth.dll
0x0000000014ad0000 - 0x0000000014f0e000 	C:\Xilinx\14.6\ISE_DS\PlanAhead\lib\win64.o\librdi_ip.dll
0x000000000a860000 - 0x000000000a89d000 	C:\Xilinx\14.6\ISE_DS\PlanAhead\lib\win64.o\librdi_simbridge_kernel.dll
0x0000000014f10000 - 0x0000000015386000 	C:\Xilinx\14.6\ISE_DS\PlanAhead\lib\win64.o\librdi_wavedata.dll
0x0000000016590000 - 0x0000000018648000 	C:\Xilinx\14.6\ISE_DS\PlanAhead\lib\win64.o\librdi_tcltasks.dll
0x0000000018650000 - 0x00000000188c4000 	C:\Xilinx\14.6\ISE_DS\PlanAhead\lib\win64.o\librdi_bitstream.dll
0x00000000188d0000 - 0x00000000189a4000 	C:\Xilinx\14.6\ISE_DS\PlanAhead\lib\win64.o\librdi_dsp.dll
0x00000000189b0000 - 0x0000000018a1e000 	C:\Xilinx\14.6\ISE_DS\PlanAhead\lib\win64.o\librdi_edk.dll
0x0000000018a20000 - 0x0000000018c2e000 	C:\Xilinx\14.6\ISE_DS\PlanAhead\lib\win64.o\librdi_simdata.dll
0x0000000018e40000 - 0x0000000018f96000 	C:\Xilinx\14.6\ISE_DS\PlanAhead\lib\win64.o\librdi_planaheadtasks.dll
0x0000000018fb0000 - 0x0000000019df8000 	C:\Xilinx\14.6\ISE_DS\PlanAhead\lib\win64.o\librdi_ipservicestasks.dll
0x00000000651b0000 - 0x00000000651bf000 	C:\Xilinx\14.6\ISE_DS\PlanAhead\tps\win64\jre\bin\verify.dll
0x0000000065180000 - 0x00000000651a8000 	C:\Xilinx\14.6\ISE_DS\PlanAhead\tps\win64\jre\bin\java.dll
0x0000000065160000 - 0x0000000065175000 	C:\Xilinx\14.6\ISE_DS\PlanAhead\tps\win64\jre\bin\zip.dll
0x0000000065140000 - 0x0000000065159000 	C:\Xilinx\14.6\ISE_DS\PlanAhead\tps\win64\jre\bin\net.dll
0x00007ffc596a0000 - 0x00007ffc596f8000 	C:\WINDOWS\system32\mswsock.dll
0x00000000649d0000 - 0x00000000649e1000 	C:\Xilinx\14.6\ISE_DS\PlanAhead\tps\win64\jre\bin\nio.dll
0x00000000278f0000 - 0x0000000027bd6000 	C:\Xilinx\14.6\ISE_DS\PlanAhead\lib\win64.o\librdi_fed.dll
0x0000000027bf0000 - 0x0000000027e51000 	C:\Xilinx\14.6\ISE_DS\PlanAhead\lib\win64.o\librdi_guitools.dll
0x0000000027e70000 - 0x0000000027e77000 	C:\Xilinx\14.6\ISE_DS\PlanAhead\lib\win64.o\librdi_commonx11.dll
0x0000000027e90000 - 0x000000002827e000 	C:\Xilinx\14.6\ISE_DS\PlanAhead\lib\win64.o\librdi_rsbtasks.dll
0x0000000028290000 - 0x00000000284d9000 	C:\Xilinx\14.6\ISE_DS\PlanAhead\lib\win64.o\librdi_labtoolstasks.dll
0x00000000284f0000 - 0x00000000286a8000 	C:\Xilinx\14.6\ISE_DS\PlanAhead\lib\win64.o\librdi_simtcltasks.dll
0x0000000064830000 - 0x00000000649c3000 	C:\Xilinx\14.6\ISE_DS\PlanAhead\tps\win64\jre\bin\awt.dll
0x00007ffc5c6f0000 - 0x00007ffc5c7a7000 	C:\WINDOWS\system32\OLEAUT32.dll
0x00007ffc58a70000 - 0x00007ffc58afb000 	C:\WINDOWS\system32\apphelp.dll
0x00007ffc58ba0000 - 0x00007ffc58cc2000 	C:\WINDOWS\system32\uxtheme.dll
0x00007ffc56ce0000 - 0x00007ffc56d01000 	C:\WINDOWS\system32\dwmapi.dll
0x00007ffc58b10000 - 0x00007ffc58b1a000 	C:\WINDOWS\SYSTEM32\kernel.appcore.dll
0x00007ffc59db0000 - 0x00007ffc59dba000 	C:\WINDOWS\SYSTEM32\CRYPTBASE.dll
0x00007ffc59c50000 - 0x00007ffc59cae000 	C:\WINDOWS\SYSTEM32\bcryptPrimitives.dll
0x00007ffc59700000 - 0x00007ffc5971e000 	C:\WINDOWS\SYSTEM32\CRYPTSP.dll

VM Arguments:
jvm_args: -Dsun.java2d.pmoffscreen=false -Xverify:none -Dswing.aatext=true -XX:-UsePerfData -Djdk.map.althashing.threshold=512 -XX:PermSize=128m -XX:MaxPermSize=128m -XX:NewSize=60m -XX:MaxNewSize=60m -XX:+UseConcMarkSweepGC -XX:+UseParNewGC -XX:+CMSParallelRemarkEnabled -XX:+CMSScavengeBeforeRemark -XX:+UseNUMA -XX:+AggressiveOpts -XX:+UseFastAccessorMethods -XX:+UseFastEmptyMethods -XX:+UseBiasedLocking -XX:+TieredCompilation -Xms128m -Xmx2048m -Xss3m 
java_command: <unknown>
Launcher Type: generic

Environment Variables:
PATH=C:/Xilinx/14.6/ISE_DS/PlanAhead/bin;C:/Xilinx/14.6/ISE_DS/PlanAhead/lib/win64.o;C:/Xilinx/14.6/ISE_DS/PlanAhead/tps/win64/jre/bin/server;C:/Xilinx/14.6/ISE_DS/PlanAhead/tps/win64/jre/bin;C:/Xilinx/14.6/ISE_DS/EDK/bin/nt64;C:/Xilinx/14.6/ISE_DS/EDK/lib/nt64;C:/Xilinx/14.6/ISE_DS/ISE/bin/nt64;C:/Xilinx/14.6/ISE_DS/ISE/lib/nt64;C:/Xilinx/14.6/ISE_DS/common/bin/nt64;C:/Xilinx/14.6/ISE_DS/common/lib/nt64;C:\Xilinx\14.6\ISE_DS\ISE\\lib\nt64;C:\Xilinx\14.6\ISE_DS\ISE\\bin\nt64;C:\Xilinx\14.6\ISE_DS\ISE\bin\nt64;C:\Xilinx\14.6\ISE_DS\ISE\lib\nt64;C:\Xilinx\14.6\ISE_DS\ISE\..\..\..\DocNav;C:\Xilinx\14.6\ISE_DS\PlanAhead\bin;C:\Xilinx\14.6\ISE_DS\EDK\bin\nt64;C:\Xilinx\14.6\ISE_DS\EDK\lib\nt64;C:\Xilinx\14.6\ISE_DS\EDK\gnu\microblaze\nt\bin;C:\Xilinx\14.6\ISE_DS\EDK\gnu\powerpc-eabi\nt\bin;C:\Xilinx\14.6\ISE_DS\EDK\gnuwin\bin;C:\Xilinx\14.6\ISE_DS\EDK\gnu\arm\nt\bin;C:\Xilinx\14.6\ISE_DS\EDK\gnu\microblaze\linux_toolchain\nt64_be\bin;C:\Xilinx\14.6\ISE_DS\EDK\gnu\microblaze\linux_toolchain\nt64_le\bin;C:\Xilinx\14.6\ISE_DS\common\bin\nt64;C:\Xilinx\14.6\ISE_DS\common\lib\nt64;c:\mingw\bin;C:\Python27\Lib\site-packages\PyQt4;C:\WINDOWS\system32;C:\WINDOWS;C:\WINDOWS\System32\Wbem;C:\WINDOWS\System32\WindowsPowerShell\v1.0\;C:\Python27;C:\Python27\Scripts
USERNAME=Franco
OS=Windows_NT
PROCESSOR_IDENTIFIER=Intel64 Family 6 Model 58 Stepping 9, GenuineIntel



---------------  S Y S T E M  ---------------

OS: Windows 8 , 64 bit Build 9200 

CPU:total 4 (2 cores per cpu, 2 threads per core) family 6 model 58 stepping 9, cmov, cx8, fxsr, mmx, sse, sse2, sse3, ssse3, sse4.1, sse4.2, popcnt, avx, ht, tsc, tscinvbit, tscinv

Memory: 4k page, physical 3888668k(1504160k free), swap 7820832k(4648304k free)

vm_info: Java HotSpot(TM) 64-Bit Server VM (23.7-b01) for windows-amd64 JRE (1.7.0_17-b02), built on Mar  1 2013 03:38:30 by "java_re" with unknown MS VC++:1600

time: Wed Nov 27 17:33:12 2013
elapsed time: 6 seconds

