#
# A fatal error has been detected by the Java Runtime Environment:
#
#  EXCEPTION_ACCESS_VIOLATION (0xc0000005) at pc=0x00007ffc5a4f1cd4, pid=8228, tid=9864
#
# JRE version: 7.0_17-b02
# Java VM: Java HotSpot(TM) 64-Bit Server VM (23.7-b01 mixed mode windows-amd64 compressed oops)
# Problematic frame:
# C  [msvcrt.dll+0x1cd4]  operator delete[]+0x0
#
# Failed to write core dump. Minidumps are not enabled by default on client versions of Windows
#
# If you would like to submit a bug report, please visit:
#   http://bugreport.sun.com/bugreport/crash.jsp
# The crash happened outside the Java Virtual Machine in native code.
# See problematic frame for where to report the bug.
#

---------------  T H R E A D  ---------------

Current thread (0x00000000325c6800):  JavaThread "Swing-Shell" daemon [_thread_in_native, id=9864, stack(0x0000000032950000,0x0000000032c50000)]

siginfo: ExceptionCode=0xc0000005, writing address 0x0000000000000000

Registers:
RAX=0x0000000000000000, RBX=0x0000000000000000, RCX=0x0000000000000000, RDX=0x0000000000000011
RSP=0x0000000032c4eed8, RBP=0x0000000000000000, RSI=0x0000000000000002, RDI=0x0000000000000000
R8 =0x00000000672ea233, R9 =0x00007ffc3b597550, R10=0x0000000000000000, R11=0x0000000032c4ecc0
R12=0x0000000000000005, R13=0x00007ffc4e8ab070, R14=0x00000000353110e0, R15=0x00007ffc4e8ab070
RIP=0x00007ffc5a4f1cd4, EFLAGS=0x0000000000010246

Top of Stack: (sp=0x0000000032c4eed8)
0x0000000032c4eed8:   00007ffc4e8a32a7 00007ffc4e8ab070
0x0000000032c4eee8:   00000000353110e0 00007ffc4e8ab070
0x0000000032c4eef8:   000000002da021d0 0000000000000004
0x0000000032c4ef08:   00000000342e4cac 00007ffc4e8ab070
0x0000000032c4ef18:   0000000032c4efe0 0000000000000002
0x0000000032c4ef28:   00007ffc4e8a3c66 00000000353110e0
0x0000000032c4ef38:   00007ffc00001f40 0000000032c4f049
0x0000000032c4ef48:   00007ffc4e8ac3c0 0000000000000002
0x0000000032c4ef58:   00007ffc4e8a3416 0000000032c4f000
0x0000000032c4ef68:   000000002ccc7e00 0000000000000000
0x0000000032c4ef78:   0000000000000002 0000000000000000
0x0000000032c4ef88:   0000000000250000 0000000000000000
0x0000000032c4ef98:   0000000032c4f110 0000000000000005
0x0000000032c4efa8:   00007ffc4e885cc3 0000000000000000
0x0000000032c4efb8:   000000002ccc7e88 000000002ccc7e00
0x0000000032c4efc8:   000000002ccc7e88 00007ffc3b5f7300 

Instructions: (pc=0x00007ffc5a4f1cd4)
0x00007ffc5a4f1cb4:   33 d2 ff 15 fc b5 09 00 85 c0 75 d0 e9 4c d5 03
0x00007ffc5a4f1cc4:   00 cc 90 90 90 90 90 90 48 b8 60 81 91 0a 00 00
0x00007ffc5a4f1cd4:   00 00 ff e0 91 0a 00 00 00 00 ff e0 48 b8 60 73
0x00007ffc5a4f1ce4:   91 0a 00 00 00 00 ff e0 83 ec 20 48 83 3d c9 d3 


Register to memory mapping:

RAX=0x0000000000000000 is an unknown value
RBX=0x0000000000000000 is an unknown value
RCX=0x0000000000000000 is an unknown value
RDX=0x0000000000000011 is an unknown value
RSP=0x0000000032c4eed8 is pointing into the stack for thread: 0x00000000325c6800
RBP=0x0000000000000000 is an unknown value
RSI=0x0000000000000002 is an unknown value
RDI=0x0000000000000000 is an unknown value
R8 =0x00000000672ea233 is an unknown value
R9 =0x00007ffc3b597550 is an unknown value
R10=0x0000000000000000 is an unknown value
R11=0x0000000032c4ecc0 is pointing into the stack for thread: 0x00000000325c6800
R12=0x0000000000000005 is an unknown value
R13=0x00007ffc4e8ab070 is an unknown value
R14=0x00000000353110e0 is an unknown value
R15=0x00007ffc4e8ab070 is an unknown value


Stack: [0x0000000032950000,0x0000000032c50000],  sp=0x0000000032c4eed8,  free space=3067k
Native frames: (J=compiled Java code, j=interpreted, Vv=VM code, C=native code)
C  [msvcrt.dll+0x1cd4]  operator delete[]+0x0

[error occurred during error reporting (printing native stack), id 0xc0000005]

Java frames: (J=compiled Java code, j=interpreted, Vv=VM code)
j  sun.awt.shell.Win32ShellFolder2.getNextChild(J)J+0
j  sun.awt.shell.Win32ShellFolder2.access$1100(Lsun/awt/shell/Win32ShellFolder2;J)J+2
j  sun.awt.shell.Win32ShellFolder2$9.call()[Ljava/io/File;+94
j  sun.awt.shell.Win32ShellFolder2$9.call()Ljava/lang/Object;+1
j  java.util.concurrent.FutureTask$Sync.innerRun()V+29
j  java.util.concurrent.FutureTask.run()V+4
j  java.util.concurrent.ThreadPoolExecutor.runWorker(Ljava/util/concurrent/ThreadPoolExecutor$Worker;)V+95
j  java.util.concurrent.ThreadPoolExecutor$Worker.run()V+5
j  sun.awt.shell.Win32ShellFolderManager2$ComInvoker$3.run()V+7
j  java.lang.Thread.run()V+11
v  ~StubRoutines::call_stub

---------------  P R O C E S S  ---------------

Java Threads: ( => current thread )
=>0x00000000325c6800 JavaThread "Swing-Shell" daemon [_thread_in_native, id=9864, stack(0x0000000032950000,0x0000000032c50000)]
  0x000000002dd25800 JavaThread "HFileChooser Load File/Folder Choosers Thread" [_thread_blocked, id=9132, stack(0x0000000032250000,0x0000000032550000)]
  0x0000000031bc7800 JavaThread "Monitor File Timestamp" [_thread_blocked, id=8092, stack(0x0000000031c50000,0x0000000031f50000)]
  0x0000000029f85800 JavaThread "Image Fetcher 3" daemon [_thread_blocked, id=10108, stack(0x000000002c650000,0x000000002c950000)]
  0x0000000029f86800 JavaThread "Image Fetcher 2" daemon [_thread_blocked, id=5836, stack(0x000000002c040000,0x000000002c340000)]
  0x0000000029f8b800 JavaThread "Image Fetcher 1" daemon [_thread_blocked, id=348, stack(0x000000002c350000,0x000000002c650000)]
  0x000000002a8fb000 JavaThread "Image Fetcher 0" daemon [_thread_blocked, id=8180, stack(0x000000002b940000,0x000000002bc40000)]
  0x000000001a1e2800 JavaThread "AWT-EventQueue-1" [_thread_in_native, id=8408, stack(0x000000002b040000,0x000000002b340000)]
  0x000000001a1ed000 JavaThread "Process Messages" [_thread_blocked, id=7044, stack(0x000000002ad40000,0x000000002b040000)]
  0x000000001a1e8800 JavaThread "Thread-3" [_thread_blocked, id=6188, stack(0x0000000003b90000,0x0000000004f90000)]
  0x000000002a725000 JavaThread "AWT-EventQueue-0" [_thread_blocked, id=8600, stack(0x000000002aa40000,0x000000002ad40000)]
  0x00000000292bc800 JavaThread "AWT-Windows" daemon [_thread_in_native, id=10212, stack(0x0000000029990000,0x0000000029c90000)]
  0x00000000292bd800 JavaThread "AWT-Shutdown" [_thread_blocked, id=9956, stack(0x0000000029690000,0x0000000029990000)]
  0x0000000028210800 JavaThread "Java2D Disposer" daemon [_thread_blocked, id=2056, stack(0x0000000029390000,0x0000000029690000)]
  0x0000000028181000 JavaThread "TimerQueue" daemon [_thread_blocked, id=9348, stack(0x0000000028f90000,0x0000000029290000)]
  0x0000000025f40800 JavaThread "Service Thread" daemon [_thread_blocked, id=4704, stack(0x00000000273a0000,0x00000000276a0000)]
  0x0000000025eb5000 JavaThread "C1 CompilerThread2" daemon [_thread_blocked, id=5504, stack(0x00000000272a0000,0x00000000273a0000)]
  0x0000000025eb1000 JavaThread "C2 CompilerThread1" daemon [_thread_in_native, id=10236, stack(0x00000000271a0000,0x00000000272a0000)]
  0x0000000021321000 JavaThread "C2 CompilerThread0" daemon [_thread_blocked, id=9692, stack(0x00000000270a0000,0x00000000271a0000)]
  0x0000000025ea1800 JavaThread "Attach Listener" daemon [_thread_blocked, id=8692, stack(0x0000000026da0000,0x00000000270a0000)]
  0x00000000263e2000 JavaThread "Signal Dispatcher" daemon [_thread_blocked, id=2512, stack(0x0000000026aa0000,0x0000000026da0000)]
  0x00000000263e4000 JavaThread "Surrogate Locker Thread (Concurrent GC)" daemon [_thread_blocked, id=6428, stack(0x00000000267a0000,0x0000000026aa0000)]
  0x0000000021345800 JavaThread "Finalizer" daemon [_thread_blocked, id=1364, stack(0x00000000264a0000,0x00000000267a0000)]
  0x0000000021347000 JavaThread "Reference Handler" daemon [_thread_blocked, id=8660, stack(0x00000000260a0000,0x00000000263a0000)]
  0x000000001a22b000 JavaThread "main" [_thread_blocked, id=5812, stack(0x000000001a3c0000,0x000000001a4c0000)]

Other Threads:
  0x00000000212f2000 VMThread [stack: 0x0000000025fa0000,0x00000000260a0000] [id=5148]
  0x000000001a320800 WatcherThread [stack: 0x00000000276a0000,0x00000000277a0000] [id=9596]

VM state:not at safepoint (normal execution)

VM Mutex/Monitor currently owned by a thread: None

Heap
 par new generation   total 55296K, used 30202K [0x0000000778000000, 0x000000077bc00000, 0x000000077bc00000)
  eden space 49152K,  48% used [0x0000000778000000, 0x000000077977eb60, 0x000000077b000000)
  from space 6144K, 100% used [0x000000077b000000, 0x000000077b600000, 0x000000077b600000)
  to   space 6144K,   0% used [0x000000077b600000, 0x000000077b600000, 0x000000077bc00000)
 concurrent mark-sweep generation total 69632K, used 11920K [0x000000077bc00000, 0x0000000780000000, 0x00000007f8000000)
 concurrent-mark-sweep perm gen total 131072K, used 28850K [0x00000007f8000000, 0x0000000800000000, 0x0000000800000000)

Card table byte_map: [0x0000000020a60000,0x0000000020eb0000] byte_map_base: 0x000000001cea0000

Polling page: 0x000000001a4c0000

Code Cache  [0x000000001a4e0000, 0x000000001abd0000, 0x00000000204e0000)
 total_blobs=2513 nmethods=1905 adapters=524 free_code_cache=91278Kb largest_free_block=93407168

Compilation events (10 events):
Event: 6.548 Thread 0x0000000025eb5000 2095   !   3       java.awt.Component::show (145 bytes)
Event: 6.551 Thread 0x0000000025eb5000 nmethod 2095 0x000000001ab5c8d0 code [0x000000001ab5cb40, 0x000000001ab5dba8]
Event: 6.551 Thread 0x0000000025eb5000 2093       3       com.jidesoft.plaf.vsnet.VsnetUtils::at (33 bytes)
Event: 6.552 Thread 0x0000000025eb5000 nmethod 2093 0x000000001ab5e250 code [0x000000001ab5e420, 0x000000001ab5ec08]
Event: 6.558 Thread 0x0000000025eb5000 2096       3       sun.awt.image.ImageRepresentation::startProduction (26 bytes)
Event: 6.559 Thread 0x0000000025eb5000 nmethod 2096 0x000000001ab5ee90 code [0x000000001ab5f020, 0x000000001ab5f458]
Event: 6.560 Thread 0x0000000025eb5000 2097       3       sun.awt.image.ImageDecoder::setPixels (58 bytes)
Event: 6.562 Thread 0x0000000025eb5000 nmethod 2097 0x000000001ab5f5d0 code [0x000000001ab5f780, 0x000000001ab5fe88]
Event: 6.563 Thread 0x0000000025eb5000 2098   !   3       sun.awt.image.ImageRepresentation::getOpaqueRGBImage (164 bytes)
Event: 6.565 Thread 0x0000000025eb5000 nmethod 2098 0x000000001ab60210 code [0x000000001ab60440, 0x000000001ab60fd8]

GC Heap History (4 events):
Event: 2.325 GC heap before
{Heap before GC invocations=0 (full 0):
 par new generation   total 55296K, used 49152K [0x0000000778000000, 0x000000077bc00000, 0x000000077bc00000)
  eden space 49152K, 100% used [0x0000000778000000, 0x000000077b000000, 0x000000077b000000)
  from space 6144K,   0% used [0x000000077b000000, 0x000000077b000000, 0x000000077b600000)
  to   space 6144K,   0% used [0x000000077b600000, 0x000000077b600000, 0x000000077bc00000)
 concurrent mark-sweep generation total 69632K, used 0K [0x000000077bc00000, 0x0000000780000000, 0x00000007f8000000)
 concurrent-mark-sweep perm gen total 131072K, used 13224K [0x00000007f8000000, 0x0000000800000000, 0x0000000800000000)
Event: 2.362 GC heap after
Heap after GC invocations=1 (full 0):
 par new generation   total 55296K, used 6143K [0x0000000778000000, 0x000000077bc00000, 0x000000077bc00000)
  eden space 49152K,   0% used [0x0000000778000000, 0x0000000778000000, 0x000000077b000000)
  from space 6144K,  99% used [0x000000077b600000, 0x000000077bbffff8, 0x000000077bc00000)
  to   space 6144K,   0% used [0x000000077b000000, 0x000000077b000000, 0x000000077b600000)
 concurrent mark-sweep generation total 69632K, used 829K [0x000000077bc00000, 0x0000000780000000, 0x00000007f8000000)
 concurrent-mark-sweep perm gen total 131072K, used 13224K [0x00000007f8000000, 0x0000000800000000, 0x0000000800000000)
}
Event: 4.993 GC heap before
{Heap before GC invocations=1 (full 0):
 par new generation   total 55296K, used 55295K [0x0000000778000000, 0x000000077bc00000, 0x000000077bc00000)
  eden space 49152K, 100% used [0x0000000778000000, 0x000000077b000000, 0x000000077b000000)
  from space 6144K,  99% used [0x000000077b600000, 0x000000077bbffff8, 0x000000077bc00000)
  to   space 6144K,   0% used [0x000000077b000000, 0x000000077b000000, 0x000000077b600000)
 concurrent mark-sweep generation total 69632K, used 829K [0x000000077bc00000, 0x0000000780000000, 0x00000007f8000000)
 concurrent-mark-sweep perm gen total 131072K, used 23210K [0x00000007f8000000, 0x0000000800000000, 0x0000000800000000)
Event: 5.094 GC heap after
Heap after GC invocations=2 (full 0):
 par new generation   total 55296K, used 6144K [0x0000000778000000, 0x000000077bc00000, 0x000000077bc00000)
  eden space 49152K,   0% used [0x0000000778000000, 0x0000000778000000, 0x000000077b000000)
  from space 6144K, 100% used [0x000000077b000000, 0x000000077b600000, 0x000000077b600000)
  to   space 6144K,   0% used [0x000000077b600000, 0x000000077b600000, 0x000000077bc00000)
 concurrent mark-sweep generation total 69632K, used 11920K [0x000000077bc00000, 0x0000000780000000, 0x00000007f8000000)
 concurrent-mark-sweep perm gen total 131072K, used 23210K [0x00000007f8000000, 0x0000000800000000, 0x0000000800000000)
}

Deoptimization events (10 events):
Event: 5.649 Thread 0x000000002dd25800 Uncommon trap -58 fr.pc 0x000000001a9144e8
Event: 5.657 Thread 0x000000002dd25800 Uncommon trap -58 fr.pc 0x000000001a9144e8
Event: 5.659 Thread 0x000000002dd25800 Uncommon trap -58 fr.pc 0x000000001a9144e8
Event: 5.661 Thread 0x000000002dd25800 Uncommon trap -58 fr.pc 0x000000001a9144e8
Event: 5.663 Thread 0x000000002dd25800 Uncommon trap -58 fr.pc 0x000000001a8fc894
Event: 5.728 Thread 0x000000002dd25800 Uncommon trap 668 fr.pc 0x000000001aa2ebd4
Event: 5.984 Thread 0x000000002dd25800 Uncommon trap -34 fr.pc 0x000000001a6d1a24
Event: 6.079 Thread 0x000000002dd25800 Uncommon trap -34 fr.pc 0x000000001a6d1a24
Event: 6.140 Thread 0x000000001a1e2800 Uncommon trap -83 fr.pc 0x000000001a9fe648
Event: 6.157 Thread 0x000000002dd25800 Uncommon trap -34 fr.pc 0x000000001a6d1a24

Internal exceptions (10 events):
Event: 6.204 Thread 0x000000001a1e2800 Threw 0x0000000778f0d340 at C:\jdk7u2_64p\jdk7u17\hotspot\src\share\vm\prims\jvm.cpp:1166
Event: 6.205 Thread 0x000000001a1e2800 Threw 0x0000000778f11c60 at C:\jdk7u2_64p\jdk7u17\hotspot\src\share\vm\prims\jvm.cpp:1166
Event: 6.206 Thread 0x000000001a1e2800 Threw 0x0000000778f22c08 at C:\jdk7u2_64p\jdk7u17\hotspot\src\share\vm\prims\jvm.cpp:1166
Event: 6.279 Thread 0x000000002dd25800 Threw 0x0000000779016930 at C:\jdk7u2_64p\jdk7u17\hotspot\src\share\vm\prims\jvm.cpp:1166
Event: 6.539 Thread 0x000000001a1e2800 Threw 0x000000077946cee8 at C:\jdk7u2_64p\jdk7u17\hotspot\src\share\vm\prims\jvm.cpp:1166
Event: 6.549 Thread 0x000000001a1e2800 Threw 0x0000000779487470 at C:\jdk7u2_64p\jdk7u17\hotspot\src\share\vm\prims\jvm.cpp:1166
Event: 6.549 Thread 0x000000001a1e2800 Threw 0x0000000779489408 at C:\jdk7u2_64p\jdk7u17\hotspot\src\share\vm\prims\jvm.cpp:1166
Event: 6.550 Thread 0x000000001a1e2800 Threw 0x000000077948e6c8 at C:\jdk7u2_64p\jdk7u17\hotspot\src\share\vm\prims\jvm.cpp:1166
Event: 6.551 Thread 0x000000001a1e2800 Threw 0x0000000779490ed0 at C:\jdk7u2_64p\jdk7u17\hotspot\src\share\vm\prims\jvm.cpp:1166
Event: 6.552 Thread 0x000000001a1e2800 Threw 0x0000000779495548 at C:\jdk7u2_64p\jdk7u17\hotspot\src\share\vm\prims\jvm.cpp:1166

Events (10 events):
Event: 6.551 loading class 0x0000000029ea85c0
Event: 6.551 loading class 0x0000000029ea85c0 done
Event: 6.552 loading class 0x000000003224f400
Event: 6.552 loading class 0x000000003224f400 done
Event: 6.554 Executing VM operation: RevokeBias
Event: 6.554 Executing VM operation: RevokeBias done
Event: 6.557 Executing VM operation: RevokeBias
Event: 6.557 Executing VM operation: RevokeBias done
Event: 6.557 Executing VM operation: RevokeBias
Event: 6.557 Executing VM operation: RevokeBias done


Dynamic libraries:
0x0000000140000000 - 0x000000014000e000 	C:\Xilinx\14.6\ISE_DS\PlanAhead\bin\unwrapped\win64.o\planAhead.exe
0x00007ffc5d8b0000 - 0x00007ffc5da59000 	C:\WINDOWS\SYSTEM32\ntdll.dll
0x00007ffc5c980000 - 0x00007ffc5cab9000 	C:\WINDOWS\system32\KERNEL32.DLL
0x00007ffc5a060000 - 0x00007ffc5a16e000 	C:\WINDOWS\system32\KERNELBASE.dll
0x00007ffc58a70000 - 0x00007ffc58afb000 	C:\WINDOWS\system32\apphelp.dll
0x00007ffc3b560000 - 0x00007ffc3b9df000 	C:\WINDOWS\AppPatch\AppPatch64\AcLayers.DLL
0x00007ffc5a4f0000 - 0x00007ffc5a597000 	C:\WINDOWS\system32\msvcrt.dll
0x00007ffc5bf40000 - 0x00007ffc5c0b1000 	C:\WINDOWS\system32\USER32.dll
0x00007ffc5c640000 - 0x00007ffc5c691000 	C:\WINDOWS\system32\SHLWAPI.dll
0x00007ffc53e30000 - 0x00007ffc53e33000 	C:\WINDOWS\SYSTEM32\sfc.dll
0x00007ffc52630000 - 0x00007ffc526ab000 	C:\WINDOWS\SYSTEM32\WINSPOOL.DRV
0x00007ffc5c810000 - 0x00007ffc5c955000 	C:\WINDOWS\system32\GDI32.dll
0x00007ffc5a8b0000 - 0x00007ffc5aa87000 	C:\WINDOWS\SYSTEM32\combase.dll
0x00007ffc5a3b0000 - 0x00007ffc5a4e6000 	C:\WINDOWS\system32\RPCRT4.dll
0x00007ffc52440000 - 0x00007ffc52450000 	C:\WINDOWS\SYSTEM32\sfc_os.DLL
0x00007ffc4ed00000 - 0x00007ffc4ed11000 	C:\WINDOWS\SYSTEM32\SortWindows61.dll
0x00007ffc5c6b0000 - 0x00007ffc5c6e4000 	C:\WINDOWS\system32\IMM32.DLL
0x00007ffc5c0c0000 - 0x00007ffc5c1f8000 	C:\WINDOWS\system32\MSCTF.dll
0x000000000a900000 - 0x000000000a945000 	C:\Xilinx\14.6\ISE_DS\PlanAhead\lib\win64.o\SHSMP64.dll
0x0000000180000000 - 0x0000000180013000 	C:\Xilinx\14.6\ISE_DS\PlanAhead\lib\win64.o\libboost_signals.dll
0x0000000001d50000 - 0x00000000025d1000 	C:\Xilinx\14.6\ISE_DS\PlanAhead\lib\win64.o\librdi_common.dll
0x00000000025e0000 - 0x00000000025f6000 	C:\Xilinx\14.6\ISE_DS\PlanAhead\lib\win64.o\librdi_commonmain.dll
0x0000000002600000 - 0x00000000026ee000 	C:\Xilinx\14.6\ISE_DS\PlanAhead\lib\win64.o\stlport.5.2.dll
0x00000000652c0000 - 0x0000000065363000 	C:\WINDOWS\WinSxS\amd64_microsoft.vc90.crt_1fc8b3b9a1e18e3b_9.0.30729.8387_none_08e793bfa83a89b5\MSVCR90.dll
0x00007ffc5a800000 - 0x00007ffc5a8a5000 	C:\WINDOWS\system32\ADVAPI32.dll
0x00007ffc52970000 - 0x00007ffc5297a000 	C:\WINDOWS\SYSTEM32\VERSION.dll
0x0000000002700000 - 0x00000000029e9000 	C:\Xilinx\14.6\ISE_DS\PlanAhead\lib\win64.o\libCOIN-all.dll
0x00000000029f0000 - 0x0000000002ba5000 	C:\Xilinx\14.6\ISE_DS\PlanAhead\lib\win64.o\libSecurity.dll
0x0000000002bb0000 - 0x0000000002bbf000 	C:\Xilinx\14.6\ISE_DS\PlanAhead\lib\win64.o\libboost_date_time.dll
0x0000000002bc0000 - 0x0000000002be7000 	C:\Xilinx\14.6\ISE_DS\PlanAhead\lib\win64.o\libboost_filesystem.dll
0x0000000002bf0000 - 0x0000000002c61000 	C:\Xilinx\14.6\ISE_DS\PlanAhead\lib\win64.o\libboost_program_options.dll
0x0000000002c70000 - 0x0000000002d1f000 	C:\Xilinx\14.6\ISE_DS\PlanAhead\lib\win64.o\libboost_regex.dll
0x0000000002d20000 - 0x0000000002d29000 	C:\Xilinx\14.6\ISE_DS\PlanAhead\lib\win64.o\libboost_system.dll
0x0000000002d30000 - 0x0000000002d46000 	C:\Xilinx\14.6\ISE_DS\PlanAhead\lib\win64.o\libboost_thread.dll
0x0000000002d50000 - 0x0000000002d93000 	C:\Xilinx\14.6\ISE_DS\PlanAhead\lib\win64.o\libcurl.dll
0x0000000002da0000 - 0x0000000002e23000 	C:\Xilinx\14.6\ISE_DS\PlanAhead\lib\win64.o\libhdlpsolve.dll
0x0000000002e30000 - 0x0000000002ee7000 	C:\Xilinx\14.6\ISE_DS\PlanAhead\lib\win64.o\libhdxml.dll
0x0000000002ef0000 - 0x00000000034330d3 	C:\Xilinx\14.6\ISE_DS\PlanAhead\lib\win64.o\libisl_iostreams.dll
0x0000000003440000 - 0x0000000003469000 	C:\Xilinx\14.6\ISE_DS\PlanAhead\lib\win64.o\libisl_sysinfo.dll
0x00000000649f0000 - 0x000000006510f000 	C:\Xilinx\14.6\ISE_DS\PlanAhead\tps\win64\jre\bin\server\jvm.dll
0x0000000003470000 - 0x0000000003482000 	C:\Xilinx\14.6\ISE_DS\PlanAhead\lib\win64.o\pthreadVC.dll
0x0000000003490000 - 0x00000000034a6000 	C:\Xilinx\14.6\ISE_DS\PlanAhead\lib\win64.o\librdiconfig.dll
0x00000000034b0000 - 0x00000000034ce000 	C:\Xilinx\14.6\ISE_DS\PlanAhead\lib\win64.o\librdizlib.dll
0x0000000010000000 - 0x000000001012a000 	C:\Xilinx\14.6\ISE_DS\PlanAhead\lib\win64.o\tcl85t.dll
0x0000000012000000 - 0x0000000012282000 	C:\Xilinx\14.6\ISE_DS\PlanAhead\lib\win64.o\xerces-c_3_1.dll
0x00007ffc5c6a0000 - 0x00007ffc5c6a7000 	C:\WINDOWS\system32\PSAPI.DLL
0x00007ffc529c0000 - 0x00007ffc52c00000 	C:\WINDOWS\SYSTEM32\WININET.dll
0x00007ffc52560000 - 0x00007ffc52625000 	C:\WINDOWS\SYSTEM32\WINHTTP.dll
0x00007ffc52eb0000 - 0x00007ffc5300f000 	C:\WINDOWS\SYSTEM32\urlmon.dll
0x00007ffc587c0000 - 0x00007ffc587c9000 	C:\WINDOWS\SYSTEM32\WSOCK32.dll
0x0000000065370000 - 0x0000000065443000 	C:\WINDOWS\WinSxS\amd64_microsoft.vc90.crt_1fc8b3b9a1e18e3b_9.0.30729.8387_none_08e793bfa83a89b5\MSVCP90.dll
0x00007ffc5aa90000 - 0x00007ffc5be9f000 	C:\WINDOWS\system32\SHELL32.dll
0x00007ffc5c3a0000 - 0x00007ffc5c3f7000 	C:\WINDOWS\SYSTEM32\sechost.dll
0x00007ffc553b0000 - 0x00007ffc553c5000 	C:\WINDOWS\SYSTEM32\NETAPI32.dll
0x00007ffc5bea0000 - 0x00007ffc5bf3a000 	C:\WINDOWS\system32\COMDLG32.dll
0x00007ffc59f10000 - 0x00007ffc59fb1000 	C:\WINDOWS\WinSxS\amd64_microsoft.windows.common-controls_6595b64144ccf1df_5.82.9600.16384_none_34a8918f959016ea\COMCTL32.dll
0x0000000003570000 - 0x000000000357c000 	C:\Xilinx\14.6\ISE_DS\PlanAhead\lib\win64.o\libboost_chrono.dll
0x00007ffc5c400000 - 0x00007ffc5c458000 	C:\WINDOWS\system32\WS2_32.dll
0x00007ffc5c7b0000 - 0x00007ffc5c80a000 	C:\WINDOWS\system32\WLDAP32.dll
0x00000000035b0000 - 0x00000000035c9000 	C:\Xilinx\14.6\ISE_DS\PlanAhead\lib\win64.o\libboost_iostreams.dll
0x00007ffc50de0000 - 0x00007ffc50dff000 	C:\WINDOWS\SYSTEM32\WINMM.dll
0x00000000651e0000 - 0x00000000652b2000 	C:\WINDOWS\SYSTEM32\MSVCR100.dll
0x00007ffc52c00000 - 0x00007ffc52ea8000 	C:\WINDOWS\SYSTEM32\iertutil.dll
0x00007ffc5a670000 - 0x00007ffc5a7e6000 	C:\WINDOWS\system32\ole32.dll
0x00007ffc590f0000 - 0x00007ffc590fc000 	C:\WINDOWS\SYSTEM32\netutils.dll
0x00007ffc59a50000 - 0x00007ffc59a75000 	C:\WINDOWS\SYSTEM32\srvcli.dll
0x00007ffc55370000 - 0x00007ffc55386000 	C:\WINDOWS\SYSTEM32\wkscli.dll
0x00007ffc5a5a0000 - 0x00007ffc5a5a9000 	C:\WINDOWS\system32\NSI.dll
0x00007ffc50db0000 - 0x00007ffc50dda000 	C:\WINDOWS\SYSTEM32\WINMMBASE.dll
0x00007ffc56ec0000 - 0x00007ffc56f61000 	C:\WINDOWS\SYSTEM32\SHCORE.DLL
0x00007ffc5a010000 - 0x00007ffc5a05a000 	C:\WINDOWS\SYSTEM32\cfgmgr32.dll
0x00007ffc58cd0000 - 0x00007ffc58cf6000 	C:\WINDOWS\SYSTEM32\DEVOBJ.dll
0x0000000005270000 - 0x0000000005563000 	C:\Xilinx\14.6\ISE_DS\PlanAhead\lib\win64.o\librdi_commontasks.dll
0x0000000005c70000 - 0x00000000062b0000 	C:\Xilinx\14.6\ISE_DS\PlanAhead\lib\win64.o\librdi_coretasks.dll
0x00000000062c0000 - 0x0000000006487000 	C:\Xilinx\14.6\ISE_DS\PlanAhead\lib\win64.o\librdi_chipscope.dll
0x0000000006490000 - 0x00000000074b0000 	C:\Xilinx\14.6\ISE_DS\PlanAhead\lib\win64.o\librdi_constraints.dll
0x00000000074b0000 - 0x000000000877c000 	C:\Xilinx\14.6\ISE_DS\PlanAhead\lib\win64.o\librdi_coregen.dll
0x000000000a950000 - 0x000000000dfa1000 	C:\Xilinx\14.6\ISE_DS\PlanAhead\lib\win64.o\librdi_designutils.dll
0x0000000008780000 - 0x000000000935a000 	C:\Xilinx\14.6\ISE_DS\PlanAhead\lib\win64.o\librdi_device.dll
0x0000000009360000 - 0x0000000009674000 	C:\Xilinx\14.6\ISE_DS\PlanAhead\lib\win64.o\librdi_drc.dll
0x0000000009680000 - 0x000000000990e000 	C:\Xilinx\14.6\ISE_DS\PlanAhead\lib\win64.o\librdi_filemgmt.dll
0x0000000009910000 - 0x0000000009ce6000 	C:\Xilinx\14.6\ISE_DS\PlanAhead\lib\win64.o\librdi_netlist.dll
0x000000000dfb0000 - 0x000000000f0d3000 	C:\Xilinx\14.6\ISE_DS\PlanAhead\lib\win64.o\librdi_place.dll
0x0000000009cf0000 - 0x000000000a212000 	C:\Xilinx\14.6\ISE_DS\PlanAhead\lib\win64.o\librdi_power.dll
0x000000000a220000 - 0x000000000a5d3000 	C:\Xilinx\14.6\ISE_DS\PlanAhead\lib\win64.o\librdi_project.dll
0x000000000f0e0000 - 0x000000000f67d000 	C:\Xilinx\14.6\ISE_DS\PlanAhead\lib\win64.o\librdi_rsb.dll
0x000000000f680000 - 0x000000000fa78000 	C:\Xilinx\14.6\ISE_DS\PlanAhead\lib\win64.o\librdi_runs.dll
0x0000000010130000 - 0x0000000010c08000 	C:\Xilinx\14.6\ISE_DS\PlanAhead\lib\win64.o\librdi_timing.dll
0x000000000a5f0000 - 0x000000000a65e000 	C:\Xilinx\14.6\ISE_DS\PlanAhead\lib\win64.o\liblmx6.0.dll
0x000000000a670000 - 0x000000000a678000 	C:\Xilinx\14.6\ISE_DS\PlanAhead\lib\win64.o\libpsta_dllwrapper.dll
0x0000000010c10000 - 0x00000000113df000 	C:\Xilinx\14.6\ISE_DS\PlanAhead\lib\win64.o\librdi_coregenipxact.dll
0x00000000113e0000 - 0x0000000011b80000 	C:\Xilinx\14.6\ISE_DS\PlanAhead\lib\win64.o\libverific.dll
0x000000000a6a0000 - 0x000000000a71d000 	C:\Xilinx\14.6\ISE_DS\PlanAhead\lib\win64.o\libboost_serialization.dll
0x000000000fa80000 - 0x000000000ffc4000 	C:\Xilinx\14.6\ISE_DS\PlanAhead\lib\win64.o\librdi_xdm.dll
0x000000000a770000 - 0x000000000a800000 	C:\Xilinx\14.6\ISE_DS\PlanAhead\lib\win64.o\libise.dll
0x0000000012290000 - 0x000000001286c000 	C:\Xilinx\14.6\ISE_DS\PlanAhead\lib\win64.o\librdi_abc_nomp.dll
0x0000000011b80000 - 0x0000000011ca8000 	C:\Xilinx\14.6\ISE_DS\PlanAhead\lib\win64.o\librdi_dlyest.dll
0x000000000a800000 - 0x000000000a81a000 	C:\Xilinx\14.6\ISE_DS\PlanAhead\lib\win64.o\librdi_hmetis.dll
0x00000000651c0000 - 0x00000000651d1000 	C:\WINDOWS\WinSxS\amd64_microsoft.vc90.openmp_1fc8b3b9a1e18e3b_9.0.21022.8_none_a5325551f9d85633\VCOMP90.DLL
0x0000000012870000 - 0x0000000012e5e000 	C:\Xilinx\14.6\ISE_DS\PlanAhead\lib\win64.o\librdi_route.dll
0x0000000011cb0000 - 0x0000000011eda000 	C:\Xilinx\14.6\ISE_DS\PlanAhead\lib\win64.o\librdi_labtools.dll
0x0000000012e60000 - 0x000000001339b000 	C:\Xilinx\14.6\ISE_DS\PlanAhead\lib\win64.o\librdi_memdata.dll
0x00000000133a0000 - 0x0000000014acf000 	C:\Xilinx\14.6\ISE_DS\PlanAhead\lib\win64.o\librdi_synth.dll
0x0000000014ad0000 - 0x0000000014f0e000 	C:\Xilinx\14.6\ISE_DS\PlanAhead\lib\win64.o\librdi_ip.dll
0x0000000011ee0000 - 0x0000000011f1d000 	C:\Xilinx\14.6\ISE_DS\PlanAhead\lib\win64.o\librdi_simbridge_kernel.dll
0x0000000014f10000 - 0x0000000015386000 	C:\Xilinx\14.6\ISE_DS\PlanAhead\lib\win64.o\librdi_wavedata.dll
0x0000000016890000 - 0x0000000018948000 	C:\Xilinx\14.6\ISE_DS\PlanAhead\lib\win64.o\librdi_tcltasks.dll
0x0000000018950000 - 0x0000000018bc4000 	C:\Xilinx\14.6\ISE_DS\PlanAhead\lib\win64.o\librdi_bitstream.dll
0x0000000018bd0000 - 0x0000000018ca4000 	C:\Xilinx\14.6\ISE_DS\PlanAhead\lib\win64.o\librdi_dsp.dll
0x0000000011f80000 - 0x0000000011fee000 	C:\Xilinx\14.6\ISE_DS\PlanAhead\lib\win64.o\librdi_edk.dll
0x0000000018cb0000 - 0x0000000018ebe000 	C:\Xilinx\14.6\ISE_DS\PlanAhead\lib\win64.o\librdi_simdata.dll
0x00000000190f0000 - 0x0000000019246000 	C:\Xilinx\14.6\ISE_DS\PlanAhead\lib\win64.o\librdi_planaheadtasks.dll
0x0000000019260000 - 0x000000001a0a8000 	C:\Xilinx\14.6\ISE_DS\PlanAhead\lib\win64.o\librdi_ipservicestasks.dll
0x00000000651b0000 - 0x00000000651bf000 	C:\Xilinx\14.6\ISE_DS\PlanAhead\tps\win64\jre\bin\verify.dll
0x0000000065180000 - 0x00000000651a8000 	C:\Xilinx\14.6\ISE_DS\PlanAhead\tps\win64\jre\bin\java.dll
0x0000000065160000 - 0x0000000065175000 	C:\Xilinx\14.6\ISE_DS\PlanAhead\tps\win64\jre\bin\zip.dll
0x0000000065140000 - 0x0000000065159000 	C:\Xilinx\14.6\ISE_DS\PlanAhead\tps\win64\jre\bin\net.dll
0x00007ffc596a0000 - 0x00007ffc596f8000 	C:\WINDOWS\system32\mswsock.dll
0x00000000649d0000 - 0x00000000649e1000 	C:\Xilinx\14.6\ISE_DS\PlanAhead\tps\win64\jre\bin\nio.dll
0x0000000027ba0000 - 0x0000000027e86000 	C:\Xilinx\14.6\ISE_DS\PlanAhead\lib\win64.o\librdi_fed.dll
0x0000000027ea0000 - 0x0000000028101000 	C:\Xilinx\14.6\ISE_DS\PlanAhead\lib\win64.o\librdi_guitools.dll
0x0000000028120000 - 0x0000000028127000 	C:\Xilinx\14.6\ISE_DS\PlanAhead\lib\win64.o\librdi_commonx11.dll
0x0000000028240000 - 0x000000002862e000 	C:\Xilinx\14.6\ISE_DS\PlanAhead\lib\win64.o\librdi_rsbtasks.dll
0x0000000028640000 - 0x0000000028889000 	C:\Xilinx\14.6\ISE_DS\PlanAhead\lib\win64.o\librdi_labtoolstasks.dll
0x00000000288a0000 - 0x0000000028a58000 	C:\Xilinx\14.6\ISE_DS\PlanAhead\lib\win64.o\librdi_simtcltasks.dll
0x0000000064830000 - 0x00000000649c3000 	C:\Xilinx\14.6\ISE_DS\PlanAhead\tps\win64\jre\bin\awt.dll
0x00007ffc5c6f0000 - 0x00007ffc5c7a7000 	C:\WINDOWS\system32\OLEAUT32.dll
0x00007ffc58ba0000 - 0x00007ffc58cc2000 	C:\WINDOWS\system32\uxtheme.dll

VM Arguments:
jvm_args: -Dsun.java2d.pmoffscreen=false -Xverify:none -Dswing.aatext=true -XX:-UsePerfData -Djdk.map.althashing.threshold=512 -XX:PermSize=128m -XX:MaxPermSize=128m -XX:NewSize=60m -XX:MaxNewSize=60m -XX:+UseConcMarkSweepGC -XX:+UseParNewGC -XX:+CMSParallelRemarkEnabled -XX:+CMSScavengeBeforeRemark -XX:+UseNUMA -XX:+AggressiveOpts -XX:+UseFastAccessorMethods -XX:+UseFastEmptyMethods -XX:+UseBiasedLocking -XX:+TieredCompilation -Xms128m -Xmx2048m -Xss3m 
java_command: <unknown>
Launcher Type: generic

Environment Variables:
PATH=C:/Xilinx/14.6/ISE_DS/PlanAhead/bin;C:/Xilinx/14.6/ISE_DS/PlanAhead/lib/win64.o;C:/Xilinx/14.6/ISE_DS/PlanAhead/tps/win64/jre/bin/server;C:/Xilinx/14.6/ISE_DS/PlanAhead/tps/win64/jre/bin;C:/Xilinx/14.6/ISE_DS/EDK/bin/nt64;C:/Xilinx/14.6/ISE_DS/EDK/lib/nt64;C:/Xilinx/14.6/ISE_DS/ISE/bin/nt64;C:/Xilinx/14.6/ISE_DS/ISE/lib/nt64;C:/Xilinx/14.6/ISE_DS/common/bin/nt64;C:/Xilinx/14.6/ISE_DS/common/lib/nt64;C:\Xilinx\14.6\ISE_DS\ISE\\lib\nt64;C:\Xilinx\14.6\ISE_DS\ISE\\bin\nt64;C:\Xilinx\14.6\ISE_DS\ISE\bin\nt64;C:\Xilinx\14.6\ISE_DS\ISE\lib\nt64;C:\Xilinx\14.6\ISE_DS\ISE\..\..\..\DocNav;C:\Xilinx\14.6\ISE_DS\PlanAhead\bin;C:\Xilinx\14.6\ISE_DS\EDK\bin\nt64;C:\Xilinx\14.6\ISE_DS\EDK\lib\nt64;C:\Xilinx\14.6\ISE_DS\EDK\gnu\microblaze\nt\bin;C:\Xilinx\14.6\ISE_DS\EDK\gnu\powerpc-eabi\nt\bin;C:\Xilinx\14.6\ISE_DS\EDK\gnuwin\bin;C:\Xilinx\14.6\ISE_DS\EDK\gnu\arm\nt\bin;C:\Xilinx\14.6\ISE_DS\EDK\gnu\microblaze\linux_toolchain\nt64_be\bin;C:\Xilinx\14.6\ISE_DS\EDK\gnu\microblaze\linux_toolchain\nt64_le\bin;C:\Xilinx\14.6\ISE_DS\common\bin\nt64;C:\Xilinx\14.6\ISE_DS\common\lib\nt64;c:\mingw\bin;C:\Python27\Lib\site-packages\PyQt4;C:\WINDOWS\system32;C:\WINDOWS;C:\WINDOWS\System32\Wbem;C:\WINDOWS\System32\WindowsPowerShell\v1.0\;C:\Python27;C:\Python27\Scripts
USERNAME=Franco
OS=Windows_NT
PROCESSOR_IDENTIFIER=Intel64 Family 6 Model 58 Stepping 9, GenuineIntel



---------------  S Y S T E M  ---------------

OS: Windows 7 , 64 bit Build 7600 

CPU:total 4 (2 cores per cpu, 2 threads per core) family 6 model 58 stepping 9, cmov, cx8, fxsr, mmx, sse, sse2, sse3, ssse3, sse4.1, sse4.2, popcnt, avx, ht, tsc, tscinvbit, tscinv

Memory: 4k page, physical 3888668k(1370492k free), swap 7820832k(4491824k free)

vm_info: Java HotSpot(TM) 64-Bit Server VM (23.7-b01) for windows-amd64 JRE (1.7.0_17-b02), built on Mar  1 2013 03:38:30 by "java_re" with unknown MS VC++:1600

time: Wed Nov 27 17:38:00 2013
elapsed time: 7 seconds

