Release 14.6 - xst P.68d (nt64)
Copyright (c) 1995-2013 Xilinx, Inc.  All rights reserved.
--> Parameter TMPDIR set to xst/projnav.tmp


Total REAL time to Xst completion: 1.00 secs
Total CPU time to Xst completion: 1.58 secs
 
--> Parameter xsthdpdir set to xst


Total REAL time to Xst completion: 1.00 secs
Total CPU time to Xst completion: 1.59 secs
 
--> Reading design: ALU_module.prj

TABLE OF CONTENTS
  1) Synthesis Options Summary
  2) HDL Compilation
  3) Design Hierarchy Analysis
  4) HDL Analysis
  5) HDL Synthesis
     5.1) HDL Synthesis Report
  6) Advanced HDL Synthesis
     6.1) Advanced HDL Synthesis Report
  7) Low Level Synthesis
  8) Partition Report
  9) Final Report
	9.1) Device utilization summary
	9.2) Partition Resource Summary
	9.3) TIMING REPORT


=========================================================================
*                      Synthesis Options Summary                        *
=========================================================================
---- Source Parameters
Input File Name                    : "ALU_module.prj"
Input Format                       : mixed
Ignore Synthesis Constraint File   : NO

---- Target Parameters
Output File Name                   : "ALU_module"
Output Format                      : NGC
Target Device                      : xc3s100e-5-cp132

---- Source Options
Top Module Name                    : ALU_module
Automatic FSM Extraction           : YES
FSM Encoding Algorithm             : Auto
Safe Implementation                : No
FSM Style                          : LUT
RAM Extraction                     : Yes
RAM Style                          : Auto
ROM Extraction                     : Yes
Mux Style                          : Auto
Decoder Extraction                 : YES
Priority Encoder Extraction        : Yes
Shift Register Extraction          : YES
Logical Shifter Extraction         : YES
XOR Collapsing                     : YES
ROM Style                          : Auto
Mux Extraction                     : Yes
Resource Sharing                   : YES
Asynchronous To Synchronous        : NO
Multiplier Style                   : Auto
Automatic Register Balancing       : No

---- Target Options
Add IO Buffers                     : YES
Global Maximum Fanout              : 100000
Add Generic Clock Buffer(BUFG)     : 24
Register Duplication               : YES
Slice Packing                      : YES
Optimize Instantiated Primitives   : NO
Use Clock Enable                   : Yes
Use Synchronous Set                : Yes
Use Synchronous Reset              : Yes
Pack IO Registers into IOBs        : Auto
Equivalent register Removal        : YES

---- General Options
Optimization Goal                  : Speed
Optimization Effort                : 1
Keep Hierarchy                     : No
Netlist Hierarchy                  : As_Optimized
RTL Output                         : Yes
Global Optimization                : AllClockNets
Read Cores                         : YES
Write Timing Constraints           : NO
Cross Clock Analysis               : NO
Hierarchy Separator                : /
Bus Delimiter                      : <>
Case Specifier                     : Maintain
Slice Utilization Ratio            : 100
BRAM Utilization Ratio             : 100
Verilog 2001                       : YES
Auto BRAM Packing                  : NO
Slice Utilization Ratio Delta      : 5

=========================================================================


=========================================================================
*                          HDL Compilation                              *
=========================================================================
Compiling verilog file "alu_ff.v" in library work
Module <ALU_module> compiled
No errors in compilation
Analysis of file <"ALU_module.prj"> succeeded.
 

=========================================================================
*                     Design Hierarchy Analysis                         *
=========================================================================
Analyzing hierarchy for module <ALU_module> in library <work> with parameters.
	data_size = "00000000000000000000000000001000"


=========================================================================
*                            HDL Analysis                               *
=========================================================================
Analyzing top module <ALU_module>.
	data_size = 32'sb00000000000000000000000000001000
Module <ALU_module> is correct for synthesis.
 

=========================================================================
*                           HDL Synthesis                               *
=========================================================================

Performing bidirectional port resolution...

Synthesizing Unit <ALU_module>.
    Related source file is "alu_ff.v".
    Found 8-bit register for signal <dataA>.
    Found 8-bit register for signal <dataB>.
    Found 6-bit register for signal <operation>.
    Found 8-bit addsub for signal <result$addsub0000>.
    Found 8-bit shifter arithmetic right for signal <result$shift0002> created at line 50.
    Found 8-bit shifter logical right for signal <result$shift0003> created at line 52.
    Found 8-bit xor2 for signal <result$xor0000> created at line 48.
    Summary:
	inferred  22 D-type flip-flop(s).
	inferred   1 Adder/Subtractor(s).
	inferred   2 Combinational logic shifter(s).
Unit <ALU_module> synthesized.

INFO:Xst:1767 - HDL ADVISOR - Resource sharing has identified that some arithmetic operations in this design can share the same physical resources for reduced device utilization. For improved clock frequency you may try to disable resource sharing.

=========================================================================
HDL Synthesis Report

Macro Statistics
# Adders/Subtractors                                   : 1
 8-bit addsub                                          : 1
# Registers                                            : 3
 6-bit register                                        : 1
 8-bit register                                        : 2
# Logic shifters                                       : 2
 8-bit shifter arithmetic right                        : 1
 8-bit shifter logical right                           : 1
# Xors                                                 : 1
 8-bit xor2                                            : 1

=========================================================================

=========================================================================
*                       Advanced HDL Synthesis                          *
=========================================================================


=========================================================================
Advanced HDL Synthesis Report

Macro Statistics
# Adders/Subtractors                                   : 1
 8-bit addsub                                          : 1
# Registers                                            : 22
 Flip-Flops                                            : 22
# Logic shifters                                       : 2
 8-bit shifter arithmetic right                        : 1
 8-bit shifter logical right                           : 1
# Xors                                                 : 1
 8-bit xor2                                            : 1

=========================================================================

=========================================================================
*                         Low Level Synthesis                           *
=========================================================================
WARNING:Xst:2170 - Unit ALU_module : the following signal(s) form a combinatorial loop: result_shift0000<7>.

Optimizing unit <ALU_module> ...

Mapping all equations...
Building and optimizing final netlist ...
Found area constraint ratio of 100 (+ 5) on block ALU_module, actual ratio is 5.

Final Macro Processing ...

=========================================================================
Final Register Report

Macro Statistics
# Registers                                            : 22
 Flip-Flops                                            : 22

=========================================================================

=========================================================================
*                           Partition Report                            *
=========================================================================

Partition Implementation Status
-------------------------------

  No Partitions were found in this design.

-------------------------------

=========================================================================
*                            Final Report                               *
=========================================================================
Final Results
RTL Top Level Output File Name     : ALU_module.ngr
Top Level Output File Name         : ALU_module
Output Format                      : NGC
Optimization Goal                  : Speed
Keep Hierarchy                     : No

Design Statistics
# IOs                              : 20

Cell Usage :
# BELS                             : 111
#      GND                         : 1
#      LUT2                        : 4
#      LUT3                        : 27
#      LUT4                        : 50
#      MUXCY                       : 7
#      MUXF5                       : 13
#      VCC                         : 1
#      XORCY                       : 8
# FlipFlops/Latches                : 22
#      FDE                         : 22
# Clock Buffers                    : 1
#      BUFGP                       : 1
# IO Buffers                       : 19
#      IBUF                        : 11
#      OBUF                        : 8
=========================================================================

Device utilization summary:
---------------------------

Selected Device : 3s100ecp132-5 

 Number of Slices:                       46  out of    960     4%  
 Number of Slice Flip Flops:             22  out of   1920     1%  
 Number of 4 input LUTs:                 81  out of   1920     4%  
 Number of IOs:                          20
 Number of bonded IOBs:                  20  out of     83    24%  
 Number of GCLKs:                         1  out of     24     4%  

---------------------------
Partition Resource Summary:
---------------------------

  No Partitions were found in this design.

---------------------------


=========================================================================
TIMING REPORT

NOTE: THESE TIMING NUMBERS ARE ONLY A SYNTHESIS ESTIMATE.
      FOR ACCURATE TIMING INFORMATION PLEASE REFER TO THE TRACE REPORT
      GENERATED AFTER PLACE-and-ROUTE.

Clock Information:
------------------
-----------------------------------+------------------------+-------+
Clock Signal                       | Clock buffer(FF name)  | Load  |
-----------------------------------+------------------------+-------+
clk                                | BUFGP                  | 22    |
-----------------------------------+------------------------+-------+

Asynchronous Control Signals Information:
----------------------------------------
No asynchronous control signals found in this design

Timing Summary:
---------------
Speed Grade: -5

   Minimum period: No path found
   Minimum input arrival time before clock: 3.746ns
   Maximum output required time after clock: 12.655ns
   Maximum combinational path delay: No path found

Timing Detail:
--------------
All values displayed in nanoseconds (ns)

=========================================================================
Timing constraint: Default OFFSET IN BEFORE for Clock 'clk'
  Total number of paths / destination ports: 64 / 44
-------------------------------------------------------------------------
Offset:              3.746ns (Levels of Logic = 2)
  Source:            b1 (PAD)
  Destination:       dataB_0 (FF)
  Destination Clock: clk rising

  Data Path: b1 to dataB_0
                                Gate     Net
    Cell:in->out      fanout   Delay   Delay  Logical Name (Net Name)
    ----------------------------------------  ------------
     IBUF:I->O            10   1.106   0.902  b1_IBUF (b1_IBUF)
     LUT2:I0->O            8   0.612   0.643  dataB_not00011 (dataB_not0001)
     FDE:CE                    0.483          dataB_0
    ----------------------------------------
    Total                      3.746ns (2.201ns logic, 1.545ns route)
                                       (58.8% logic, 41.2% route)

=========================================================================
Timing constraint: Default OFFSET OUT AFTER for Clock 'clk'
  Total number of paths / destination ports: 737 / 8
-------------------------------------------------------------------------
Offset:              12.655ns (Levels of Logic = 11)
  Source:            operation_5 (FF)
  Destination:       result<2> (PAD)
  Source Clock:      clk rising

  Data Path: operation_5 to result<2>
                                Gate     Net
    Cell:in->out      fanout   Delay   Delay  Logical Name (Net Name)
    ----------------------------------------  ------------
     FDE:C->Q             17   0.514   1.045  operation_5 (operation_5)
     LUT3:I0->O            1   0.612   0.360  result_mux0000_SW0 (N73)
     LUT4:I3->O            9   0.612   0.727  result_mux0000 (result_mux0000)
     LUT3:I2->O            1   0.612   0.000  Maddsub_result_addsub0000_lut<0> (Maddsub_result_addsub0000_lut<0>)
     MUXCY:S->O            1   0.404   0.000  Maddsub_result_addsub0000_cy<0> (Maddsub_result_addsub0000_cy<0>)
     MUXCY:CI->O           1   0.051   0.000  Maddsub_result_addsub0000_cy<1> (Maddsub_result_addsub0000_cy<1>)
     XORCY:CI->O           1   0.699   0.509  Maddsub_result_addsub0000_xor<2> (result_addsub0000<2>)
     LUT3:I0->O            1   0.612   0.360  result<2>50_SW0 (N85)
     LUT4:I3->O            1   0.612   0.509  result<2>50 (result<2>50)
     LUT3:I0->O            1   0.612   0.000  result<2>1942 (result<2>1941)
     MUXF5:I0->O           1   0.278   0.357  result<2>194_f5 (result_2_OBUF)
     OBUF:I->O                 3.169          result_2_OBUF (result<2>)
    ----------------------------------------
    Total                     12.655ns (8.787ns logic, 3.867ns route)
                                       (69.4% logic, 30.6% route)

=========================================================================


Total REAL time to Xst completion: 16.00 secs
Total CPU time to Xst completion: 16.57 secs
 
--> 

Total memory usage is 260320 kilobytes

Number of errors   :    0 (   0 filtered)
Number of warnings :    1 (   0 filtered)
Number of infos    :    1 (   0 filtered)

