INFO:sim:172 - Generating IP...
Applying current project options...
Finished applying current project options.
WARNING:coreutil - couldn't open "C:/ISE
   Projects/Memoria/ipcore_dir/tmp/_cg/_dbg/xil_607.out": no such file or
   directory
       while executing
   "open ${outFileName} r"
       (procedure "::xilinx::GeneratorUtils::readOutFile" line 17)
       invoked from within
   "::xilinx::GeneratorUtils::readOutFile $componentInstanceID $outFileName"
       (procedure "main" line 40)
       invoked from within
   "main $argc $argv"
       invoked from within
   "return [main $argc $argv]"
       (file
   "C:\Xilinx\14.6\ISE_DS\ISE\coregen\repository\xilinx.com\generators\customiza
   tion_generator_v1_0.tcl" line 58)ERROR:sim - Unable to evaluate Tcl file:
   C:\Xilinx\14.6\ISE_DS\ISE\coregen\repository\xilinx.com\generators\customizat
   ion_generator_v1_0.tcl
ERROR:sim - Failed executing Tcl generator.
ERROR:sim - Failed to generate 'memoria'.  Failed executing Tcl generator.

Wrote CGP file for project 'memoria'.
