#-----------------------------------------------------------
# PlanAhead v14.6 (64-bit)
# Build 269223 by xbuild on Wed Jun  5 11:14:03 MDT 2013
# Start of session at: Wed Aug 28 20:44:43 2013
# Process ID: 10688
# Log file: C:/ISE Projects/TP2_ALU/planAhead_run_5/planAhead.log
# Journal file: C:/ISE Projects/TP2_ALU/planAhead_run_5/planAhead.jou
#-----------------------------------------------------------
INFO: [Common 17-78] Attempting to get a license: PlanAhead
INFO: [Common 17-290] Got license for PlanAhead
INFO: [Device 21-36] Loading parts and site information from C:/Xilinx/14.6/ISE_DS/PlanAhead/data/parts/arch.xml
Parsing RTL primitives file [C:/Xilinx/14.6/ISE_DS/PlanAhead/data/parts/xilinx/rtl/prims/rtl_prims.xml]
Finished parsing RTL primitives file [C:/Xilinx/14.6/ISE_DS/PlanAhead/data/parts/xilinx/rtl/prims/rtl_prims.xml]
start_gui
source {C:/ISE Projects/TP2_ALU/pa.fromHdl.tcl}
# create_project -name TP2_ALU -dir "C:/ISE Projects/TP2_ALU/planAhead_run_5" -part xc3s100ecp132-5
# set_param project.pinAheadLayout yes
# set srcset [get_property srcset [current_run -impl]]
# set_property target_constrs_file "ALU_module.ucf" [current_fileset -constrset]
Adding file 'C:/ISE Projects/TP2_ALU/ALU_module.ucf' to fileset 'constrs_1'
# set hdlfile [add_files [list {ALU_module.v}]]
# set_property file_type Verilog $hdlfile
# set_property library work $hdlfile
# set_property top ALU_module $srcset
# add_files [list {ALU_module.ucf}] -fileset [get_property constrset [current_run]]
# open_rtl_design -part xc3s100ecp132-5
Using Verific elaboration
Parsing VHDL file "C:/Xilinx/14.6/ISE_DS/PlanAhead/data/parts/xilinx/rtl/lib/synplify/synattr.vhd" into library synplify
Analyzing Verilog file "C:/ISE Projects/TP2_ALU/ALU_module.v" into library work
INFO: [Designutils 20-910] Reading macro library C:/Xilinx/14.6/ISE_DS/PlanAhead/data\./parts/xilinx/spartan3e/spartan3e/hd_int_macros.edn
Parsing EDIF File [C:/Xilinx/14.6/ISE_DS/PlanAhead/data\./parts/xilinx/spartan3e/spartan3e/hd_int_macros.edn]
Finished Parsing EDIF File [C:/Xilinx/14.6/ISE_DS/PlanAhead/data\./parts/xilinx/spartan3e/spartan3e/hd_int_macros.edn]
Loading clock regions from C:/Xilinx/14.6/ISE_DS/PlanAhead/data\parts/xilinx/spartan3e/spartan3e/xc3s100e/ClockRegion.xml
Loading clock buffers from C:/Xilinx/14.6/ISE_DS/PlanAhead/data\parts/xilinx/spartan3e/spartan3e/xc3s100e/ClockBuffers.xml
Loading package from C:/Xilinx/14.6/ISE_DS/PlanAhead/data\parts/xilinx/spartan3e/spartan3e/xc3s100e/cp132/Package.xml
Loading io standards from C:/Xilinx/14.6/ISE_DS/PlanAhead/data\./parts/xilinx/spartan3e/IOStandards.xml
INFO: [Device 21-19] Loading pkg sso from C:/Xilinx/14.6/ISE_DS/PlanAhead/data\parts/xilinx/spartan3e/spartan3e/xc3s100e/cp132/SSORules.xml
Loading list of drcs for the architecture : C:/Xilinx/14.6/ISE_DS/PlanAhead/data\./parts/xilinx/spartan3e/spartan3e/drc.xml
INFO: [Timing 38-77] Reading timing library C:/Xilinx/14.6/ISE_DS/PlanAhead/data\parts/xilinx/spartan3e/spartan3e/spartan3e-5.lib.
INFO: [Timing 38-34] Done reading timing library C:/Xilinx/14.6/ISE_DS/PlanAhead/data\parts/xilinx/spartan3e/spartan3e/spartan3e-5.lib.
Parsing UCF File [C:/ISE Projects/TP2_ALU/ALU_module.ucf]
Finished Parsing UCF File [C:/ISE Projects/TP2_ALU/ALU_module.ucf]
INFO: [Project 1-111] Unisim Transformation Summary:
No Unisim elements were transformed.

Phase 0 | Netlist Checksum: 9494c5a6
open_rtl_design: Time (s): elapsed = 00:00:06 . Memory (MB): peak = 535.320 ; gain = 134.738
update_compile_order -fileset sim_1
set_property package_pin "" [get_ports [list  {result[7]}]]
set_property package_pin "" [get_ports [list  {result[7]}]]
set_property iostandard LVCMOS25 [get_ports [list {dataA[6]}]]
set_property package_pin "" [get_ports [list  {dataA[6]}]]
startgroup
set_property package_pin N3 [get_ports {dataA[0]}]
endgroup
startgroup
set_property package_pin E2 [get_ports {dataA[1]}]
endgroup
startgroup
set_property package_pin F3 [get_ports {dataA[2]}]
endgroup
startgroup
set_property package_pin G3 [get_ports {dataA[3]}]
endgroup
startgroup
set_property package_pin B4 [get_ports {dataB[0]}]
endgroup
startgroup
set_property package_pin K3 [get_ports {dataB[1]}]
endgroup
startgroup
set_property package_pin L3 [get_ports {dataB[2]}]
endgroup
startgroup
set_property package_pin P11 [get_ports {dataB[3]}]
endgroup
set_property is_loc_fixed false [get_ports [list  {dataB[3]}]]
set_property is_loc_fixed true [get_ports [list  {dataB[3]}]]
save_constraints
startgroup
set_property package_pin M5 [get_ports {result[7]}]
endgroup
startgroup
set_property package_pin M11 [get_ports {result[6]}]
endgroup
startgroup
set_property package_pin P7 [get_ports {result[5]}]
endgroup
set_property package_pin "" [get_ports [list  {result[3]}]]
set_property package_pin "" [get_ports [list  {result[2]}]]
set_property package_pin "" [get_ports [list  {result[3]}]]
startgroup
set_property package_pin P6 [get_ports {result[4]}]
endgroup
startgroup
set_property package_pin N5 [get_ports {result[3]}]
endgroup
startgroup
set_property package_pin N4 [get_ports {result[2]}]
endgroup
startgroup
set_property package_pin P4 [get_ports {result[1]}]
endgroup
startgroup
set_property package_pin G1 [get_ports {result[0]}]
endgroup
save_constraints
exit
ERROR: [PlanAhead 12-106] *** Exception: ui.h.b: Found deleted key in HTclEventBroker. Verify if the classes listed here call cleanup()
HTclEvent: DEBUG_PORT_CONFIG_CHANGE   Classes: ui.views.aR 
HTclEvent: SIGNAL_BUS_MODIFY   Classes: ui.views.aR 
HTclEvent: DEBUG_CORE_CONFIG_CHANGE   Classes: ui.views.aR 
HTclEvent: SIGNAL_MODIFY   Classes: ui.views.aR 
 (See C:/ISE Projects/TP2_ALU\planAhead_pid10688.debug)
ERROR: [Common 17-39] 'stop_gui' failed due to earlier errors.
INFO: [Common 17-206] Exiting PlanAhead at Wed Aug 28 20:54:17 2013...
INFO: [Common 17-83] Releasing license: PlanAhead
